CRITICAL - 2023-01-13 09:55:28 --> Cannot modify header information - headers already sent
in SYSTEMPATH/HTTP/ResponseTrait.php on line 749.
 1 [internal function]: CodeIgniter\Debug\Exceptions->errorHandler(2, 'Cannot modify header information - headers already sent', 'SYSTEMPATH/HTTP/ResponseTrait.php', 749, [...])
 2 SYSTEMPATH/HTTP/ResponseTrait.php(749): setcookie('ci_session', 't8t6mntc138lnc0uqg8slhm14u8gssc1', [...])
 3 SYSTEMPATH/HTTP/ResponseTrait.php(725): CodeIgniter\HTTP\Response->doSetCookie('ci_session', 't8t6mntc138lnc0uqg8slhm14u8gssc1', [...])
 4 SYSTEMPATH/HTTP/ResponseTrait.php(705): CodeIgniter\HTTP\Response->dispatchCookies()
 5 SYSTEMPATH/HTTP/ResponseTrait.php(445): CodeIgniter\HTTP\Response->sendCookies()
 6 SYSTEMPATH/CodeIgniter.php(1076): CodeIgniter\HTTP\Response->send()
 7 SYSTEMPATH/CodeIgniter.php(510): CodeIgniter\CodeIgniter->sendResponse()
 8 SYSTEMPATH/CodeIgniter.php(340): CodeIgniter\CodeIgniter->handleRequest(null, Object(Config\Cache), false)
 9 FCPATH/index.php(55): CodeIgniter\CodeIgniter->run()
10 SYSTEMPATH/Commands/Server/rewrite.php(43): require_once('FCPATH/index.php')
CRITICAL - 2023-01-13 09:55:28 --> Uncaught ErrorException: Cannot modify header information - headers already sent in /Users/ivan/Codeigniter/umsu-academy/vendor/codeigniter4/framework/system/HTTP/ResponseTrait.php:749
Stack trace:
#0 [internal function]: CodeIgniter\Debug\Exceptions->errorHandler(2, 'Cannot modify h...', '/Users/ivan/Cod...', 749, Array)
#1 /Users/ivan/Codeigniter/umsu-academy/vendor/codeigniter4/framework/system/HTTP/ResponseTrait.php(749): setcookie('ci_session', 't8t6mntc138lnc0...', Array)
#2 /Users/ivan/Codeigniter/umsu-academy/vendor/codeigniter4/framework/system/HTTP/ResponseTrait.php(725): CodeIgniter\HTTP\Response->doSetCookie('ci_session', 't8t6mntc138lnc0...', Array)
#3 /Users/ivan/Codeigniter/umsu-academy/vendor/codeigniter4/framework/system/HTTP/ResponseTrait.php(705): CodeIgniter\HTTP\Response->dispatchCookies()
#4 /Users/ivan/Codeigniter/umsu-academy/vendor/codeigniter4/framework/system/HTTP/ResponseTrait.php(445): CodeIgniter\HTTP\Response->sendCookies()
#5 /Users/ivan/Codeigniter/umsu-academy/vendor/codeigni
in SYSTEMPATH/HTTP/ResponseTrait.php on line 749.
 1 [internal function]: CodeIgniter\Debug\Exceptions->shutdownHandler()
ERROR - 2023-01-13 09:56:00 --> ErrorException: pg_query(): Query failed: ERROR:  cannot call json_array_elements on a scalar
CONTEXT:  SQL statement &quot;SELECT
		keu_tagihan.&quot;tagihId&quot; AS &quot;idTagihan&quot;,
		keu_tagihan.&quot;tagihKodeBayar&quot; AS &quot;kodeBayar&quot;,
		keu_tagihan.&quot;tagihMahasiswaNpm&quot; AS &quot;mahasiswaNpm&quot;,
		(detail-&gt;&gt;'item')::INT AS &quot;jenisBiayaId&quot;,
		(json_line_item-&gt;&gt;'tahap')::INT AS &quot;tahap&quot;,
		ref_jenis_biaya.&quot;refJenisBiayaKode&quot; AS &quot;jenisBiayaKode&quot;,
		ref_jenis_biaya.&quot;refJenisBiayaNama&quot; AS &quot;jenisBiayaNama&quot;,
		(SELECT concat('')::varchar) AS &quot;mkNama&quot;,
		((detail -&gt;&gt;'nominal')::BIGINT) - ((detail-&gt;&gt;'diskon')::INT) AS &quot;nominal&quot;,
		(json_line_item-&gt;&gt;'tanggalMulai')::TIMESTAMP AS &quot;startDate&quot;,
		(json_line_item-&gt;&gt;'tanggalSelesai')::TIMESTAMP AS &quot;endDate&quot;,
		(json_line_item-&gt;&gt;'tahunAjar') ::INT AS &quot;tahunAjarId&quot;,
		(SELECT dt_tahun_ajaran.&quot;tahunAjaranNama&quot; FROM dt_tahun_ajaran WHERE dt_tahun_ajaran.&quot;tahunAjaranId&quot; = (json_line_item-&gt;&gt;'tahunAjar') ::INT) AS &quot;tahunAjar&quot;,
		(json_line_item-&gt;&gt;'isForceToPay')::BIT AS &quot;forceToPay&quot;,
		(detail-&gt;&gt;'diskon')::INT AS &quot;diskon&quot;,
		CASE WHEN ((detail-&gt;&gt;'diskon')::INT = 0) THEN 0 ELSE (SELECT &quot;refJenisDiskonPersen&quot; FROM ref_jenis_diskon WHERE &quot;refJenisDiskonId&quot; = 1) END AS &quot;diskonPersen&quot;
FROM
	keu_tagihan,
	LATERAL JSON_ARRAY_ELEMENTS ( keu_tagihan.&quot;tagihDetail&quot; -&gt; 'data' ) json_line_item,
	LATERAL JSON_ARRAY_ELEMENTS ( json_line_item -&gt; 'detail' ) detail ( detail )
	LEFT JOIN ref_jenis_biaya ON ref_jenis_biaya.&quot;refJenisBiayaId&quot; = ( detail -&gt;&gt; 'item' ) :: INT 
WHERE
	keu_tagihan.&quot;tagihMahasiswaNpm&quot; = npm 
	AND keu_tagihan.&quot;tagihTahun&quot; = tahun 
	AND ( json_line_item -&gt;&gt; 'tahap' ) :: INT NOT IN ( SELECT payment.&quot;tahap&quot; FROM function_tampil_payment_all_mhs_tahun(npm,tahun) payment) 
	OR ( json_line_item -&gt;&gt; 'tanggalMulai' ) :: TIMESTAMP &lt;= NOW( ) 
	AND keu_tagihan.&quot;tagihMahasiswaNpm&quot; = npm 
	AND keu_tagihan.&quot;tagihTahun&quot; = tahun 
	AND ( json_line_item -&gt;&gt; 'tahap' ) :: INT NOT IN (SELECT payment.&quot;tahap&quot; from function_tampil_payment_all_mhs_tahun(npm,tahun) payment)
	UNION ALL
SELECT
    keu_tagihan_lain.&quot;tagihLainId&quot; AS &quot;idTagihan&quot;,
		keu_tagihan_lain.&quot;tagihLainKodeBayar&quot; AS &quot;kodeBayar&quot;,
		keu_tagihan_lain.&quot;tagihLainMahasiswaNpm&quot; AS &quot;mahasiswaNpm&quot;,
		keu_tagihan_lain.&quot;tagihLainJenisBiayaId&quot; AS &quot;jenisBiayaId&quot;,
		keu_tagihan_lain.&quot;tagihLainTahapBayar&quot; AS &quot;tahap&quot;,
		ref_jenis_biaya.&quot;refJenisBiayaKode&quot; AS &quot;jenisBiayaKode&quot;,
		ref_jenis_biaya.&quot;refJenisBiayaNama&quot; AS &quot;jenisBiayaNama&quot;,
		dt_matkul.&quot;matkulNama&quot; AS &quot;mkNama&quot;,
		(keu_tagihan_lain.&quot;tagihLainNominal&quot;) - (keu_tagihan_lain.&quot;tagihLainDiskon&quot;) AS &quot;nominal&quot;,
		keu_tagihan_lain.&quot;tagihLainTanggalMulai&quot; AS &quot;startDate&quot;,
		keu_tagihan_lain.&quot;tagihLainTanggalSelesai&quot; AS &quot;endDate&quot;,
		dt_tahun_ajaran.&quot;tahunAjaranId&quot; AS &quot;tahunAjarId&quot;,
		dt_tahun_ajaran.&quot;tahunAjaranNama&quot; AS &quot;tahunAjar&quot;,
		keu_tagihan_lain.&quot;tagihLainIsForceToPay&quot; AS &quot;forceToPay&quot;,
		keu_tagihan_lain.&quot;tagihLainDiskon&quot; AS &quot;diskon&quot;,
		CASE WHEN (keu_tagihan_lain.&quot;tagihLainDiskon&quot; = 0) THEN 0 ELSE 0 END AS &quot;diskonPersen&quot;
FROM
	keu_tagihan_lain
	LEFT JOIN dt_tahun_ajaran ON dt_tahun_ajaran.&quot;tahunAjaranId&quot; = keu_tagihan_lain.&quot;tagihLainTahunAjaran&quot;
	LEFT JOIN keu_tarif_biaya_lain ON keu_tarif_biaya_lain.&quot;tarifLainId&quot; = keu_tagihan_lain.&quot;tagihLainJenisBiayaId&quot;
	LEFT JOIN ref_jenis_biaya ON ref_jenis_biaya.&quot;refJenisBiayaId&quot; = keu_tarif_biaya_lain.&quot;tarifLainJenisBiayaId&quot;
	LEFT JOIN setting_matkul_tawarkan ON setting_matkul_tawarkan.&quot;setMatkulTawarId&quot; = keu_tarif_biaya_lain.&quot;tarifLainMatkulTawarId&quot;
	LEFT JOIN setting_matkul_kurikulum ON setting_matkul_kurikulum.&quot;setMatkulKurikulumId&quot; = setting_matkul_tawarkan.&quot;setMatkulTawarMatkulKurikulumId&quot;
	LEFT JOIN dt_matkul ON dt_matkul.&quot;matkulId&quot; = setting_matkul_kurikulum.&quot;setMatkulKurikulumMatkulId&quot;
WHERE
	keu_tagihan_lain.&quot;tagihLainMahasiswaNpm&quot; = npm
	AND dt_tahun_ajaran.&quot;tahunAjaranKode&quot; = tahun AND &quot;tagihLainIsPaid&quot; = '0'
	OR keu_tagihan_lain.&quot;tagihLainTanggalSelesai&quot; &lt;= NOW() AND keu_tagihan_lain.&quot;tagihLainMahasiswaNpm&quot; = npm 
	AND dt_tahun_ajaran.&quot;tahunAjaranKode&quot; = tahun AND &quot;tagihLainIsPaid&quot; = '0'&quot;
PL/pgSQL function function_tampil_tagihan(text,text) line 3 at RETURN QUERY in /Users/ivan/Codeigniter/umsu-academy/vendor/codeigniter4/framework/system/Database/Postgre/Connection.php:140
Stack trace:
#0 [internal function]: CodeIgniter\Debug\Exceptions->errorHandler(2, 'pg_query(): Que...', '/Users/ivan/Cod...', 140, Array)
#1 /Users/ivan/Codeigniter/umsu-academy/vendor/codeigniter4/framework/system/Database/Postgre/Connection.php(140): pg_query(Resource id #16, 'SELECT *\nFROM f...')
#2 /Users/ivan/Codeigniter/umsu-academy/vendor/codeigniter4/framework/system/Database/BaseConnection.php(693): CodeIgniter\Database\Postgre\Connection->execute('SELECT *\nFROM f...')
#3 /Users/ivan/Codeigniter/umsu-academy/vendor/codeigniter4/framework/system/Database/BaseConnection.php(620): CodeIgniter\Database\BaseConnection->simpleQuery('SELECT *\nFROM f...')
#4 /Users/ivan/Codeigniter/umsu-academy/vendor/codeigniter4/framework/system/Database/BaseBuilder.php(1585): CodeIgniter\Database\BaseConnection->query('SELECT *\nFROM f...', Array, false)
#5 /Users/ivan/Codeigniter/umsu-academy/modules/KeuTeller/Models/KeuTellerModel.php(30): CodeIgniter\Database\BaseBuilder->get()
#6 /Users/ivan/Codeigniter/umsu-academy/modules/Mahasiswa/Controllers/Mahasiswa.php(75): Modules\KeuTeller\Models\KeuTellerModel->getTagihan(Array)
#7 /Users/ivan/Codeigniter/umsu-academy/vendor/codeigniter4/framework/system/CodeIgniter.php(898): Modules\Mahasiswa\Controllers\Mahasiswa->index()
#8 /Users/ivan/Codeigniter/umsu-academy/vendor/codeigniter4/framework/system/CodeIgniter.php(457): CodeIgniter\CodeIgniter->runController(Object(Modules\Mahasiswa\Controllers\Mahasiswa))
#9 /Users/ivan/Codeigniter/umsu-academy/vendor/codeigniter4/framework/system/CodeIgniter.php(340): CodeIgniter\CodeIgniter->handleRequest(NULL, Object(Config\Cache), false)
#10 /Users/ivan/Codeigniter/umsu-academy/public/index.php(55): CodeIgniter\CodeIgniter->run()
#11 /Users/ivan/Codeigniter/umsu-academy/vendor/codeigniter4/framework/system/Commands/Server/rewrite.php(43): require_once('/Users/ivan/Cod...')
#12 {main}
CRITICAL - 2023-01-13 09:56:00 --> pg_query(): Query failed: ERROR:  cannot call json_array_elements on a scalar
CONTEXT:  SQL statement &quot;SELECT
		keu_tagihan.&quot;tagihId&quot; AS &quot;idTagihan&quot;,
		keu_tagihan.&quot;tagihKodeBayar&quot; AS &quot;kodeBayar&quot;,
		keu_tagihan.&quot;tagihMahasiswaNpm&quot; AS &quot;mahasiswaNpm&quot;,
		(detail-&gt;&gt;'item')::INT AS &quot;jenisBiayaId&quot;,
		(json_line_item-&gt;&gt;'tahap')::INT AS &quot;tahap&quot;,
		ref_jenis_biaya.&quot;refJenisBiayaKode&quot; AS &quot;jenisBiayaKode&quot;,
		ref_jenis_biaya.&quot;refJenisBiayaNama&quot; AS &quot;jenisBiayaNama&quot;,
		(SELECT concat('')::varchar) AS &quot;mkNama&quot;,
		((detail -&gt;&gt;'nominal')::BIGINT) - ((detail-&gt;&gt;'diskon')::INT) AS &quot;nominal&quot;,
		(json_line_item-&gt;&gt;'tanggalMulai')::TIMESTAMP AS &quot;startDate&quot;,
		(json_line_item-&gt;&gt;'tanggalSelesai')::TIMESTAMP AS &quot;endDate&quot;,
		(json_line_item-&gt;&gt;'tahunAjar') ::INT AS &quot;tahunAjarId&quot;,
		(SELECT dt_tahun_ajaran.&quot;tahunAjaranNama&quot; FROM dt_tahun_ajaran WHERE dt_tahun_ajaran.&quot;tahunAjaranId&quot; = (json_line_item-&gt;&gt;'tahunAjar') ::INT) AS &quot;tahunAjar&quot;,
		(json_line_item-&gt;&gt;'isForceToPay')::BIT AS &quot;forceToPay&quot;,
		(detail-&gt;&gt;'diskon')::INT AS &quot;diskon&quot;,
		CASE WHEN ((detail-&gt;&gt;'diskon')::INT = 0) THEN 0 ELSE (SELECT &quot;refJenisDiskonPersen&quot; FROM ref_jenis_diskon WHERE &quot;refJenisDiskonId&quot; = 1) END AS &quot;diskonPersen&quot;
FROM
	keu_tagihan,
	LATERAL JSON_ARRAY_ELEMENTS ( keu_tagihan.&quot;tagihDetail&quot; -&gt; 'data' ) json_line_item,
	LATERAL JSON_ARRAY_ELEMENTS ( json_line_item -&gt; 'detail' ) detail ( detail )
	LEFT JOIN ref_jenis_biaya ON ref_jenis_biaya.&quot;refJenisBiayaId&quot; = ( detail -&gt;&gt; 'item' ) :: INT 
WHERE
	keu_tagihan.&quot;tagihMahasiswaNpm&quot; = npm 
	AND keu_tagihan.&quot;tagihTahun&quot; = tahun 
	AND ( json_line_item -&gt;&gt; 'tahap' ) :: INT NOT IN ( SELECT payment.&quot;tahap&quot; FROM function_tampil_payment_all_mhs_tahun(npm,tahun) payment) 
	OR ( json_line_item -&gt;&gt; 'tanggalMulai' ) :: TIMESTAMP &lt;= NOW( ) 
	AND keu_tagihan.&quot;tagihMahasiswaNpm&quot; = npm 
	AND keu_tagihan.&quot;tagihTahun&quot; = tahun 
	AND ( json_line_item -&gt;&gt; 'tahap' ) :: INT NOT IN (SELECT payment.&quot;tahap&quot; from function_tampil_payment_all_mhs_tahun(npm,tahun) payment)
	UNION ALL
SELECT
    keu_tagihan_lain.&quot;tagihLainId&quot; AS &quot;idTagihan&quot;,
		keu_tagihan_lain.&quot;tagihLainKodeBayar&quot; AS &quot;kodeBayar&quot;,
		keu_tagihan_lain.&quot;tagihLainMahasiswaNpm&quot; AS &quot;mahasiswaNpm&quot;,
		keu_tagihan_lain.&quot;tagihLainJenisBiayaId&quot; AS &quot;jenisBiayaId&quot;,
		keu_tagihan_lain.&quot;tagihLainTahapBayar&quot; AS &quot;tahap&quot;,
		ref_jenis_biaya.&quot;refJenisBiayaKode&quot; AS &quot;jenisBiayaKode&quot;,
		ref_jenis_biaya.&quot;refJenisBiayaNama&quot; AS &quot;jenisBiayaNama&quot;,
		dt_matkul.&quot;matkulNama&quot; AS &quot;mkNama&quot;,
		(keu_tagihan_lain.&quot;tagihLainNominal&quot;) - (keu_tagihan_lain.&quot;tagihLainDiskon&quot;) AS &quot;nominal&quot;,
		keu_tagihan_lain.&quot;tagihLainTanggalMulai&quot; AS &quot;startDate&quot;,
		keu_tagihan_lain.&quot;tagihLainTanggalSelesai&quot; AS &quot;endDate&quot;,
		dt_tahun_ajaran.&quot;tahunAjaranId&quot; AS &quot;tahunAjarId&quot;,
		dt_tahun_ajaran.&quot;tahunAjaranNama&quot; AS &quot;tahunAjar&quot;,
		keu_tagihan_lain.&quot;tagihLainIsForceToPay&quot; AS &quot;forceToPay&quot;,
		keu_tagihan_lain.&quot;tagihLainDiskon&quot; AS &quot;diskon&quot;,
		CASE WHEN (keu_tagihan_lain.&quot;tagihLainDiskon&quot; = 0) THEN 0 ELSE 0 END AS &quot;diskonPersen&quot;
FROM
	keu_tagihan_lain
	LEFT JOIN dt_tahun_ajaran ON dt_tahun_ajaran.&quot;tahunAjaranId&quot; = keu_tagihan_lain.&quot;tagihLainTahunAjaran&quot;
	LEFT JOIN keu_tarif_biaya_lain ON keu_tarif_biaya_lain.&quot;tarifLainId&quot; = keu_tagihan_lain.&quot;tagihLainJenisBiayaId&quot;
	LEFT JOIN ref_jenis_biaya ON ref_jenis_biaya.&quot;refJenisBiayaId&quot; = keu_tarif_biaya_lain.&quot;tarifLainJenisBiayaId&quot;
	LEFT JOIN setting_matkul_tawarkan ON setting_matkul_tawarkan.&quot;setMatkulTawarId&quot; = keu_tarif_biaya_lain.&quot;tarifLainMatkulTawarId&quot;
	LEFT JOIN setting_matkul_kurikulum ON setting_matkul_kurikulum.&quot;setMatkulKurikulumId&quot; = setting_matkul_tawarkan.&quot;setMatkulTawarMatkulKurikulumId&quot;
	LEFT JOIN dt_matkul ON dt_matkul.&quot;matkulId&quot; = setting_matkul_kurikulum.&quot;setMatkulKurikulumMatkulId&quot;
WHERE
	keu_tagihan_lain.&quot;tagihLainMahasiswaNpm&quot; = npm
	AND dt_tahun_ajaran.&quot;tahunAjaranKode&quot; = tahun AND &quot;tagihLainIsPaid&quot; = '0'
	OR keu_tagihan_lain.&quot;tagihLainTanggalSelesai&quot; &lt;= NOW() AND keu_tagihan_lain.&quot;tagihLainMahasiswaNpm&quot; = npm 
	AND dt_tahun_ajaran.&quot;tahunAjaranKode&quot; = tahun AND &quot;tagihLainIsPaid&quot; = '0'&quot;
PL/pgSQL function function_tampil_tagihan(text,text) line 3 at RETURN QUERY
in SYSTEMPATH/Database/Postgre/Connection.php on line 140.
 1 [internal function]: CodeIgniter\Debug\Exceptions->errorHandler(2, 'pg_query(): Query failed: ERROR:  cannot call json_array_elements on a scalar
CONTEXT:  SQL statement &quot;SELECT
		keu_tagihan.&quot;tagihId&quot; AS &quot;idTagihan&quot;,
		keu_tagihan.&quot;tagihKodeBayar&quot; AS &quot;kodeBayar&quot;,
		keu_tagihan.&quot;tagihMahasiswaNpm&quot; AS &quot;mahasiswaNpm&quot;,
		(detail-&gt;&gt;\'item\')::INT AS &quot;jenisBiayaId&quot;,
		(json_line_item-&gt;&gt;\'tahap\')::INT AS &quot;tahap&quot;,
		ref_jenis_biaya.&quot;refJenisBiayaKode&quot; AS &quot;jenisBiayaKode&quot;,
		ref_jenis_biaya.&quot;refJenisBiayaNama&quot; AS &quot;jenisBiayaNama&quot;,
		(SELECT concat(\'\')::varchar) AS &quot;mkNama&quot;,
		((detail -&gt;&gt;\'nominal\')::BIGINT) - ((detail-&gt;&gt;\'diskon\')::INT) AS &quot;nominal&quot;,
		(json_line_item-&gt;&gt;\'tanggalMulai\')::TIMESTAMP AS &quot;startDate&quot;,
		(json_line_item-&gt;&gt;\'tanggalSelesai\')::TIMESTAMP AS &quot;endDate&quot;,
		(json_line_item-&gt;&gt;\'tahunAjar\') ::INT AS &quot;tahunAjarId&quot;,
		(SELECT dt_tahun_ajaran.&quot;tahunAjaranNama&quot; FROM dt_tahun_ajaran WHERE dt_tahun_ajaran.&quot;tahunAjaranId&quot; = (json_line_item-&gt;&gt;\'tahunAjar\') ::INT) AS &quot;tahunAjar&quot;,
		(json_line_item-&gt;&gt;\'isForceToPay\')::BIT AS &quot;forceToPay&quot;,
		(detail-&gt;&gt;\'diskon\')::INT AS &quot;diskon&quot;,
		CASE WHEN ((detail-&gt;&gt;\'diskon\')::INT = 0) THEN 0 ELSE (SELECT &quot;refJenisDiskonPersen&quot; FROM ref_jenis_diskon WHERE &quot;refJenisDiskonId&quot; = 1) END AS &quot;diskonPersen&quot;
FROM
	keu_tagihan,
	LATERAL JSON_ARRAY_ELEMENTS ( keu_tagihan.&quot;tagihDetail&quot; -&gt; \'data\' ) json_line_item,
	LATERAL JSON_ARRAY_ELEMENTS ( json_line_item -&gt; \'detail\' ) detail ( detail )
	LEFT JOIN ref_jenis_biaya ON ref_jenis_biaya.&quot;refJenisBiayaId&quot; = ( detail -&gt;&gt; \'item\' ) :: INT 
WHERE
	keu_tagihan.&quot;tagihMahasiswaNpm&quot; = npm 
	AND keu_tagihan.&quot;tagihTahun&quot; = tahun 
	AND ( json_line_item -&gt;&gt; \'tahap\' ) :: INT NOT IN ( SELECT payment.&quot;tahap&quot; FROM function_tampil_payment_all_mhs_tahun(npm,tahun) payment) 
	OR ( json_line_item -&gt;&gt; \'tanggalMulai\' ) :: TIMESTAMP &lt;= NOW( ) 
	AND keu_tagihan.&quot;tagihMahasiswaNpm&quot; = npm 
	AND keu_tagihan.&quot;tagihTahun&quot; = tahun 
	AND ( json_line_item -&gt;&gt; \'tahap\' ) :: INT NOT IN (SELECT payment.&quot;tahap&quot; from function_tampil_payment_all_mhs_tahun(npm,tahun) payment)
	UNION ALL
SELECT
    keu_tagihan_lain.&quot;tagihLainId&quot; AS &quot;idTagihan&quot;,
		keu_tagihan_lain.&quot;tagihLainKodeBayar&quot; AS &quot;kodeBayar&quot;,
		keu_tagihan_lain.&quot;tagihLainMahasiswaNpm&quot; AS &quot;mahasiswaNpm&quot;,
		keu_tagihan_lain.&quot;tagihLainJenisBiayaId&quot; AS &quot;jenisBiayaId&quot;,
		keu_tagihan_lain.&quot;tagihLainTahapBayar&quot; AS &quot;tahap&quot;,
		ref_jenis_biaya.&quot;refJenisBiayaKode&quot; AS &quot;jenisBiayaKode&quot;,
		ref_jenis_biaya.&quot;refJenisBiayaNama&quot; AS &quot;jenisBiayaNama&quot;,
		dt_matkul.&quot;matkulNama&quot; AS &quot;mkNama&quot;,
		(keu_tagihan_lain.&quot;tagihLainNominal&quot;) - (keu_tagihan_lain.&quot;tagihLainDiskon&quot;) AS &quot;nominal&quot;,
		keu_tagihan_lain.&quot;tagihLainTanggalMulai&quot; AS &quot;startDate&quot;,
		keu_tagihan_lain.&quot;tagihLainTanggalSelesai&quot; AS &quot;endDate&quot;,
		dt_tahun_ajaran.&quot;tahunAjaranId&quot; AS &quot;tahunAjarId&quot;,
		dt_tahun_ajaran.&quot;tahunAjaranNama&quot; AS &quot;tahunAjar&quot;,
		keu_tagihan_lain.&quot;tagihLainIsForceToPay&quot; AS &quot;forceToPay&quot;,
		keu_tagihan_lain.&quot;tagihLainDiskon&quot; AS &quot;diskon&quot;,
		CASE WHEN (keu_tagihan_lain.&quot;tagihLainDiskon&quot; = 0) THEN 0 ELSE 0 END AS &quot;diskonPersen&quot;
FROM
	keu_tagihan_lain
	LEFT JOIN dt_tahun_ajaran ON dt_tahun_ajaran.&quot;tahunAjaranId&quot; = keu_tagihan_lain.&quot;tagihLainTahunAjaran&quot;
	LEFT JOIN keu_tarif_biaya_lain ON keu_tarif_biaya_lain.&quot;tarifLainId&quot; = keu_tagihan_lain.&quot;tagihLainJenisBiayaId&quot;
	LEFT JOIN ref_jenis_biaya ON ref_jenis_biaya.&quot;refJenisBiayaId&quot; = keu_tarif_biaya_lain.&quot;tarifLainJenisBiayaId&quot;
	LEFT JOIN setting_matkul_tawarkan ON setting_matkul_tawarkan.&quot;setMatkulTawarId&quot; = keu_tarif_biaya_lain.&quot;tarifLainMatkulTawarId&quot;
	LEFT JOIN setting_matkul_kurikulum ON setting_matkul_kurikulum.&quot;setMatkulKurikulumId&quot; = setting_matkul_tawarkan.&quot;setMatkulTawarMatkulKurikulumId&quot;
	LEFT JOIN dt_matkul ON dt_matkul.&quot;matkulId&quot; = setting_matkul_kurikulum.&quot;setMatkulKurikulumMatkulId&quot;
WHERE
	keu_tagihan_lain.&quot;tagihLainMahasiswaNpm&quot; = npm
	AND dt_tahun_ajaran.&quot;tahunAjaranKode&quot; = tahun AND &quot;tagihLainIsPaid&quot; = \'0\'
	OR keu_tagihan_lain.&quot;tagihLainTanggalSelesai&quot; &lt;= NOW() AND keu_tagihan_lain.&quot;tagihLainMahasiswaNpm&quot; = npm 
	AND dt_tahun_ajaran.&quot;tahunAjaranKode&quot; = tahun AND &quot;tagihLainIsPaid&quot; = \'0\'&quot;
PL/pgSQL function function_tampil_tagihan(text,text) line 3 at RETURN QUERY', 'SYSTEMPATH/Database/Postgre/Connection.php', 140, [...])
 2 SYSTEMPATH/Database/Postgre/Connection.php(140): pg_query(resource (pgsql link), 'SELECT *
FROM function_tampil_tagihan(\'2220060001\', \'2022\')
ORDER BY "tahap" ASC')
 3 SYSTEMPATH/Database/BaseConnection.php(693): CodeIgniter\Database\Postgre\Connection->execute('SELECT *
FROM function_tampil_tagihan(\'2220060001\', \'2022\')
ORDER BY "tahap" ASC')
 4 SYSTEMPATH/Database/BaseConnection.php(620): CodeIgniter\Database\BaseConnection->simpleQuery('SELECT *
FROM function_tampil_tagihan(\'2220060001\', \'2022\')
ORDER BY "tahap" ASC')
 5 SYSTEMPATH/Database/BaseBuilder.php(1585): CodeIgniter\Database\BaseConnection->query('SELECT *
FROM function_tampil_tagihan(\'2220060001\', \'2022\')
ORDER BY "tahap" ASC', [], false)
 6 ROOTPATH/modules/KeuTeller/Models/KeuTellerModel.php(30): CodeIgniter\Database\BaseBuilder->get()
 7 ROOTPATH/modules/Mahasiswa/Controllers/Mahasiswa.php(75): Modules\KeuTeller\Models\KeuTellerModel->getTagihan([...])
 8 SYSTEMPATH/CodeIgniter.php(898): Modules\Mahasiswa\Controllers\Mahasiswa->index()
 9 SYSTEMPATH/CodeIgniter.php(457): CodeIgniter\CodeIgniter->runController(Object(Modules\Mahasiswa\Controllers\Mahasiswa))
10 SYSTEMPATH/CodeIgniter.php(340): CodeIgniter\CodeIgniter->handleRequest(null, Object(Config\Cache), false)
11 FCPATH/index.php(55): CodeIgniter\CodeIgniter->run()
12 SYSTEMPATH/Commands/Server/rewrite.php(43): require_once('FCPATH/index.php')
CRITICAL - 2023-01-13 10:41:02 --> Cannot modify header information - headers already sent
in SYSTEMPATH/HTTP/ResponseTrait.php on line 749.
 1 [internal function]: CodeIgniter\Debug\Exceptions->errorHandler(2, 'Cannot modify header information - headers already sent', 'SYSTEMPATH/HTTP/ResponseTrait.php', 749, [...])
 2 SYSTEMPATH/HTTP/ResponseTrait.php(749): setcookie('ci_session', 't8t6mntc138lnc0uqg8slhm14u8gssc1', [...])
 3 SYSTEMPATH/HTTP/ResponseTrait.php(725): CodeIgniter\HTTP\Response->doSetCookie('ci_session', 't8t6mntc138lnc0uqg8slhm14u8gssc1', [...])
 4 SYSTEMPATH/HTTP/ResponseTrait.php(705): CodeIgniter\HTTP\Response->dispatchCookies()
 5 SYSTEMPATH/HTTP/ResponseTrait.php(445): CodeIgniter\HTTP\Response->sendCookies()
 6 SYSTEMPATH/CodeIgniter.php(1076): CodeIgniter\HTTP\Response->send()
 7 SYSTEMPATH/CodeIgniter.php(510): CodeIgniter\CodeIgniter->sendResponse()
 8 SYSTEMPATH/CodeIgniter.php(340): CodeIgniter\CodeIgniter->handleRequest(null, Object(Config\Cache), false)
 9 FCPATH/index.php(55): CodeIgniter\CodeIgniter->run()
10 SYSTEMPATH/Commands/Server/rewrite.php(43): require_once('FCPATH/index.php')
CRITICAL - 2023-01-13 10:41:02 --> Uncaught ErrorException: Cannot modify header information - headers already sent in /Users/ivan/Codeigniter/umsu-academy/vendor/codeigniter4/framework/system/HTTP/ResponseTrait.php:749
Stack trace:
#0 [internal function]: CodeIgniter\Debug\Exceptions->errorHandler(2, 'Cannot modify h...', '/Users/ivan/Cod...', 749, Array)
#1 /Users/ivan/Codeigniter/umsu-academy/vendor/codeigniter4/framework/system/HTTP/ResponseTrait.php(749): setcookie('ci_session', 't8t6mntc138lnc0...', Array)
#2 /Users/ivan/Codeigniter/umsu-academy/vendor/codeigniter4/framework/system/HTTP/ResponseTrait.php(725): CodeIgniter\HTTP\Response->doSetCookie('ci_session', 't8t6mntc138lnc0...', Array)
#3 /Users/ivan/Codeigniter/umsu-academy/vendor/codeigniter4/framework/system/HTTP/ResponseTrait.php(705): CodeIgniter\HTTP\Response->dispatchCookies()
#4 /Users/ivan/Codeigniter/umsu-academy/vendor/codeigniter4/framework/system/HTTP/ResponseTrait.php(445): CodeIgniter\HTTP\Response->sendCookies()
#5 /Users/ivan/Codeigniter/umsu-academy/vendor/codeigni
in SYSTEMPATH/HTTP/ResponseTrait.php on line 749.
 1 [internal function]: CodeIgniter\Debug\Exceptions->shutdownHandler()
CRITICAL - 2023-01-13 13:46:41 --> Undefined offset: 2
in APPPATH/Helpers/khs_helper.php on line 4.
 1 APPPATH/Helpers/khs_helper.php(4): CodeIgniter\Debug\Exceptions->errorHandler(8, 'Undefined offset: 2', 'APPPATH/Helpers/khs_helper.php', 4, [...])
 2 ROOTPATH/modules/KhsMahasiswa/Views/khsMahasiswa.php(297): getNilaiAngka([...])
 3 SYSTEMPATH/View/View.php(213): include('ROOTPATH/modules/KhsMahasiswa/Views/khsMahasiswa.php')
 4 SYSTEMPATH/View/View.php(216): CodeIgniter\View\View->CodeIgniter\View\{closure}()
 5 SYSTEMPATH/Common.php(1137): CodeIgniter\View\View->render('Modules\\KhsMahasiswa\\Views\\khsMahasiswa', [], true)
 6 ROOTPATH/modules/KhsMahasiswa/Controllers/KhsMahasiswa.php(121): view('Modules\\KhsMahasiswa\\Views\\khsMahasiswa', [...])
 7 SYSTEMPATH/CodeIgniter.php(898): Modules\KhsMahasiswa\Controllers\KhsMahasiswa->index()
 8 SYSTEMPATH/CodeIgniter.php(457): CodeIgniter\CodeIgniter->runController(Object(Modules\KhsMahasiswa\Controllers\KhsMahasiswa))
 9 SYSTEMPATH/CodeIgniter.php(340): CodeIgniter\CodeIgniter->handleRequest(null, Object(Config\Cache), false)
10 FCPATH/index.php(55): CodeIgniter\CodeIgniter->run()
11 SYSTEMPATH/Commands/Server/rewrite.php(43): require_once('FCPATH/index.php')
CRITICAL - 2023-01-13 13:46:57 --> Undefined offset: 2
in APPPATH/Helpers/khs_helper.php on line 4.
 1 APPPATH/Helpers/khs_helper.php(4): CodeIgniter\Debug\Exceptions->errorHandler(8, 'Undefined offset: 2', 'APPPATH/Helpers/khs_helper.php', 4, [...])
 2 ROOTPATH/modules/KhsMahasiswa/Views/khsMahasiswa.php(297): getNilaiAngka([...])
 3 SYSTEMPATH/View/View.php(213): include('ROOTPATH/modules/KhsMahasiswa/Views/khsMahasiswa.php')
 4 SYSTEMPATH/View/View.php(216): CodeIgniter\View\View->CodeIgniter\View\{closure}()
 5 SYSTEMPATH/Common.php(1137): CodeIgniter\View\View->render('Modules\\KhsMahasiswa\\Views\\khsMahasiswa', [], true)
 6 ROOTPATH/modules/KhsMahasiswa/Controllers/KhsMahasiswa.php(121): view('Modules\\KhsMahasiswa\\Views\\khsMahasiswa', [...])
 7 SYSTEMPATH/CodeIgniter.php(898): Modules\KhsMahasiswa\Controllers\KhsMahasiswa->index()
 8 SYSTEMPATH/CodeIgniter.php(457): CodeIgniter\CodeIgniter->runController(Object(Modules\KhsMahasiswa\Controllers\KhsMahasiswa))
 9 SYSTEMPATH/CodeIgniter.php(340): CodeIgniter\CodeIgniter->handleRequest(null, Object(Config\Cache), false)
10 FCPATH/index.php(55): CodeIgniter\CodeIgniter->run()
11 SYSTEMPATH/Commands/Server/rewrite.php(43): require_once('FCPATH/index.php')
CRITICAL - 2023-01-13 13:47:32 --> Undefined offset: 2
in APPPATH/Helpers/khs_helper.php on line 4.
 1 APPPATH/Helpers/khs_helper.php(4): CodeIgniter\Debug\Exceptions->errorHandler(8, 'Undefined offset: 2', 'APPPATH/Helpers/khs_helper.php', 4, [...])
 2 ROOTPATH/modules/KhsMahasiswa/Views/khsMahasiswa.php(297): getNilaiAngka([...])
 3 SYSTEMPATH/View/View.php(213): include('ROOTPATH/modules/KhsMahasiswa/Views/khsMahasiswa.php')
 4 SYSTEMPATH/View/View.php(216): CodeIgniter\View\View->CodeIgniter\View\{closure}()
 5 SYSTEMPATH/Common.php(1137): CodeIgniter\View\View->render('Modules\\KhsMahasiswa\\Views\\khsMahasiswa', [], true)
 6 ROOTPATH/modules/KhsMahasiswa/Controllers/KhsMahasiswa.php(121): view('Modules\\KhsMahasiswa\\Views\\khsMahasiswa', [...])
 7 SYSTEMPATH/CodeIgniter.php(898): Modules\KhsMahasiswa\Controllers\KhsMahasiswa->index()
 8 SYSTEMPATH/CodeIgniter.php(457): CodeIgniter\CodeIgniter->runController(Object(Modules\KhsMahasiswa\Controllers\KhsMahasiswa))
 9 SYSTEMPATH/CodeIgniter.php(340): CodeIgniter\CodeIgniter->handleRequest(null, Object(Config\Cache), false)
10 FCPATH/index.php(55): CodeIgniter\CodeIgniter->run()
11 SYSTEMPATH/Commands/Server/rewrite.php(43): require_once('FCPATH/index.php')
CRITICAL - 2023-01-13 13:49:14 --> Undefined offset: 2
in APPPATH/Helpers/khs_helper.php on line 4.
 1 APPPATH/Helpers/khs_helper.php(4): CodeIgniter\Debug\Exceptions->errorHandler(8, 'Undefined offset: 2', 'APPPATH/Helpers/khs_helper.php', 4, [...])
 2 ROOTPATH/modules/KhsMahasiswa/Views/khsMahasiswa.php(297): getNilaiAngka([...])
 3 SYSTEMPATH/View/View.php(213): include('ROOTPATH/modules/KhsMahasiswa/Views/khsMahasiswa.php')
 4 SYSTEMPATH/View/View.php(216): CodeIgniter\View\View->CodeIgniter\View\{closure}()
 5 SYSTEMPATH/Common.php(1137): CodeIgniter\View\View->render('Modules\\KhsMahasiswa\\Views\\khsMahasiswa', [], true)
 6 ROOTPATH/modules/KhsMahasiswa/Controllers/KhsMahasiswa.php(121): view('Modules\\KhsMahasiswa\\Views\\khsMahasiswa', [...])
 7 SYSTEMPATH/CodeIgniter.php(898): Modules\KhsMahasiswa\Controllers\KhsMahasiswa->index()
 8 SYSTEMPATH/CodeIgniter.php(457): CodeIgniter\CodeIgniter->runController(Object(Modules\KhsMahasiswa\Controllers\KhsMahasiswa))
 9 SYSTEMPATH/CodeIgniter.php(340): CodeIgniter\CodeIgniter->handleRequest(null, Object(Config\Cache), false)
10 FCPATH/index.php(55): CodeIgniter\CodeIgniter->run()
11 SYSTEMPATH/Commands/Server/rewrite.php(43): require_once('FCPATH/index.php')
CRITICAL - 2023-01-13 13:49:17 --> Undefined offset: 2
in APPPATH/Helpers/khs_helper.php on line 4.
 1 APPPATH/Helpers/khs_helper.php(4): CodeIgniter\Debug\Exceptions->errorHandler(8, 'Undefined offset: 2', 'APPPATH/Helpers/khs_helper.php', 4, [...])
 2 ROOTPATH/modules/KhsMahasiswa/Views/khsMahasiswa.php(297): getNilaiAngka([...])
 3 SYSTEMPATH/View/View.php(213): include('ROOTPATH/modules/KhsMahasiswa/Views/khsMahasiswa.php')
 4 SYSTEMPATH/View/View.php(216): CodeIgniter\View\View->CodeIgniter\View\{closure}()
 5 SYSTEMPATH/Common.php(1137): CodeIgniter\View\View->render('Modules\\KhsMahasiswa\\Views\\khsMahasiswa', [], true)
 6 ROOTPATH/modules/KhsMahasiswa/Controllers/KhsMahasiswa.php(121): view('Modules\\KhsMahasiswa\\Views\\khsMahasiswa', [...])
 7 SYSTEMPATH/CodeIgniter.php(898): Modules\KhsMahasiswa\Controllers\KhsMahasiswa->index()
 8 SYSTEMPATH/CodeIgniter.php(457): CodeIgniter\CodeIgniter->runController(Object(Modules\KhsMahasiswa\Controllers\KhsMahasiswa))
 9 SYSTEMPATH/CodeIgniter.php(340): CodeIgniter\CodeIgniter->handleRequest(null, Object(Config\Cache), false)
10 FCPATH/index.php(55): CodeIgniter\CodeIgniter->run()
11 SYSTEMPATH/Commands/Server/rewrite.php(43): require_once('FCPATH/index.php')
CRITICAL - 2023-01-13 13:50:19 --> Undefined offset: 2
in APPPATH/Helpers/khs_helper.php on line 4.
 1 APPPATH/Helpers/khs_helper.php(4): CodeIgniter\Debug\Exceptions->errorHandler(8, 'Undefined offset: 2', 'APPPATH/Helpers/khs_helper.php', 4, [...])
 2 ROOTPATH/modules/KhsMahasiswa/Views/khsMahasiswa.php(297): getNilaiAngka([...])
 3 SYSTEMPATH/View/View.php(213): include('ROOTPATH/modules/KhsMahasiswa/Views/khsMahasiswa.php')
 4 SYSTEMPATH/View/View.php(216): CodeIgniter\View\View->CodeIgniter\View\{closure}()
 5 SYSTEMPATH/Common.php(1137): CodeIgniter\View\View->render('Modules\\KhsMahasiswa\\Views\\khsMahasiswa', [], true)
 6 ROOTPATH/modules/KhsMahasiswa/Controllers/KhsMahasiswa.php(121): view('Modules\\KhsMahasiswa\\Views\\khsMahasiswa', [...])
 7 SYSTEMPATH/CodeIgniter.php(898): Modules\KhsMahasiswa\Controllers\KhsMahasiswa->index()
 8 SYSTEMPATH/CodeIgniter.php(457): CodeIgniter\CodeIgniter->runController(Object(Modules\KhsMahasiswa\Controllers\KhsMahasiswa))
 9 SYSTEMPATH/CodeIgniter.php(340): CodeIgniter\CodeIgniter->handleRequest(null, Object(Config\Cache), false)
10 FCPATH/index.php(55): CodeIgniter\CodeIgniter->run()
11 SYSTEMPATH/Commands/Server/rewrite.php(43): require_once('FCPATH/index.php')
CRITICAL - 2023-01-13 13:50:22 --> Undefined offset: 2
in APPPATH/Helpers/khs_helper.php on line 4.
 1 APPPATH/Helpers/khs_helper.php(4): CodeIgniter\Debug\Exceptions->errorHandler(8, 'Undefined offset: 2', 'APPPATH/Helpers/khs_helper.php', 4, [...])
 2 ROOTPATH/modules/KhsMahasiswa/Views/khsMahasiswa.php(297): getNilaiAngka([...])
 3 SYSTEMPATH/View/View.php(213): include('ROOTPATH/modules/KhsMahasiswa/Views/khsMahasiswa.php')
 4 SYSTEMPATH/View/View.php(216): CodeIgniter\View\View->CodeIgniter\View\{closure}()
 5 SYSTEMPATH/Common.php(1137): CodeIgniter\View\View->render('Modules\\KhsMahasiswa\\Views\\khsMahasiswa', [], true)
 6 ROOTPATH/modules/KhsMahasiswa/Controllers/KhsMahasiswa.php(121): view('Modules\\KhsMahasiswa\\Views\\khsMahasiswa', [...])
 7 SYSTEMPATH/CodeIgniter.php(898): Modules\KhsMahasiswa\Controllers\KhsMahasiswa->index()
 8 SYSTEMPATH/CodeIgniter.php(457): CodeIgniter\CodeIgniter->runController(Object(Modules\KhsMahasiswa\Controllers\KhsMahasiswa))
 9 SYSTEMPATH/CodeIgniter.php(340): CodeIgniter\CodeIgniter->handleRequest(null, Object(Config\Cache), false)
10 FCPATH/index.php(55): CodeIgniter\CodeIgniter->run()
11 SYSTEMPATH/Commands/Server/rewrite.php(43): require_once('FCPATH/index.php')
CRITICAL - 2023-01-13 13:51:43 --> Invalid argument supplied for foreach()
in APPPATH/Helpers/khs_helper.php on line 4.
 1 APPPATH/Helpers/khs_helper.php(4): CodeIgniter\Debug\Exceptions->errorHandler(2, 'Invalid argument supplied for foreach()', 'APPPATH/Helpers/khs_helper.php', 4, [...])
 2 ROOTPATH/modules/KhsMahasiswa/Views/khsMahasiswa.php(297): getNilaiAngka([...])
 3 SYSTEMPATH/View/View.php(213): include('ROOTPATH/modules/KhsMahasiswa/Views/khsMahasiswa.php')
 4 SYSTEMPATH/View/View.php(216): CodeIgniter\View\View->CodeIgniter\View\{closure}()
 5 SYSTEMPATH/Common.php(1137): CodeIgniter\View\View->render('Modules\\KhsMahasiswa\\Views\\khsMahasiswa', [], true)
 6 ROOTPATH/modules/KhsMahasiswa/Controllers/KhsMahasiswa.php(121): view('Modules\\KhsMahasiswa\\Views\\khsMahasiswa', [...])
 7 SYSTEMPATH/CodeIgniter.php(898): Modules\KhsMahasiswa\Controllers\KhsMahasiswa->index()
 8 SYSTEMPATH/CodeIgniter.php(457): CodeIgniter\CodeIgniter->runController(Object(Modules\KhsMahasiswa\Controllers\KhsMahasiswa))
 9 SYSTEMPATH/CodeIgniter.php(340): CodeIgniter\CodeIgniter->handleRequest(null, Object(Config\Cache), false)
10 FCPATH/index.php(55): CodeIgniter\CodeIgniter->run()
11 SYSTEMPATH/Commands/Server/rewrite.php(43): require_once('FCPATH/index.php')
CRITICAL - 2023-01-13 13:55:23 --> Undefined variable: result
in APPPATH/Helpers/khs_helper.php on line 9.
 1 APPPATH/Helpers/khs_helper.php(9): CodeIgniter\Debug\Exceptions->errorHandler(8, 'Undefined variable: result', 'APPPATH/Helpers/khs_helper.php', 9, [...])
 2 ROOTPATH/modules/KhsMahasiswa/Views/khsMahasiswa.php(297): getNilaiAngka([...])
 3 SYSTEMPATH/View/View.php(213): include('ROOTPATH/modules/KhsMahasiswa/Views/khsMahasiswa.php')
 4 SYSTEMPATH/View/View.php(216): CodeIgniter\View\View->CodeIgniter\View\{closure}()
 5 SYSTEMPATH/Common.php(1137): CodeIgniter\View\View->render('Modules\\KhsMahasiswa\\Views\\khsMahasiswa', [], true)
 6 ROOTPATH/modules/KhsMahasiswa/Controllers/KhsMahasiswa.php(121): view('Modules\\KhsMahasiswa\\Views\\khsMahasiswa', [...])
 7 SYSTEMPATH/CodeIgniter.php(898): Modules\KhsMahasiswa\Controllers\KhsMahasiswa->index()
 8 SYSTEMPATH/CodeIgniter.php(457): CodeIgniter\CodeIgniter->runController(Object(Modules\KhsMahasiswa\Controllers\KhsMahasiswa))
 9 SYSTEMPATH/CodeIgniter.php(340): CodeIgniter\CodeIgniter->handleRequest(null, Object(Config\Cache), false)
10 FCPATH/index.php(55): CodeIgniter\CodeIgniter->run()
11 SYSTEMPATH/Commands/Server/rewrite.php(43): require_once('FCPATH/index.php')
CRITICAL - 2023-01-13 13:59:56 --> Undefined variable: result
in APPPATH/Helpers/khs_helper.php on line 9.
 1 APPPATH/Helpers/khs_helper.php(9): CodeIgniter\Debug\Exceptions->errorHandler(8, 'Undefined variable: result', 'APPPATH/Helpers/khs_helper.php', 9, [...])
 2 ROOTPATH/modules/KhsMahasiswa/Views/khsMahasiswa.php(297): getNilaiAngka([...])
 3 SYSTEMPATH/View/View.php(213): include('ROOTPATH/modules/KhsMahasiswa/Views/khsMahasiswa.php')
 4 SYSTEMPATH/View/View.php(216): CodeIgniter\View\View->CodeIgniter\View\{closure}()
 5 SYSTEMPATH/Common.php(1137): CodeIgniter\View\View->render('Modules\\KhsMahasiswa\\Views\\khsMahasiswa', [], true)
 6 ROOTPATH/modules/KhsMahasiswa/Controllers/KhsMahasiswa.php(121): view('Modules\\KhsMahasiswa\\Views\\khsMahasiswa', [...])
 7 SYSTEMPATH/CodeIgniter.php(898): Modules\KhsMahasiswa\Controllers\KhsMahasiswa->index()
 8 SYSTEMPATH/CodeIgniter.php(457): CodeIgniter\CodeIgniter->runController(Object(Modules\KhsMahasiswa\Controllers\KhsMahasiswa))
 9 SYSTEMPATH/CodeIgniter.php(340): CodeIgniter\CodeIgniter->handleRequest(null, Object(Config\Cache), false)
10 FCPATH/index.php(55): CodeIgniter\CodeIgniter->run()
11 SYSTEMPATH/Commands/Server/rewrite.php(43): require_once('FCPATH/index.php')
CRITICAL - 2023-01-13 14:00:43 --> Undefined offset: 0
in ROOTPATH/modules/KhsMahasiswa/Views/khsMahasiswa.php on line 297.
 1 ROOTPATH/modules/KhsMahasiswa/Views/khsMahasiswa.php(297): CodeIgniter\Debug\Exceptions->errorHandler(8, 'Undefined offset: 0', 'ROOTPATH/modules/KhsMahasiswa/Views/khsMahasiswa.php', 297, [...])
 2 SYSTEMPATH/View/View.php(213): include('ROOTPATH/modules/KhsMahasiswa/Views/khsMahasiswa.php')
 3 SYSTEMPATH/View/View.php(216): CodeIgniter\View\View->CodeIgniter\View\{closure}()
 4 SYSTEMPATH/Common.php(1137): CodeIgniter\View\View->render('Modules\\KhsMahasiswa\\Views\\khsMahasiswa', [], true)
 5 ROOTPATH/modules/KhsMahasiswa/Controllers/KhsMahasiswa.php(121): view('Modules\\KhsMahasiswa\\Views\\khsMahasiswa', [...])
 6 SYSTEMPATH/CodeIgniter.php(898): Modules\KhsMahasiswa\Controllers\KhsMahasiswa->index()
 7 SYSTEMPATH/CodeIgniter.php(457): CodeIgniter\CodeIgniter->runController(Object(Modules\KhsMahasiswa\Controllers\KhsMahasiswa))
 8 SYSTEMPATH/CodeIgniter.php(340): CodeIgniter\CodeIgniter->handleRequest(null, Object(Config\Cache), false)
 9 FCPATH/index.php(55): CodeIgniter\CodeIgniter->run()
10 SYSTEMPATH/Commands/Server/rewrite.php(43): require_once('FCPATH/index.php')
CRITICAL - 2023-01-13 14:09:03 --> Undefined offset: 0
in ROOTPATH/modules/KhsMahasiswa/Views/khsMahasiswa.php on line 297.
 1 ROOTPATH/modules/KhsMahasiswa/Views/khsMahasiswa.php(297): CodeIgniter\Debug\Exceptions->errorHandler(8, 'Undefined offset: 0', 'ROOTPATH/modules/KhsMahasiswa/Views/khsMahasiswa.php', 297, [...])
 2 SYSTEMPATH/View/View.php(213): include('ROOTPATH/modules/KhsMahasiswa/Views/khsMahasiswa.php')
 3 SYSTEMPATH/View/View.php(216): CodeIgniter\View\View->CodeIgniter\View\{closure}()
 4 SYSTEMPATH/Common.php(1137): CodeIgniter\View\View->render('Modules\\KhsMahasiswa\\Views\\khsMahasiswa', [], true)
 5 ROOTPATH/modules/KhsMahasiswa/Controllers/KhsMahasiswa.php(121): view('Modules\\KhsMahasiswa\\Views\\khsMahasiswa', [...])
 6 SYSTEMPATH/CodeIgniter.php(898): Modules\KhsMahasiswa\Controllers\KhsMahasiswa->index()
 7 SYSTEMPATH/CodeIgniter.php(457): CodeIgniter\CodeIgniter->runController(Object(Modules\KhsMahasiswa\Controllers\KhsMahasiswa))
 8 SYSTEMPATH/CodeIgniter.php(340): CodeIgniter\CodeIgniter->handleRequest(null, Object(Config\Cache), false)
 9 FCPATH/index.php(55): CodeIgniter\CodeIgniter->run()
10 SYSTEMPATH/Commands/Server/rewrite.php(43): require_once('FCPATH/index.php')
CRITICAL - 2023-01-13 14:09:37 --> Undefined offset: 0
in ROOTPATH/modules/KhsMahasiswa/Views/khsMahasiswa.php on line 297.
 1 ROOTPATH/modules/KhsMahasiswa/Views/khsMahasiswa.php(297): CodeIgniter\Debug\Exceptions->errorHandler(8, 'Undefined offset: 0', 'ROOTPATH/modules/KhsMahasiswa/Views/khsMahasiswa.php', 297, [...])
 2 SYSTEMPATH/View/View.php(213): include('ROOTPATH/modules/KhsMahasiswa/Views/khsMahasiswa.php')
 3 SYSTEMPATH/View/View.php(216): CodeIgniter\View\View->CodeIgniter\View\{closure}()
 4 SYSTEMPATH/Common.php(1137): CodeIgniter\View\View->render('Modules\\KhsMahasiswa\\Views\\khsMahasiswa', [], true)
 5 ROOTPATH/modules/KhsMahasiswa/Controllers/KhsMahasiswa.php(121): view('Modules\\KhsMahasiswa\\Views\\khsMahasiswa', [...])
 6 SYSTEMPATH/CodeIgniter.php(898): Modules\KhsMahasiswa\Controllers\KhsMahasiswa->index()
 7 SYSTEMPATH/CodeIgniter.php(457): CodeIgniter\CodeIgniter->runController(Object(Modules\KhsMahasiswa\Controllers\KhsMahasiswa))
 8 SYSTEMPATH/CodeIgniter.php(340): CodeIgniter\CodeIgniter->handleRequest(null, Object(Config\Cache), false)
 9 FCPATH/index.php(55): CodeIgniter\CodeIgniter->run()
10 SYSTEMPATH/Commands/Server/rewrite.php(43): require_once('FCPATH/index.php')
CRITICAL - 2023-01-13 14:10:58 --> Undefined offset: 2
in APPPATH/Helpers/khs_helper.php on line 5.
 1 APPPATH/Helpers/khs_helper.php(5): CodeIgniter\Debug\Exceptions->errorHandler(8, 'Undefined offset: 2', 'APPPATH/Helpers/khs_helper.php', 5, [...])
 2 ROOTPATH/modules/KhsMahasiswa/Views/khsMahasiswa.php(298): getNilaiAngka([...])
 3 SYSTEMPATH/View/View.php(213): include('ROOTPATH/modules/KhsMahasiswa/Views/khsMahasiswa.php')
 4 SYSTEMPATH/View/View.php(216): CodeIgniter\View\View->CodeIgniter\View\{closure}()
 5 SYSTEMPATH/Common.php(1137): CodeIgniter\View\View->render('Modules\\KhsMahasiswa\\Views\\khsMahasiswa', [], true)
 6 ROOTPATH/modules/KhsMahasiswa/Controllers/KhsMahasiswa.php(121): view('Modules\\KhsMahasiswa\\Views\\khsMahasiswa', [...])
 7 SYSTEMPATH/CodeIgniter.php(898): Modules\KhsMahasiswa\Controllers\KhsMahasiswa->index()
 8 SYSTEMPATH/CodeIgniter.php(457): CodeIgniter\CodeIgniter->runController(Object(Modules\KhsMahasiswa\Controllers\KhsMahasiswa))
 9 SYSTEMPATH/CodeIgniter.php(340): CodeIgniter\CodeIgniter->handleRequest(null, Object(Config\Cache), false)
10 FCPATH/index.php(55): CodeIgniter\CodeIgniter->run()
11 SYSTEMPATH/Commands/Server/rewrite.php(43): require_once('FCPATH/index.php')
CRITICAL - 2023-01-13 14:14:28 --> Undefined offset: 0
in ROOTPATH/modules/KhsMahasiswa/Views/khsMahasiswa.php on line 298.
 1 ROOTPATH/modules/KhsMahasiswa/Views/khsMahasiswa.php(298): CodeIgniter\Debug\Exceptions->errorHandler(8, 'Undefined offset: 0', 'ROOTPATH/modules/KhsMahasiswa/Views/khsMahasiswa.php', 298, [...])
 2 SYSTEMPATH/View/View.php(213): include('ROOTPATH/modules/KhsMahasiswa/Views/khsMahasiswa.php')
 3 SYSTEMPATH/View/View.php(216): CodeIgniter\View\View->CodeIgniter\View\{closure}()
 4 SYSTEMPATH/Common.php(1137): CodeIgniter\View\View->render('Modules\\KhsMahasiswa\\Views\\khsMahasiswa', [], true)
 5 ROOTPATH/modules/KhsMahasiswa/Controllers/KhsMahasiswa.php(121): view('Modules\\KhsMahasiswa\\Views\\khsMahasiswa', [...])
 6 SYSTEMPATH/CodeIgniter.php(898): Modules\KhsMahasiswa\Controllers\KhsMahasiswa->index()
 7 SYSTEMPATH/CodeIgniter.php(457): CodeIgniter\CodeIgniter->runController(Object(Modules\KhsMahasiswa\Controllers\KhsMahasiswa))
 8 SYSTEMPATH/CodeIgniter.php(340): CodeIgniter\CodeIgniter->handleRequest(null, Object(Config\Cache), false)
 9 FCPATH/index.php(55): CodeIgniter\CodeIgniter->run()
10 SYSTEMPATH/Commands/Server/rewrite.php(43): require_once('FCPATH/index.php')
CRITICAL - 2023-01-13 14:20:14 --> Undefined offset: 0
in ROOTPATH/modules/KhsMahasiswa/Views/khsMahasiswa.php on line 299.
 1 ROOTPATH/modules/KhsMahasiswa/Views/khsMahasiswa.php(299): CodeIgniter\Debug\Exceptions->errorHandler(8, 'Undefined offset: 0', 'ROOTPATH/modules/KhsMahasiswa/Views/khsMahasiswa.php', 299, [...])
 2 SYSTEMPATH/View/View.php(213): include('ROOTPATH/modules/KhsMahasiswa/Views/khsMahasiswa.php')
 3 SYSTEMPATH/View/View.php(216): CodeIgniter\View\View->CodeIgniter\View\{closure}()
 4 SYSTEMPATH/Common.php(1137): CodeIgniter\View\View->render('Modules\\KhsMahasiswa\\Views\\khsMahasiswa', [], true)
 5 ROOTPATH/modules/KhsMahasiswa/Controllers/KhsMahasiswa.php(121): view('Modules\\KhsMahasiswa\\Views\\khsMahasiswa', [...])
 6 SYSTEMPATH/CodeIgniter.php(898): Modules\KhsMahasiswa\Controllers\KhsMahasiswa->index()
 7 SYSTEMPATH/CodeIgniter.php(457): CodeIgniter\CodeIgniter->runController(Object(Modules\KhsMahasiswa\Controllers\KhsMahasiswa))
 8 SYSTEMPATH/CodeIgniter.php(340): CodeIgniter\CodeIgniter->handleRequest(null, Object(Config\Cache), false)
 9 FCPATH/index.php(55): CodeIgniter\CodeIgniter->run()
10 SYSTEMPATH/Commands/Server/rewrite.php(43): require_once('FCPATH/index.php')
CRITICAL - 2023-01-13 14:27:10 --> Undefined offset: 0
in ROOTPATH/modules/KhsMahasiswa/Views/khsMahasiswa.php on line 299.
 1 ROOTPATH/modules/KhsMahasiswa/Views/khsMahasiswa.php(299): CodeIgniter\Debug\Exceptions->errorHandler(8, 'Undefined offset: 0', 'ROOTPATH/modules/KhsMahasiswa/Views/khsMahasiswa.php', 299, [...])
 2 SYSTEMPATH/View/View.php(213): include('ROOTPATH/modules/KhsMahasiswa/Views/khsMahasiswa.php')
 3 SYSTEMPATH/View/View.php(216): CodeIgniter\View\View->CodeIgniter\View\{closure}()
 4 SYSTEMPATH/Common.php(1137): CodeIgniter\View\View->render('Modules\\KhsMahasiswa\\Views\\khsMahasiswa', [], true)
 5 ROOTPATH/modules/KhsMahasiswa/Controllers/KhsMahasiswa.php(121): view('Modules\\KhsMahasiswa\\Views\\khsMahasiswa', [...])
 6 SYSTEMPATH/CodeIgniter.php(898): Modules\KhsMahasiswa\Controllers\KhsMahasiswa->index()
 7 SYSTEMPATH/CodeIgniter.php(457): CodeIgniter\CodeIgniter->runController(Object(Modules\KhsMahasiswa\Controllers\KhsMahasiswa))
 8 SYSTEMPATH/CodeIgniter.php(340): CodeIgniter\CodeIgniter->handleRequest(null, Object(Config\Cache), false)
 9 FCPATH/index.php(55): CodeIgniter\CodeIgniter->run()
10 SYSTEMPATH/Commands/Server/rewrite.php(43): require_once('FCPATH/index.php')
CRITICAL - 2023-01-13 14:32:52 --> Trying to get property 'gradeProdiNilaiBobot' of non-object
in ROOTPATH/modules/KhsMahasiswa/Views/khsMahasiswa.php on line 306.
 1 ROOTPATH/modules/KhsMahasiswa/Views/khsMahasiswa.php(306): CodeIgniter\Debug\Exceptions->errorHandler(8, 'Trying to get property \'gradeProdiNilaiBobot\' of non-object', 'ROOTPATH/modules/KhsMahasiswa/Views/khsMahasiswa.php', 306, [...])
 2 SYSTEMPATH/View/View.php(213): include('ROOTPATH/modules/KhsMahasiswa/Views/khsMahasiswa.php')
 3 SYSTEMPATH/View/View.php(216): CodeIgniter\View\View->CodeIgniter\View\{closure}()
 4 SYSTEMPATH/Common.php(1137): CodeIgniter\View\View->render('Modules\\KhsMahasiswa\\Views\\khsMahasiswa', [], true)
 5 ROOTPATH/modules/KhsMahasiswa/Controllers/KhsMahasiswa.php(121): view('Modules\\KhsMahasiswa\\Views\\khsMahasiswa', [...])
 6 SYSTEMPATH/CodeIgniter.php(898): Modules\KhsMahasiswa\Controllers\KhsMahasiswa->index()
 7 SYSTEMPATH/CodeIgniter.php(457): CodeIgniter\CodeIgniter->runController(Object(Modules\KhsMahasiswa\Controllers\KhsMahasiswa))
 8 SYSTEMPATH/CodeIgniter.php(340): CodeIgniter\CodeIgniter->handleRequest(null, Object(Config\Cache), false)
 9 FCPATH/index.php(55): CodeIgniter\CodeIgniter->run()
10 SYSTEMPATH/Commands/Server/rewrite.php(43): require_once('FCPATH/index.php')
CRITICAL - 2023-01-13 14:39:44 --> Undefined offset: 0
in ROOTPATH/modules/KhsMahasiswa/Views/khsMahasiswa.php on line 297.
 1 ROOTPATH/modules/KhsMahasiswa/Views/khsMahasiswa.php(297): CodeIgniter\Debug\Exceptions->errorHandler(8, 'Undefined offset: 0', 'ROOTPATH/modules/KhsMahasiswa/Views/khsMahasiswa.php', 297, [...])
 2 SYSTEMPATH/View/View.php(213): include('ROOTPATH/modules/KhsMahasiswa/Views/khsMahasiswa.php')
 3 SYSTEMPATH/View/View.php(216): CodeIgniter\View\View->CodeIgniter\View\{closure}()
 4 SYSTEMPATH/Common.php(1137): CodeIgniter\View\View->render('Modules\\KhsMahasiswa\\Views\\khsMahasiswa', [], true)
 5 ROOTPATH/modules/KhsMahasiswa/Controllers/KhsMahasiswa.php(121): view('Modules\\KhsMahasiswa\\Views\\khsMahasiswa', [...])
 6 SYSTEMPATH/CodeIgniter.php(898): Modules\KhsMahasiswa\Controllers\KhsMahasiswa->index()
 7 SYSTEMPATH/CodeIgniter.php(457): CodeIgniter\CodeIgniter->runController(Object(Modules\KhsMahasiswa\Controllers\KhsMahasiswa))
 8 SYSTEMPATH/CodeIgniter.php(340): CodeIgniter\CodeIgniter->handleRequest(null, Object(Config\Cache), false)
 9 FCPATH/index.php(55): CodeIgniter\CodeIgniter->run()
10 SYSTEMPATH/Commands/Server/rewrite.php(43): require_once('FCPATH/index.php')
CRITICAL - 2023-01-13 14:42:49 --> Undefined variable: 0
in ROOTPATH/modules/KhsMahasiswa/Views/khsMahasiswa.php on line 303.
 1 ROOTPATH/modules/KhsMahasiswa/Views/khsMahasiswa.php(303): CodeIgniter\Debug\Exceptions->errorHandler(8, 'Undefined variable: 0', 'ROOTPATH/modules/KhsMahasiswa/Views/khsMahasiswa.php', 303, [...])
 2 SYSTEMPATH/View/View.php(213): include('ROOTPATH/modules/KhsMahasiswa/Views/khsMahasiswa.php')
 3 SYSTEMPATH/View/View.php(216): CodeIgniter\View\View->CodeIgniter\View\{closure}()
 4 SYSTEMPATH/Common.php(1137): CodeIgniter\View\View->render('Modules\\KhsMahasiswa\\Views\\khsMahasiswa', [], true)
 5 ROOTPATH/modules/KhsMahasiswa/Controllers/KhsMahasiswa.php(121): view('Modules\\KhsMahasiswa\\Views\\khsMahasiswa', [...])
 6 SYSTEMPATH/CodeIgniter.php(898): Modules\KhsMahasiswa\Controllers\KhsMahasiswa->index()
 7 SYSTEMPATH/CodeIgniter.php(457): CodeIgniter\CodeIgniter->runController(Object(Modules\KhsMahasiswa\Controllers\KhsMahasiswa))
 8 SYSTEMPATH/CodeIgniter.php(340): CodeIgniter\CodeIgniter->handleRequest(null, Object(Config\Cache), false)
 9 FCPATH/index.php(55): CodeIgniter\CodeIgniter->run()
10 SYSTEMPATH/Commands/Server/rewrite.php(43): require_once('FCPATH/index.php')
CRITICAL - 2023-01-13 14:46:55 --> Cannot use object of type stdClass as array
in ROOTPATH/modules/KhsMahasiswa/Views/khsMahasiswa.php on line 297.
 1 SYSTEMPATH/View/View.php(213): include()
 2 SYSTEMPATH/View/View.php(216): CodeIgniter\View\View->CodeIgniter\View\{closure}()
 3 SYSTEMPATH/Common.php(1137): CodeIgniter\View\View->render('Modules\\KhsMahasiswa\\Views\\khsMahasiswa', [], true)
 4 ROOTPATH/modules/KhsMahasiswa/Controllers/KhsMahasiswa.php(121): view('Modules\\KhsMahasiswa\\Views\\khsMahasiswa', [...])
 5 SYSTEMPATH/CodeIgniter.php(898): Modules\KhsMahasiswa\Controllers\KhsMahasiswa->index()
 6 SYSTEMPATH/CodeIgniter.php(457): CodeIgniter\CodeIgniter->runController(Object(Modules\KhsMahasiswa\Controllers\KhsMahasiswa))
 7 SYSTEMPATH/CodeIgniter.php(340): CodeIgniter\CodeIgniter->handleRequest(null, Object(Config\Cache), false)
 8 FCPATH/index.php(55): CodeIgniter\CodeIgniter->run()
 9 SYSTEMPATH/Commands/Server/rewrite.php(43): require_once('FCPATH/index.php')
CRITICAL - 2023-01-13 14:47:10 --> Object of class stdClass could not be converted to string
in ROOTPATH/modules/KhsMahasiswa/Views/khsMahasiswa.php on line 303.
 1 SYSTEMPATH/View/View.php(213): include()
 2 SYSTEMPATH/View/View.php(216): CodeIgniter\View\View->CodeIgniter\View\{closure}()
 3 SYSTEMPATH/Common.php(1137): CodeIgniter\View\View->render('Modules\\KhsMahasiswa\\Views\\khsMahasiswa', [], true)
 4 ROOTPATH/modules/KhsMahasiswa/Controllers/KhsMahasiswa.php(121): view('Modules\\KhsMahasiswa\\Views\\khsMahasiswa', [...])
 5 SYSTEMPATH/CodeIgniter.php(898): Modules\KhsMahasiswa\Controllers\KhsMahasiswa->index()
 6 SYSTEMPATH/CodeIgniter.php(457): CodeIgniter\CodeIgniter->runController(Object(Modules\KhsMahasiswa\Controllers\KhsMahasiswa))
 7 SYSTEMPATH/CodeIgniter.php(340): CodeIgniter\CodeIgniter->handleRequest(null, Object(Config\Cache), false)
 8 FCPATH/index.php(55): CodeIgniter\CodeIgniter->run()
 9 SYSTEMPATH/Commands/Server/rewrite.php(43): require_once('FCPATH/index.php')
