ERROR - 2022-11-22 15:09:07 --> ErrorException: pg_query(): Query failed: ERROR:  relation &quot;seeting_api&quot; does not exist
LINE 2: FROM &quot;seeting_api&quot;
             ^ in /Users/ivan/Codeigniter/umsu-academy/vendor/codeigniter4/framework/system/Database/Postgre/Connection.php:140
Stack trace:
#0 [internal function]: CodeIgniter\Debug\Exceptions->errorHandler(2, 'pg_query(): Que...', '/Users/ivan/Cod...', 140, Array)
#1 /Users/ivan/Codeigniter/umsu-academy/vendor/codeigniter4/framework/system/Database/Postgre/Connection.php(140): pg_query(Resource id #15, 'SELECT *\nFROM "...')
#2 /Users/ivan/Codeigniter/umsu-academy/vendor/codeigniter4/framework/system/Database/BaseConnection.php(693): CodeIgniter\Database\Postgre\Connection->execute('SELECT *\nFROM "...')
#3 /Users/ivan/Codeigniter/umsu-academy/vendor/codeigniter4/framework/system/Database/BaseConnection.php(620): CodeIgniter\Database\BaseConnection->simpleQuery('SELECT *\nFROM "...')
#4 /Users/ivan/Codeigniter/umsu-academy/vendor/codeigniter4/framework/system/Database/BaseBuilder.php(1585): CodeIgniter\Database\BaseConnection->query('SELECT *\nFROM "...', Array, false)
#5 /Users/ivan/Codeigniter/umsu-academy/vendor/codeigniter4/framework/system/Model.php(222): CodeIgniter\Database\BaseBuilder->get()
#6 /Users/ivan/Codeigniter/umsu-academy/vendor/codeigniter4/framework/system/BaseModel.php(584): CodeIgniter\Model->doFindAll(0, 0)
#7 /Users/ivan/Codeigniter/umsu-academy/app/Helpers/curl_helper.php(6): CodeIgniter\BaseModel->findAll()
#8 /Users/ivan/Codeigniter/umsu-academy/modules/Maintenance/Controllers/Maintenance.php(16): getApiInfo()
#9 /Users/ivan/Codeigniter/umsu-academy/vendor/codeigniter4/framework/system/CodeIgniter.php(898): Modules\Maintenance\Controllers\Maintenance->index()
#10 /Users/ivan/Codeigniter/umsu-academy/vendor/codeigniter4/framework/system/CodeIgniter.php(457): CodeIgniter\CodeIgniter->runController(Object(Modules\Maintenance\Controllers\Maintenance))
#11 /Users/ivan/Codeigniter/umsu-academy/vendor/codeigniter4/framework/system/CodeIgniter.php(340): CodeIgniter\CodeIgniter->handleRequest(NULL, Object(Config\Cache), false)
#12 /Users/ivan/Codeigniter/umsu-academy/public/index.php(55): CodeIgniter\CodeIgniter->run()
#13 /Users/ivan/Codeigniter/umsu-academy/vendor/codeigniter4/framework/system/Commands/Server/rewrite.php(43): require_once('/Users/ivan/Cod...')
#14 {main}
CRITICAL - 2022-11-22 15:09:07 --> pg_query(): Query failed: ERROR:  relation &quot;seeting_api&quot; does not exist
LINE 2: FROM &quot;seeting_api&quot;
             ^
in SYSTEMPATH/Database/Postgre/Connection.php on line 140.
 1 [internal function]: CodeIgniter\Debug\Exceptions->errorHandler(2, 'pg_query(): Query failed: ERROR:  relation &quot;seeting_api&quot; does not exist
LINE 2: FROM &quot;seeting_api&quot;
             ^', 'SYSTEMPATH/Database/Postgre/Connection.php', 140, [...])
 2 SYSTEMPATH/Database/Postgre/Connection.php(140): pg_query(resource (pgsql link), 'SELECT *
FROM "seeting_api"')
 3 SYSTEMPATH/Database/BaseConnection.php(693): CodeIgniter\Database\Postgre\Connection->execute('SELECT *
FROM "seeting_api"')
 4 SYSTEMPATH/Database/BaseConnection.php(620): CodeIgniter\Database\BaseConnection->simpleQuery('SELECT *
FROM "seeting_api"')
 5 SYSTEMPATH/Database/BaseBuilder.php(1585): CodeIgniter\Database\BaseConnection->query('SELECT *
FROM "seeting_api"', [], false)
 6 SYSTEMPATH/Model.php(222): CodeIgniter\Database\BaseBuilder->get()
 7 SYSTEMPATH/BaseModel.php(584): CodeIgniter\Model->doFindAll(0, 0)
 8 APPPATH/Helpers/curl_helper.php(6): CodeIgniter\BaseModel->findAll()
 9 ROOTPATH/modules/Maintenance/Controllers/Maintenance.php(16): getApiInfo()
10 SYSTEMPATH/CodeIgniter.php(898): Modules\Maintenance\Controllers\Maintenance->index()
11 SYSTEMPATH/CodeIgniter.php(457): CodeIgniter\CodeIgniter->runController(Object(Modules\Maintenance\Controllers\Maintenance))
12 SYSTEMPATH/CodeIgniter.php(340): CodeIgniter\CodeIgniter->handleRequest(null, Object(Config\Cache), false)
13 FCPATH/index.php(55): CodeIgniter\CodeIgniter->run()
14 SYSTEMPATH/Commands/Server/rewrite.php(43): require_once('FCPATH/index.php')
CRITICAL - 2022-11-22 16:17:12 --> Cannot use object of type stdClass as array
in ROOTPATH/modules/FdrBiodata/Controllers/FdrBiodata.php on line 16.
 1 SYSTEMPATH/CodeIgniter.php(898): Modules\FdrBiodata\Controllers\FdrBiodata->index()
 2 SYSTEMPATH/CodeIgniter.php(457): CodeIgniter\CodeIgniter->runController(Object(Modules\FdrBiodata\Controllers\FdrBiodata))
 3 SYSTEMPATH/CodeIgniter.php(340): CodeIgniter\CodeIgniter->handleRequest(null, Object(Config\Cache), false)
 4 FCPATH/index.php(55): CodeIgniter\CodeIgniter->run()
 5 SYSTEMPATH/Commands/Server/rewrite.php(43): require_once('FCPATH/index.php')
CRITICAL - 2022-11-22 16:17:26 --> Cannot use object of type stdClass as array
in ROOTPATH/modules/FdrBiodata/Controllers/FdrBiodata.php on line 16.
 1 SYSTEMPATH/CodeIgniter.php(898): Modules\FdrBiodata\Controllers\FdrBiodata->index()
 2 SYSTEMPATH/CodeIgniter.php(457): CodeIgniter\CodeIgniter->runController(Object(Modules\FdrBiodata\Controllers\FdrBiodata))
 3 SYSTEMPATH/CodeIgniter.php(340): CodeIgniter\CodeIgniter->handleRequest(null, Object(Config\Cache), false)
 4 FCPATH/index.php(55): CodeIgniter\CodeIgniter->run()
 5 SYSTEMPATH/Commands/Server/rewrite.php(43): require_once('FCPATH/index.php')
CRITICAL - 2022-11-22 16:18:03 --> Cannot use object of type stdClass as array
in ROOTPATH/modules/FdrBiodata/Controllers/FdrBiodata.php on line 17.
 1 SYSTEMPATH/CodeIgniter.php(898): Modules\FdrBiodata\Controllers\FdrBiodata->index()
 2 SYSTEMPATH/CodeIgniter.php(457): CodeIgniter\CodeIgniter->runController(Object(Modules\FdrBiodata\Controllers\FdrBiodata))
 3 SYSTEMPATH/CodeIgniter.php(340): CodeIgniter\CodeIgniter->handleRequest(null, Object(Config\Cache), false)
 4 FCPATH/index.php(55): CodeIgniter\CodeIgniter->run()
 5 SYSTEMPATH/Commands/Server/rewrite.php(43): require_once('FCPATH/index.php')
CRITICAL - 2022-11-22 16:18:23 --> Cannot use object of type stdClass as array
in ROOTPATH/modules/FdrBiodata/Controllers/FdrBiodata.php on line 17.
 1 SYSTEMPATH/CodeIgniter.php(898): Modules\FdrBiodata\Controllers\FdrBiodata->index()
 2 SYSTEMPATH/CodeIgniter.php(457): CodeIgniter\CodeIgniter->runController(Object(Modules\FdrBiodata\Controllers\FdrBiodata))
 3 SYSTEMPATH/CodeIgniter.php(340): CodeIgniter\CodeIgniter->handleRequest(null, Object(Config\Cache), false)
 4 FCPATH/index.php(55): CodeIgniter\CodeIgniter->run()
 5 SYSTEMPATH/Commands/Server/rewrite.php(43): require_once('FCPATH/index.php')
CRITICAL - 2022-11-22 16:53:10 --> Trying to get property 'nama_perguruan_tinggi' of non-object
in ROOTPATH/modules/FdrBiodata/Views/fdrBiodata.php on line 20.
 1 ROOTPATH/modules/FdrBiodata/Views/fdrBiodata.php(20): CodeIgniter\Debug\Exceptions->errorHandler(8, 'Trying to get property \'nama_perguruan_tinggi\' of non-object', 'ROOTPATH/modules/FdrBiodata/Views/fdrBiodata.php', 20, [...])
 2 SYSTEMPATH/View/View.php(213): include('ROOTPATH/modules/FdrBiodata/Views/fdrBiodata.php')
 3 SYSTEMPATH/View/View.php(216): CodeIgniter\View\View->CodeIgniter\View\{closure}()
 4 SYSTEMPATH/Common.php(1137): CodeIgniter\View\View->render('Modules\\FdrBiodata\\Views\\fdrBiodata', [], true)
 5 ROOTPATH/modules/FdrBiodata/Controllers/FdrBiodata.php(32): view('Modules\\FdrBiodata\\Views\\fdrBiodata', [...])
 6 SYSTEMPATH/CodeIgniter.php(898): Modules\FdrBiodata\Controllers\FdrBiodata->index()
 7 SYSTEMPATH/CodeIgniter.php(457): CodeIgniter\CodeIgniter->runController(Object(Modules\FdrBiodata\Controllers\FdrBiodata))
 8 SYSTEMPATH/CodeIgniter.php(340): CodeIgniter\CodeIgniter->handleRequest(null, Object(Config\Cache), false)
 9 FCPATH/index.php(55): CodeIgniter\CodeIgniter->run()
10 SYSTEMPATH/Commands/Server/rewrite.php(43): require_once('FCPATH/index.php')
CRITICAL - 2022-11-22 16:53:29 --> Undefined index: nama_perguruan_tinggi
in ROOTPATH/modules/FdrBiodata/Views/fdrBiodata.php on line 20.
 1 ROOTPATH/modules/FdrBiodata/Views/fdrBiodata.php(20): CodeIgniter\Debug\Exceptions->errorHandler(8, 'Undefined index: nama_perguruan_tinggi', 'ROOTPATH/modules/FdrBiodata/Views/fdrBiodata.php', 20, [...])
 2 SYSTEMPATH/View/View.php(213): include('ROOTPATH/modules/FdrBiodata/Views/fdrBiodata.php')
 3 SYSTEMPATH/View/View.php(216): CodeIgniter\View\View->CodeIgniter\View\{closure}()
 4 SYSTEMPATH/Common.php(1137): CodeIgniter\View\View->render('Modules\\FdrBiodata\\Views\\fdrBiodata', [], true)
 5 ROOTPATH/modules/FdrBiodata/Controllers/FdrBiodata.php(32): view('Modules\\FdrBiodata\\Views\\fdrBiodata', [...])
 6 SYSTEMPATH/CodeIgniter.php(898): Modules\FdrBiodata\Controllers\FdrBiodata->index()
 7 SYSTEMPATH/CodeIgniter.php(457): CodeIgniter\CodeIgniter->runController(Object(Modules\FdrBiodata\Controllers\FdrBiodata))
 8 SYSTEMPATH/CodeIgniter.php(340): CodeIgniter\CodeIgniter->handleRequest(null, Object(Config\Cache), false)
 9 FCPATH/index.php(55): CodeIgniter\CodeIgniter->run()
10 SYSTEMPATH/Commands/Server/rewrite.php(43): require_once('FCPATH/index.php')
CRITICAL - 2022-11-22 16:53:37 --> Cannot use object of type stdClass as array
in ROOTPATH/modules/FdrBiodata/Views/fdrBiodata.php on line 20.
 1 SYSTEMPATH/View/View.php(213): include()
 2 SYSTEMPATH/View/View.php(216): CodeIgniter\View\View->CodeIgniter\View\{closure}()
 3 SYSTEMPATH/Common.php(1137): CodeIgniter\View\View->render('Modules\\FdrBiodata\\Views\\fdrBiodata', [], true)
 4 ROOTPATH/modules/FdrBiodata/Controllers/FdrBiodata.php(32): view('Modules\\FdrBiodata\\Views\\fdrBiodata', [...])
 5 SYSTEMPATH/CodeIgniter.php(898): Modules\FdrBiodata\Controllers\FdrBiodata->index()
 6 SYSTEMPATH/CodeIgniter.php(457): CodeIgniter\CodeIgniter->runController(Object(Modules\FdrBiodata\Controllers\FdrBiodata))
 7 SYSTEMPATH/CodeIgniter.php(340): CodeIgniter\CodeIgniter->handleRequest(null, Object(Config\Cache), false)
 8 FCPATH/index.php(55): CodeIgniter\CodeIgniter->run()
 9 SYSTEMPATH/Commands/Server/rewrite.php(43): require_once('FCPATH/index.php')
CRITICAL - 2022-11-22 17:10:08 --> Invalid argument supplied for foreach()
in ROOTPATH/modules/FdrKrs/Views/fdrKrs.php on line 40.
 1 ROOTPATH/modules/FdrKrs/Views/fdrKrs.php(40): CodeIgniter\Debug\Exceptions->errorHandler(2, 'Invalid argument supplied for foreach()', 'ROOTPATH/modules/FdrKrs/Views/fdrKrs.php', 40, [...])
 2 SYSTEMPATH/View/View.php(213): include('ROOTPATH/modules/FdrKrs/Views/fdrKrs.php')
 3 SYSTEMPATH/View/View.php(216): CodeIgniter\View\View->CodeIgniter\View\{closure}()
 4 SYSTEMPATH/Common.php(1137): CodeIgniter\View\View->render('Modules\\FdrKrs\\Views\\fdrKrs', [], true)
 5 ROOTPATH/modules/FdrKrs/Controllers/FdrKrs.php(29): view('Modules\\FdrKrs\\Views\\fdrKrs', [...])
 6 SYSTEMPATH/CodeIgniter.php(898): Modules\FdrKrs\Controllers\FdrKrs->index()
 7 SYSTEMPATH/CodeIgniter.php(457): CodeIgniter\CodeIgniter->runController(Object(Modules\FdrKrs\Controllers\FdrKrs))
 8 SYSTEMPATH/CodeIgniter.php(340): CodeIgniter\CodeIgniter->handleRequest(null, Object(Config\Cache), false)
 9 FCPATH/index.php(55): CodeIgniter\CodeIgniter->run()
10 SYSTEMPATH/Commands/Server/rewrite.php(43): require_once('FCPATH/index.php')
CRITICAL - 2022-11-22 17:21:00 --> Invalid argument supplied for foreach()
in ROOTPATH/modules/FdrKrs/Views/fdrKrs.php on line 40.
 1 ROOTPATH/modules/FdrKrs/Views/fdrKrs.php(40): CodeIgniter\Debug\Exceptions->errorHandler(2, 'Invalid argument supplied for foreach()', 'ROOTPATH/modules/FdrKrs/Views/fdrKrs.php', 40, [...])
 2 SYSTEMPATH/View/View.php(213): include('ROOTPATH/modules/FdrKrs/Views/fdrKrs.php')
 3 SYSTEMPATH/View/View.php(216): CodeIgniter\View\View->CodeIgniter\View\{closure}()
 4 SYSTEMPATH/Common.php(1137): CodeIgniter\View\View->render('Modules\\FdrKrs\\Views\\fdrKrs', [], true)
 5 ROOTPATH/modules/FdrKrs/Controllers/FdrKrs.php(29): view('Modules\\FdrKrs\\Views\\fdrKrs', [...])
 6 SYSTEMPATH/CodeIgniter.php(898): Modules\FdrKrs\Controllers\FdrKrs->index()
 7 SYSTEMPATH/CodeIgniter.php(457): CodeIgniter\CodeIgniter->runController(Object(Modules\FdrKrs\Controllers\FdrKrs))
 8 SYSTEMPATH/CodeIgniter.php(340): CodeIgniter\CodeIgniter->handleRequest(null, Object(Config\Cache), false)
 9 FCPATH/index.php(55): CodeIgniter\CodeIgniter->run()
10 SYSTEMPATH/Commands/Server/rewrite.php(43): require_once('FCPATH/index.php')
CRITICAL - 2022-11-22 17:52:57 --> Call to a member function paginate() on array
in ROOTPATH/modules/FdrKrs/Controllers/FdrKrs.php on line 29.
 1 SYSTEMPATH/CodeIgniter.php(898): Modules\FdrKrs\Controllers\FdrKrs->index()
 2 SYSTEMPATH/CodeIgniter.php(457): CodeIgniter\CodeIgniter->runController(Object(Modules\FdrKrs\Controllers\FdrKrs))
 3 SYSTEMPATH/CodeIgniter.php(340): CodeIgniter\CodeIgniter->handleRequest(null, Object(Config\Cache), false)
 4 FCPATH/index.php(55): CodeIgniter\CodeIgniter->run()
 5 SYSTEMPATH/Commands/Server/rewrite.php(43): require_once('FCPATH/index.php')
CRITICAL - 2022-11-22 17:53:51 --> Call to a member function paginate() on array
in ROOTPATH/modules/FdrKrs/Controllers/FdrKrs.php on line 29.
 1 SYSTEMPATH/CodeIgniter.php(898): Modules\FdrKrs\Controllers\FdrKrs->index()
 2 SYSTEMPATH/CodeIgniter.php(457): CodeIgniter\CodeIgniter->runController(Object(Modules\FdrKrs\Controllers\FdrKrs))
 3 SYSTEMPATH/CodeIgniter.php(340): CodeIgniter\CodeIgniter->handleRequest(null, Object(Config\Cache), false)
 4 FCPATH/index.php(55): CodeIgniter\CodeIgniter->run()
 5 SYSTEMPATH/Commands/Server/rewrite.php(43): require_once('FCPATH/index.php')
CRITICAL - 2022-11-22 17:57:07 --> Call to undefined method stdClass::paginate()
in ROOTPATH/modules/FdrKrs/Controllers/FdrKrs.php on line 29.
 1 SYSTEMPATH/CodeIgniter.php(898): Modules\FdrKrs\Controllers\FdrKrs->index()
 2 SYSTEMPATH/CodeIgniter.php(457): CodeIgniter\CodeIgniter->runController(Object(Modules\FdrKrs\Controllers\FdrKrs))
 3 SYSTEMPATH/CodeIgniter.php(340): CodeIgniter\CodeIgniter->handleRequest(null, Object(Config\Cache), false)
 4 FCPATH/index.php(55): CodeIgniter\CodeIgniter->run()
 5 SYSTEMPATH/Commands/Server/rewrite.php(43): require_once('FCPATH/index.php')
CRITICAL - 2022-11-22 18:02:36 --> Call to undefined method stdClass::paginate()
in ROOTPATH/modules/FdrKrs/Controllers/FdrKrs.php on line 29.
 1 SYSTEMPATH/CodeIgniter.php(898): Modules\FdrKrs\Controllers\FdrKrs->index()
 2 SYSTEMPATH/CodeIgniter.php(457): CodeIgniter\CodeIgniter->runController(Object(Modules\FdrKrs\Controllers\FdrKrs))
 3 SYSTEMPATH/CodeIgniter.php(340): CodeIgniter\CodeIgniter->handleRequest(null, Object(Config\Cache), false)
 4 FCPATH/index.php(55): CodeIgniter\CodeIgniter->run()
 5 SYSTEMPATH/Commands/Server/rewrite.php(43): require_once('FCPATH/index.php')
CRITICAL - 2022-11-22 18:03:07 --> Trying to get property 'nim' of non-object
in ROOTPATH/modules/FdrKrs/Views/fdrKrs.php on line 43.
 1 ROOTPATH/modules/FdrKrs/Views/fdrKrs.php(43): CodeIgniter\Debug\Exceptions->errorHandler(8, 'Trying to get property \'nim\' of non-object', 'ROOTPATH/modules/FdrKrs/Views/fdrKrs.php', 43, [...])
 2 SYSTEMPATH/View/View.php(213): include('ROOTPATH/modules/FdrKrs/Views/fdrKrs.php')
 3 SYSTEMPATH/View/View.php(216): CodeIgniter\View\View->CodeIgniter\View\{closure}()
 4 SYSTEMPATH/Common.php(1137): CodeIgniter\View\View->render('Modules\\FdrKrs\\Views\\fdrKrs', [], true)
 5 ROOTPATH/modules/FdrKrs/Controllers/FdrKrs.php(30): view('Modules\\FdrKrs\\Views\\fdrKrs', [...])
 6 SYSTEMPATH/CodeIgniter.php(898): Modules\FdrKrs\Controllers\FdrKrs->index()
 7 SYSTEMPATH/CodeIgniter.php(457): CodeIgniter\CodeIgniter->runController(Object(Modules\FdrKrs\Controllers\FdrKrs))
 8 SYSTEMPATH/CodeIgniter.php(340): CodeIgniter\CodeIgniter->handleRequest(null, Object(Config\Cache), false)
 9 FCPATH/index.php(55): CodeIgniter\CodeIgniter->run()
10 SYSTEMPATH/Commands/Server/rewrite.php(43): require_once('FCPATH/index.php')
CRITICAL - 2022-11-22 18:03:27 --> Trying to get property 'nim' of non-object
in ROOTPATH/modules/FdrKrs/Views/fdrKrs.php on line 43.
 1 ROOTPATH/modules/FdrKrs/Views/fdrKrs.php(43): CodeIgniter\Debug\Exceptions->errorHandler(8, 'Trying to get property \'nim\' of non-object', 'ROOTPATH/modules/FdrKrs/Views/fdrKrs.php', 43, [...])
 2 SYSTEMPATH/View/View.php(213): include('ROOTPATH/modules/FdrKrs/Views/fdrKrs.php')
 3 SYSTEMPATH/View/View.php(216): CodeIgniter\View\View->CodeIgniter\View\{closure}()
 4 SYSTEMPATH/Common.php(1137): CodeIgniter\View\View->render('Modules\\FdrKrs\\Views\\fdrKrs', [], true)
 5 ROOTPATH/modules/FdrKrs/Controllers/FdrKrs.php(29): view('Modules\\FdrKrs\\Views\\fdrKrs', [...])
 6 SYSTEMPATH/CodeIgniter.php(898): Modules\FdrKrs\Controllers\FdrKrs->index()
 7 SYSTEMPATH/CodeIgniter.php(457): CodeIgniter\CodeIgniter->runController(Object(Modules\FdrKrs\Controllers\FdrKrs))
 8 SYSTEMPATH/CodeIgniter.php(340): CodeIgniter\CodeIgniter->handleRequest(null, Object(Config\Cache), false)
 9 FCPATH/index.php(55): CodeIgniter\CodeIgniter->run()
10 SYSTEMPATH/Commands/Server/rewrite.php(43): require_once('FCPATH/index.php')
CRITICAL - 2022-11-22 18:04:21 --> Trying to get property 'nim' of non-object
in ROOTPATH/modules/FdrKrs/Views/fdrKrs.php on line 43.
 1 ROOTPATH/modules/FdrKrs/Views/fdrKrs.php(43): CodeIgniter\Debug\Exceptions->errorHandler(8, 'Trying to get property \'nim\' of non-object', 'ROOTPATH/modules/FdrKrs/Views/fdrKrs.php', 43, [...])
 2 SYSTEMPATH/View/View.php(213): include('ROOTPATH/modules/FdrKrs/Views/fdrKrs.php')
 3 SYSTEMPATH/View/View.php(216): CodeIgniter\View\View->CodeIgniter\View\{closure}()
 4 SYSTEMPATH/Common.php(1137): CodeIgniter\View\View->render('Modules\\FdrKrs\\Views\\fdrKrs', [], true)
 5 ROOTPATH/modules/FdrKrs/Controllers/FdrKrs.php(30): view('Modules\\FdrKrs\\Views\\fdrKrs', [...])
 6 SYSTEMPATH/CodeIgniter.php(898): Modules\FdrKrs\Controllers\FdrKrs->index()
 7 SYSTEMPATH/CodeIgniter.php(457): CodeIgniter\CodeIgniter->runController(Object(Modules\FdrKrs\Controllers\FdrKrs))
 8 SYSTEMPATH/CodeIgniter.php(340): CodeIgniter\CodeIgniter->handleRequest(null, Object(Config\Cache), false)
 9 FCPATH/index.php(55): CodeIgniter\CodeIgniter->run()
10 SYSTEMPATH/Commands/Server/rewrite.php(43): require_once('FCPATH/index.php')
CRITICAL - 2022-11-22 18:06:08 --> Trying to get property 'nim' of non-object
in ROOTPATH/modules/FdrKrs/Views/fdrKrs.php on line 43.
 1 ROOTPATH/modules/FdrKrs/Views/fdrKrs.php(43): CodeIgniter\Debug\Exceptions->errorHandler(8, 'Trying to get property \'nim\' of non-object', 'ROOTPATH/modules/FdrKrs/Views/fdrKrs.php', 43, [...])
 2 SYSTEMPATH/View/View.php(213): include('ROOTPATH/modules/FdrKrs/Views/fdrKrs.php')
 3 SYSTEMPATH/View/View.php(216): CodeIgniter\View\View->CodeIgniter\View\{closure}()
 4 SYSTEMPATH/Common.php(1137): CodeIgniter\View\View->render('Modules\\FdrKrs\\Views\\fdrKrs', [], true)
 5 ROOTPATH/modules/FdrKrs/Controllers/FdrKrs.php(29): view('Modules\\FdrKrs\\Views\\fdrKrs', [...])
 6 SYSTEMPATH/CodeIgniter.php(898): Modules\FdrKrs\Controllers\FdrKrs->index()
 7 SYSTEMPATH/CodeIgniter.php(457): CodeIgniter\CodeIgniter->runController(Object(Modules\FdrKrs\Controllers\FdrKrs))
 8 SYSTEMPATH/CodeIgniter.php(340): CodeIgniter\CodeIgniter->handleRequest(null, Object(Config\Cache), false)
 9 FCPATH/index.php(55): CodeIgniter\CodeIgniter->run()
10 SYSTEMPATH/Commands/Server/rewrite.php(43): require_once('FCPATH/index.php')
CRITICAL - 2022-11-22 18:07:35 --> Invalid argument supplied for foreach()
in ROOTPATH/modules/FdrKrs/Views/fdrKrs.php on line 40.
 1 ROOTPATH/modules/FdrKrs/Views/fdrKrs.php(40): CodeIgniter\Debug\Exceptions->errorHandler(2, 'Invalid argument supplied for foreach()', 'ROOTPATH/modules/FdrKrs/Views/fdrKrs.php', 40, [...])
 2 SYSTEMPATH/View/View.php(213): include('ROOTPATH/modules/FdrKrs/Views/fdrKrs.php')
 3 SYSTEMPATH/View/View.php(216): CodeIgniter\View\View->CodeIgniter\View\{closure}()
 4 SYSTEMPATH/Common.php(1137): CodeIgniter\View\View->render('Modules\\FdrKrs\\Views\\fdrKrs', [], true)
 5 ROOTPATH/modules/FdrKrs/Controllers/FdrKrs.php(30): view('Modules\\FdrKrs\\Views\\fdrKrs', [...])
 6 SYSTEMPATH/CodeIgniter.php(898): Modules\FdrKrs\Controllers\FdrKrs->index()
 7 SYSTEMPATH/CodeIgniter.php(457): CodeIgniter\CodeIgniter->runController(Object(Modules\FdrKrs\Controllers\FdrKrs))
 8 SYSTEMPATH/CodeIgniter.php(340): CodeIgniter\CodeIgniter->handleRequest(null, Object(Config\Cache), false)
 9 FCPATH/index.php(55): CodeIgniter\CodeIgniter->run()
10 SYSTEMPATH/Commands/Server/rewrite.php(43): require_once('FCPATH/index.php')
CRITICAL - 2022-11-22 18:08:16 --> Invalid argument supplied for foreach()
in ROOTPATH/modules/FdrKrs/Views/fdrKrs.php on line 40.
 1 ROOTPATH/modules/FdrKrs/Views/fdrKrs.php(40): CodeIgniter\Debug\Exceptions->errorHandler(2, 'Invalid argument supplied for foreach()', 'ROOTPATH/modules/FdrKrs/Views/fdrKrs.php', 40, [...])
 2 SYSTEMPATH/View/View.php(213): include('ROOTPATH/modules/FdrKrs/Views/fdrKrs.php')
 3 SYSTEMPATH/View/View.php(216): CodeIgniter\View\View->CodeIgniter\View\{closure}()
 4 SYSTEMPATH/Common.php(1137): CodeIgniter\View\View->render('Modules\\FdrKrs\\Views\\fdrKrs', [], true)
 5 ROOTPATH/modules/FdrKrs/Controllers/FdrKrs.php(30): view('Modules\\FdrKrs\\Views\\fdrKrs', [...])
 6 SYSTEMPATH/CodeIgniter.php(898): Modules\FdrKrs\Controllers\FdrKrs->index()
 7 SYSTEMPATH/CodeIgniter.php(457): CodeIgniter\CodeIgniter->runController(Object(Modules\FdrKrs\Controllers\FdrKrs))
 8 SYSTEMPATH/CodeIgniter.php(340): CodeIgniter\CodeIgniter->handleRequest(null, Object(Config\Cache), false)
 9 FCPATH/index.php(55): CodeIgniter\CodeIgniter->run()
10 SYSTEMPATH/Commands/Server/rewrite.php(43): require_once('FCPATH/index.php')
