CRITICAL - 2022-11-23 08:50:16 --> Undefined property: stdClass::$jurusan
in ROOTPATH/modules/FdrKrs/Views/fdrKrs.php on line 45.
 1 ROOTPATH/modules/FdrKrs/Views/fdrKrs.php(45): CodeIgniter\Debug\Exceptions->errorHandler(8, 'Undefined property: stdClass::$jurusan', 'ROOTPATH/modules/FdrKrs/Views/fdrKrs.php', 45, [...])
 2 SYSTEMPATH/View/View.php(213): include('ROOTPATH/modules/FdrKrs/Views/fdrKrs.php')
 3 SYSTEMPATH/View/View.php(216): CodeIgniter\View\View->CodeIgniter\View\{closure}()
 4 SYSTEMPATH/Common.php(1137): CodeIgniter\View\View->render('Modules\\FdrKrs\\Views\\fdrKrs', [], true)
 5 ROOTPATH/modules/FdrKrs/Controllers/FdrKrs.php(30): view('Modules\\FdrKrs\\Views\\fdrKrs', [...])
 6 SYSTEMPATH/CodeIgniter.php(898): Modules\FdrKrs\Controllers\FdrKrs->index()
 7 SYSTEMPATH/CodeIgniter.php(457): CodeIgniter\CodeIgniter->runController(Object(Modules\FdrKrs\Controllers\FdrKrs))
 8 SYSTEMPATH/CodeIgniter.php(340): CodeIgniter\CodeIgniter->handleRequest(null, Object(Config\Cache), false)
 9 FCPATH/index.php(55): CodeIgniter\CodeIgniter->run()
10 SYSTEMPATH/Commands/Server/rewrite.php(43): require_once('FCPATH/index.php')
CRITICAL - 2022-11-23 08:50:21 --> Undefined property: stdClass::$jurusan
in ROOTPATH/modules/FdrKrs/Views/fdrKrs.php on line 45.
 1 ROOTPATH/modules/FdrKrs/Views/fdrKrs.php(45): CodeIgniter\Debug\Exceptions->errorHandler(8, 'Undefined property: stdClass::$jurusan', 'ROOTPATH/modules/FdrKrs/Views/fdrKrs.php', 45, [...])
 2 SYSTEMPATH/View/View.php(213): include('ROOTPATH/modules/FdrKrs/Views/fdrKrs.php')
 3 SYSTEMPATH/View/View.php(216): CodeIgniter\View\View->CodeIgniter\View\{closure}()
 4 SYSTEMPATH/Common.php(1137): CodeIgniter\View\View->render('Modules\\FdrKrs\\Views\\fdrKrs', [], true)
 5 ROOTPATH/modules/FdrKrs/Controllers/FdrKrs.php(30): view('Modules\\FdrKrs\\Views\\fdrKrs', [...])
 6 SYSTEMPATH/CodeIgniter.php(898): Modules\FdrKrs\Controllers\FdrKrs->index()
 7 SYSTEMPATH/CodeIgniter.php(457): CodeIgniter\CodeIgniter->runController(Object(Modules\FdrKrs\Controllers\FdrKrs))
 8 SYSTEMPATH/CodeIgniter.php(340): CodeIgniter\CodeIgniter->handleRequest(null, Object(Config\Cache), false)
 9 FCPATH/index.php(55): CodeIgniter\CodeIgniter->run()
10 SYSTEMPATH/Commands/Server/rewrite.php(43): require_once('FCPATH/index.php')
CRITICAL - 2022-11-23 09:13:30 --> Invalid argument supplied for foreach()
in ROOTPATH/modules/FdrKrs/Views/fdrKrs.php on line 40.
 1 ROOTPATH/modules/FdrKrs/Views/fdrKrs.php(40): CodeIgniter\Debug\Exceptions->errorHandler(2, 'Invalid argument supplied for foreach()', 'ROOTPATH/modules/FdrKrs/Views/fdrKrs.php', 40, [...])
 2 SYSTEMPATH/View/View.php(213): include('ROOTPATH/modules/FdrKrs/Views/fdrKrs.php')
 3 SYSTEMPATH/View/View.php(216): CodeIgniter\View\View->CodeIgniter\View\{closure}()
 4 SYSTEMPATH/Common.php(1137): CodeIgniter\View\View->render('Modules\\FdrKrs\\Views\\fdrKrs', [], true)
 5 ROOTPATH/modules/FdrKrs/Controllers/FdrKrs.php(31): view('Modules\\FdrKrs\\Views\\fdrKrs', [...])
 6 SYSTEMPATH/CodeIgniter.php(898): Modules\FdrKrs\Controllers\FdrKrs->index()
 7 SYSTEMPATH/CodeIgniter.php(457): CodeIgniter\CodeIgniter->runController(Object(Modules\FdrKrs\Controllers\FdrKrs))
 8 SYSTEMPATH/CodeIgniter.php(340): CodeIgniter\CodeIgniter->handleRequest(null, Object(Config\Cache), false)
 9 FCPATH/index.php(55): CodeIgniter\CodeIgniter->run()
10 SYSTEMPATH/Commands/Server/rewrite.php(43): require_once('FCPATH/index.php')
CRITICAL - 2022-11-23 09:13:47 --> Invalid argument supplied for foreach()
in ROOTPATH/modules/FdrKrs/Views/fdrKrs.php on line 40.
 1 ROOTPATH/modules/FdrKrs/Views/fdrKrs.php(40): CodeIgniter\Debug\Exceptions->errorHandler(2, 'Invalid argument supplied for foreach()', 'ROOTPATH/modules/FdrKrs/Views/fdrKrs.php', 40, [...])
 2 SYSTEMPATH/View/View.php(213): include('ROOTPATH/modules/FdrKrs/Views/fdrKrs.php')
 3 SYSTEMPATH/View/View.php(216): CodeIgniter\View\View->CodeIgniter\View\{closure}()
 4 SYSTEMPATH/Common.php(1137): CodeIgniter\View\View->render('Modules\\FdrKrs\\Views\\fdrKrs', [], true)
 5 ROOTPATH/modules/FdrKrs/Controllers/FdrKrs.php(31): view('Modules\\FdrKrs\\Views\\fdrKrs', [...])
 6 SYSTEMPATH/CodeIgniter.php(898): Modules\FdrKrs\Controllers\FdrKrs->index()
 7 SYSTEMPATH/CodeIgniter.php(457): CodeIgniter\CodeIgniter->runController(Object(Modules\FdrKrs\Controllers\FdrKrs))
 8 SYSTEMPATH/CodeIgniter.php(340): CodeIgniter\CodeIgniter->handleRequest(null, Object(Config\Cache), false)
 9 FCPATH/index.php(55): CodeIgniter\CodeIgniter->run()
10 SYSTEMPATH/Commands/Server/rewrite.php(43): require_once('FCPATH/index.php')
CRITICAL - 2022-11-23 12:36:14 --> Undefined variable: data
in ROOTPATH/modules/FdrNilai/Views/fdrNilai.php on line 153.
 1 ROOTPATH/modules/FdrNilai/Views/fdrNilai.php(153): CodeIgniter\Debug\Exceptions->errorHandler(8, 'Undefined variable: data', 'ROOTPATH/modules/FdrNilai/Views/fdrNilai.php', 153, [...])
 2 SYSTEMPATH/View/View.php(213): include('ROOTPATH/modules/FdrNilai/Views/fdrNilai.php')
 3 SYSTEMPATH/View/View.php(216): CodeIgniter\View\View->CodeIgniter\View\{closure}()
 4 SYSTEMPATH/Common.php(1137): CodeIgniter\View\View->render('Modules\\FdrNilai\\Views\\fdrNilai', [], true)
 5 ROOTPATH/modules/FdrNilai/Controllers/FdrNilai.php(78): view('Modules\\FdrNilai\\Views\\fdrNilai', [...])
 6 SYSTEMPATH/CodeIgniter.php(898): Modules\FdrNilai\Controllers\FdrNilai->index()
 7 SYSTEMPATH/CodeIgniter.php(457): CodeIgniter\CodeIgniter->runController(Object(Modules\FdrNilai\Controllers\FdrNilai))
 8 SYSTEMPATH/CodeIgniter.php(340): CodeIgniter\CodeIgniter->handleRequest(null, Object(Config\Cache), false)
 9 FCPATH/index.php(55): CodeIgniter\CodeIgniter->run()
10 SYSTEMPATH/Commands/Server/rewrite.php(43): require_once('FCPATH/index.php')
CRITICAL - 2022-11-23 12:37:03 --> Undefined variable: data
in ROOTPATH/modules/FdrNilai/Views/fdrNilai.php on line 153.
 1 ROOTPATH/modules/FdrNilai/Views/fdrNilai.php(153): CodeIgniter\Debug\Exceptions->errorHandler(8, 'Undefined variable: data', 'ROOTPATH/modules/FdrNilai/Views/fdrNilai.php', 153, [...])
 2 SYSTEMPATH/View/View.php(213): include('ROOTPATH/modules/FdrNilai/Views/fdrNilai.php')
 3 SYSTEMPATH/View/View.php(216): CodeIgniter\View\View->CodeIgniter\View\{closure}()
 4 SYSTEMPATH/Common.php(1137): CodeIgniter\View\View->render('Modules\\FdrNilai\\Views\\fdrNilai', [], true)
 5 ROOTPATH/modules/FdrNilai/Controllers/FdrNilai.php(78): view('Modules\\FdrNilai\\Views\\fdrNilai', [...])
 6 SYSTEMPATH/CodeIgniter.php(898): Modules\FdrNilai\Controllers\FdrNilai->index()
 7 SYSTEMPATH/CodeIgniter.php(457): CodeIgniter\CodeIgniter->runController(Object(Modules\FdrNilai\Controllers\FdrNilai))
 8 SYSTEMPATH/CodeIgniter.php(340): CodeIgniter\CodeIgniter->handleRequest(null, Object(Config\Cache), false)
 9 FCPATH/index.php(55): CodeIgniter\CodeIgniter->run()
10 SYSTEMPATH/Commands/Server/rewrite.php(43): require_once('FCPATH/index.php')
CRITICAL - 2022-11-23 12:37:32 --> Undefined variable: data
in ROOTPATH/modules/FdrNilai/Views/fdrNilai.php on line 153.
 1 ROOTPATH/modules/FdrNilai/Views/fdrNilai.php(153): CodeIgniter\Debug\Exceptions->errorHandler(8, 'Undefined variable: data', 'ROOTPATH/modules/FdrNilai/Views/fdrNilai.php', 153, [...])
 2 SYSTEMPATH/View/View.php(213): include('ROOTPATH/modules/FdrNilai/Views/fdrNilai.php')
 3 SYSTEMPATH/View/View.php(216): CodeIgniter\View\View->CodeIgniter\View\{closure}()
 4 SYSTEMPATH/Common.php(1137): CodeIgniter\View\View->render('Modules\\FdrNilai\\Views\\fdrNilai', [], true)
 5 ROOTPATH/modules/FdrNilai/Controllers/FdrNilai.php(78): view('Modules\\FdrNilai\\Views\\fdrNilai', [...])
 6 SYSTEMPATH/CodeIgniter.php(898): Modules\FdrNilai\Controllers\FdrNilai->index()
 7 SYSTEMPATH/CodeIgniter.php(457): CodeIgniter\CodeIgniter->runController(Object(Modules\FdrNilai\Controllers\FdrNilai))
 8 SYSTEMPATH/CodeIgniter.php(340): CodeIgniter\CodeIgniter->handleRequest(null, Object(Config\Cache), false)
 9 FCPATH/index.php(55): CodeIgniter\CodeIgniter->run()
10 SYSTEMPATH/Commands/Server/rewrite.php(43): require_once('FCPATH/index.php')
CRITICAL - 2022-11-23 12:38:04 --> Undefined variable: data
in ROOTPATH/modules/FdrNilai/Views/fdrNilai.php on line 153.
 1 ROOTPATH/modules/FdrNilai/Views/fdrNilai.php(153): CodeIgniter\Debug\Exceptions->errorHandler(8, 'Undefined variable: data', 'ROOTPATH/modules/FdrNilai/Views/fdrNilai.php', 153, [...])
 2 SYSTEMPATH/View/View.php(213): include('ROOTPATH/modules/FdrNilai/Views/fdrNilai.php')
 3 SYSTEMPATH/View/View.php(216): CodeIgniter\View\View->CodeIgniter\View\{closure}()
 4 SYSTEMPATH/Common.php(1137): CodeIgniter\View\View->render('Modules\\FdrNilai\\Views\\fdrNilai', [], true)
 5 ROOTPATH/modules/FdrNilai/Controllers/FdrNilai.php(78): view('Modules\\FdrNilai\\Views\\fdrNilai', [...])
 6 SYSTEMPATH/CodeIgniter.php(898): Modules\FdrNilai\Controllers\FdrNilai->index()
 7 SYSTEMPATH/CodeIgniter.php(457): CodeIgniter\CodeIgniter->runController(Object(Modules\FdrNilai\Controllers\FdrNilai))
 8 SYSTEMPATH/CodeIgniter.php(340): CodeIgniter\CodeIgniter->handleRequest(null, Object(Config\Cache), false)
 9 FCPATH/index.php(55): CodeIgniter\CodeIgniter->run()
10 SYSTEMPATH/Commands/Server/rewrite.php(43): require_once('FCPATH/index.php')
CRITICAL - 2022-11-23 12:38:25 --> Array to string conversion
in ROOTPATH/modules/FdrNilai/Views/fdrNilai.php on line 153.
 1 ROOTPATH/modules/FdrNilai/Views/fdrNilai.php(153): CodeIgniter\Debug\Exceptions->errorHandler(8, 'Array to string conversion', 'ROOTPATH/modules/FdrNilai/Views/fdrNilai.php', 153, [...])
 2 SYSTEMPATH/View/View.php(213): include('ROOTPATH/modules/FdrNilai/Views/fdrNilai.php')
 3 SYSTEMPATH/View/View.php(216): CodeIgniter\View\View->CodeIgniter\View\{closure}()
 4 SYSTEMPATH/Common.php(1137): CodeIgniter\View\View->render('Modules\\FdrNilai\\Views\\fdrNilai', [], true)
 5 ROOTPATH/modules/FdrNilai/Controllers/FdrNilai.php(78): view('Modules\\FdrNilai\\Views\\fdrNilai', [...])
 6 SYSTEMPATH/CodeIgniter.php(898): Modules\FdrNilai\Controllers\FdrNilai->index()
 7 SYSTEMPATH/CodeIgniter.php(457): CodeIgniter\CodeIgniter->runController(Object(Modules\FdrNilai\Controllers\FdrNilai))
 8 SYSTEMPATH/CodeIgniter.php(340): CodeIgniter\CodeIgniter->handleRequest(null, Object(Config\Cache), false)
 9 FCPATH/index.php(55): CodeIgniter\CodeIgniter->run()
10 SYSTEMPATH/Commands/Server/rewrite.php(43): require_once('FCPATH/index.php')
CRITICAL - 2022-11-23 12:38:43 --> Object of class stdClass could not be converted to string
in ROOTPATH/modules/FdrNilai/Views/fdrNilai.php on line 153.
 1 SYSTEMPATH/View/View.php(213): include()
 2 SYSTEMPATH/View/View.php(216): CodeIgniter\View\View->CodeIgniter\View\{closure}()
 3 SYSTEMPATH/Common.php(1137): CodeIgniter\View\View->render('Modules\\FdrNilai\\Views\\fdrNilai', [], true)
 4 ROOTPATH/modules/FdrNilai/Controllers/FdrNilai.php(78): view('Modules\\FdrNilai\\Views\\fdrNilai', [...])
 5 SYSTEMPATH/CodeIgniter.php(898): Modules\FdrNilai\Controllers\FdrNilai->index()
 6 SYSTEMPATH/CodeIgniter.php(457): CodeIgniter\CodeIgniter->runController(Object(Modules\FdrNilai\Controllers\FdrNilai))
 7 SYSTEMPATH/CodeIgniter.php(340): CodeIgniter\CodeIgniter->handleRequest(null, Object(Config\Cache), false)
 8 FCPATH/index.php(55): CodeIgniter\CodeIgniter->run()
 9 SYSTEMPATH/Commands/Server/rewrite.php(43): require_once('FCPATH/index.php')
CRITICAL - 2022-11-23 12:39:06 --> Undefined offset: 0
in APPPATH/Helpers/curl_helper.php on line 63.
 1 APPPATH/Helpers/curl_helper.php(63): CodeIgniter\Debug\Exceptions->errorHandler(8, 'Undefined offset: 0', 'APPPATH/Helpers/curl_helper.php', 63, [...])
 2 ROOTPATH/modules/FdrNilai/Views/fdrNilai.php(153): getIdProdi('Pendidikan Agama Islam')
 3 SYSTEMPATH/View/View.php(213): include('ROOTPATH/modules/FdrNilai/Views/fdrNilai.php')
 4 SYSTEMPATH/View/View.php(216): CodeIgniter\View\View->CodeIgniter\View\{closure}()
 5 SYSTEMPATH/Common.php(1137): CodeIgniter\View\View->render('Modules\\FdrNilai\\Views\\fdrNilai', [], true)
 6 ROOTPATH/modules/FdrNilai/Controllers/FdrNilai.php(78): view('Modules\\FdrNilai\\Views\\fdrNilai', [...])
 7 SYSTEMPATH/CodeIgniter.php(898): Modules\FdrNilai\Controllers\FdrNilai->index()
 8 SYSTEMPATH/CodeIgniter.php(457): CodeIgniter\CodeIgniter->runController(Object(Modules\FdrNilai\Controllers\FdrNilai))
 9 SYSTEMPATH/CodeIgniter.php(340): CodeIgniter\CodeIgniter->handleRequest(null, Object(Config\Cache), false)
10 FCPATH/index.php(55): CodeIgniter\CodeIgniter->run()
11 SYSTEMPATH/Commands/Server/rewrite.php(43): require_once('FCPATH/index.php')
CRITICAL - 2022-11-23 12:39:15 --> Trying to get property 'id_prodi' of non-object
in APPPATH/Helpers/curl_helper.php on line 63.
 1 APPPATH/Helpers/curl_helper.php(63): CodeIgniter\Debug\Exceptions->errorHandler(8, 'Trying to get property \'id_prodi\' of non-object', 'APPPATH/Helpers/curl_helper.php', 63, [...])
 2 ROOTPATH/modules/FdrNilai/Views/fdrNilai.php(153): getIdProdi('Manajemen Bisnis Syariah')
 3 SYSTEMPATH/View/View.php(213): include('ROOTPATH/modules/FdrNilai/Views/fdrNilai.php')
 4 SYSTEMPATH/View/View.php(216): CodeIgniter\View\View->CodeIgniter\View\{closure}()
 5 SYSTEMPATH/Common.php(1137): CodeIgniter\View\View->render('Modules\\FdrNilai\\Views\\fdrNilai', [], true)
 6 ROOTPATH/modules/FdrNilai/Controllers/FdrNilai.php(78): view('Modules\\FdrNilai\\Views\\fdrNilai', [...])
 7 SYSTEMPATH/CodeIgniter.php(898): Modules\FdrNilai\Controllers\FdrNilai->index()
 8 SYSTEMPATH/CodeIgniter.php(457): CodeIgniter\CodeIgniter->runController(Object(Modules\FdrNilai\Controllers\FdrNilai))
 9 SYSTEMPATH/CodeIgniter.php(340): CodeIgniter\CodeIgniter->handleRequest(null, Object(Config\Cache), false)
10 FCPATH/index.php(55): CodeIgniter\CodeIgniter->run()
11 SYSTEMPATH/Commands/Server/rewrite.php(43): require_once('FCPATH/index.php')
CRITICAL - 2022-11-23 12:39:32 --> Cannot use object of type stdClass as array
in APPPATH/Helpers/curl_helper.php on line 63.
 1 ROOTPATH/modules/FdrNilai/Views/fdrNilai.php(153): getIdProdi('Manajemen Bisnis Syariah')
 2 SYSTEMPATH/View/View.php(213): include('ROOTPATH/modules/FdrNilai/Views/fdrNilai.php')
 3 SYSTEMPATH/View/View.php(216): CodeIgniter\View\View->CodeIgniter\View\{closure}()
 4 SYSTEMPATH/Common.php(1137): CodeIgniter\View\View->render('Modules\\FdrNilai\\Views\\fdrNilai', [], true)
 5 ROOTPATH/modules/FdrNilai/Controllers/FdrNilai.php(78): view('Modules\\FdrNilai\\Views\\fdrNilai', [...])
 6 SYSTEMPATH/CodeIgniter.php(898): Modules\FdrNilai\Controllers\FdrNilai->index()
 7 SYSTEMPATH/CodeIgniter.php(457): CodeIgniter\CodeIgniter->runController(Object(Modules\FdrNilai\Controllers\FdrNilai))
 8 SYSTEMPATH/CodeIgniter.php(340): CodeIgniter\CodeIgniter->handleRequest(null, Object(Config\Cache), false)
 9 FCPATH/index.php(55): CodeIgniter\CodeIgniter->run()
10 SYSTEMPATH/Commands/Server/rewrite.php(43): require_once('FCPATH/index.php')
CRITICAL - 2022-11-23 12:39:49 --> Cannot use object of type stdClass as array
in APPPATH/Helpers/curl_helper.php on line 63.
 1 ROOTPATH/modules/FdrNilai/Views/fdrNilai.php(153): getIdProdi('Manajemen Bisnis Syariah')
 2 SYSTEMPATH/View/View.php(213): include('ROOTPATH/modules/FdrNilai/Views/fdrNilai.php')
 3 SYSTEMPATH/View/View.php(216): CodeIgniter\View\View->CodeIgniter\View\{closure}()
 4 SYSTEMPATH/Common.php(1137): CodeIgniter\View\View->render('Modules\\FdrNilai\\Views\\fdrNilai', [], true)
 5 ROOTPATH/modules/FdrNilai/Controllers/FdrNilai.php(78): view('Modules\\FdrNilai\\Views\\fdrNilai', [...])
 6 SYSTEMPATH/CodeIgniter.php(898): Modules\FdrNilai\Controllers\FdrNilai->index()
 7 SYSTEMPATH/CodeIgniter.php(457): CodeIgniter\CodeIgniter->runController(Object(Modules\FdrNilai\Controllers\FdrNilai))
 8 SYSTEMPATH/CodeIgniter.php(340): CodeIgniter\CodeIgniter->handleRequest(null, Object(Config\Cache), false)
 9 FCPATH/index.php(55): CodeIgniter\CodeIgniter->run()
10 SYSTEMPATH/Commands/Server/rewrite.php(43): require_once('FCPATH/index.php')
CRITICAL - 2022-11-23 12:40:18 --> Undefined property: stdClass::$id_prod
in APPPATH/Helpers/curl_helper.php on line 63.
 1 APPPATH/Helpers/curl_helper.php(63): CodeIgniter\Debug\Exceptions->errorHandler(8, 'Undefined property: stdClass::$id_prod', 'APPPATH/Helpers/curl_helper.php', 63, [...])
 2 ROOTPATH/modules/FdrNilai/Views/fdrNilai.php(153): getIdProdi('Manajemen Bisnis Syariah')
 3 SYSTEMPATH/View/View.php(213): include('ROOTPATH/modules/FdrNilai/Views/fdrNilai.php')
 4 SYSTEMPATH/View/View.php(216): CodeIgniter\View\View->CodeIgniter\View\{closure}()
 5 SYSTEMPATH/Common.php(1137): CodeIgniter\View\View->render('Modules\\FdrNilai\\Views\\fdrNilai', [], true)
 6 ROOTPATH/modules/FdrNilai/Controllers/FdrNilai.php(78): view('Modules\\FdrNilai\\Views\\fdrNilai', [...])
 7 SYSTEMPATH/CodeIgniter.php(898): Modules\FdrNilai\Controllers\FdrNilai->index()
 8 SYSTEMPATH/CodeIgniter.php(457): CodeIgniter\CodeIgniter->runController(Object(Modules\FdrNilai\Controllers\FdrNilai))
 9 SYSTEMPATH/CodeIgniter.php(340): CodeIgniter\CodeIgniter->handleRequest(null, Object(Config\Cache), false)
10 FCPATH/index.php(55): CodeIgniter\CodeIgniter->run()
11 SYSTEMPATH/Commands/Server/rewrite.php(43): require_once('FCPATH/index.php')
CRITICAL - 2022-11-23 12:40:40 --> Undefined property: stdClass::$id_prod
in APPPATH/Helpers/curl_helper.php on line 63.
 1 APPPATH/Helpers/curl_helper.php(63): CodeIgniter\Debug\Exceptions->errorHandler(8, 'Undefined property: stdClass::$id_prod', 'APPPATH/Helpers/curl_helper.php', 63, [...])
 2 ROOTPATH/modules/FdrNilai/Views/fdrNilai.php(152): getIdProdi('Manajemen Bisnis Syariah')
 3 SYSTEMPATH/View/View.php(213): include('ROOTPATH/modules/FdrNilai/Views/fdrNilai.php')
 4 SYSTEMPATH/View/View.php(216): CodeIgniter\View\View->CodeIgniter\View\{closure}()
 5 SYSTEMPATH/Common.php(1137): CodeIgniter\View\View->render('Modules\\FdrNilai\\Views\\fdrNilai', [], true)
 6 ROOTPATH/modules/FdrNilai/Controllers/FdrNilai.php(78): view('Modules\\FdrNilai\\Views\\fdrNilai', [...])
 7 SYSTEMPATH/CodeIgniter.php(898): Modules\FdrNilai\Controllers\FdrNilai->index()
 8 SYSTEMPATH/CodeIgniter.php(457): CodeIgniter\CodeIgniter->runController(Object(Modules\FdrNilai\Controllers\FdrNilai))
 9 SYSTEMPATH/CodeIgniter.php(340): CodeIgniter\CodeIgniter->handleRequest(null, Object(Config\Cache), false)
10 FCPATH/index.php(55): CodeIgniter\CodeIgniter->run()
11 SYSTEMPATH/Commands/Server/rewrite.php(43): require_once('FCPATH/index.php')
CRITICAL - 2022-11-23 12:41:26 --> Undefined offset: 0
in APPPATH/Helpers/curl_helper.php on line 63.
 1 APPPATH/Helpers/curl_helper.php(63): CodeIgniter\Debug\Exceptions->errorHandler(8, 'Undefined offset: 0', 'APPPATH/Helpers/curl_helper.php', 63, [...])
 2 ROOTPATH/modules/FdrNilai/Views/fdrNilai.php(153): getIdProdi('Pendidikan Agama Islam')
 3 SYSTEMPATH/View/View.php(213): include('ROOTPATH/modules/FdrNilai/Views/fdrNilai.php')
 4 SYSTEMPATH/View/View.php(216): CodeIgniter\View\View->CodeIgniter\View\{closure}()
 5 SYSTEMPATH/Common.php(1137): CodeIgniter\View\View->render('Modules\\FdrNilai\\Views\\fdrNilai', [], true)
 6 ROOTPATH/modules/FdrNilai/Controllers/FdrNilai.php(78): view('Modules\\FdrNilai\\Views\\fdrNilai', [...])
 7 SYSTEMPATH/CodeIgniter.php(898): Modules\FdrNilai\Controllers\FdrNilai->index()
 8 SYSTEMPATH/CodeIgniter.php(457): CodeIgniter\CodeIgniter->runController(Object(Modules\FdrNilai\Controllers\FdrNilai))
 9 SYSTEMPATH/CodeIgniter.php(340): CodeIgniter\CodeIgniter->handleRequest(null, Object(Config\Cache), false)
10 FCPATH/index.php(55): CodeIgniter\CodeIgniter->run()
11 SYSTEMPATH/Commands/Server/rewrite.php(43): require_once('FCPATH/index.php')
