CRITICAL - 2022-12-01 09:21:13 --> Object of class stdClass could not be converted to string
in ROOTPATH/modules/FdrBiodata/Views/fdrBiodata.php on line 107.
 1 SYSTEMPATH/View/View.php(213): include()
 2 SYSTEMPATH/View/View.php(216): CodeIgniter\View\View->CodeIgniter\View\{closure}()
 3 SYSTEMPATH/Common.php(1137): CodeIgniter\View\View->render('Modules\\FdrBiodata\\Views\\fdrBiodata', [], true)
 4 ROOTPATH/modules/FdrBiodata/Controllers/FdrBiodata.php(85): view('Modules\\FdrBiodata\\Views\\fdrBiodata', [...])
 5 SYSTEMPATH/CodeIgniter.php(898): Modules\FdrBiodata\Controllers\FdrBiodata->index()
 6 SYSTEMPATH/CodeIgniter.php(457): CodeIgniter\CodeIgniter->runController(Object(Modules\FdrBiodata\Controllers\FdrBiodata))
 7 SYSTEMPATH/CodeIgniter.php(340): CodeIgniter\CodeIgniter->handleRequest(null, Object(Config\Cache), false)
 8 FCPATH/index.php(55): CodeIgniter\CodeIgniter->run()
 9 SYSTEMPATH/Commands/Server/rewrite.php(43): require_once('FCPATH/index.php')
CRITICAL - 2022-12-01 09:21:36 --> Object of class stdClass could not be converted to string
in ROOTPATH/modules/FdrBiodata/Views/fdrBiodata.php on line 107.
 1 SYSTEMPATH/View/View.php(213): include()
 2 SYSTEMPATH/View/View.php(216): CodeIgniter\View\View->CodeIgniter\View\{closure}()
 3 SYSTEMPATH/Common.php(1137): CodeIgniter\View\View->render('Modules\\FdrBiodata\\Views\\fdrBiodata', [], true)
 4 ROOTPATH/modules/FdrBiodata/Controllers/FdrBiodata.php(85): view('Modules\\FdrBiodata\\Views\\fdrBiodata', [...])
 5 SYSTEMPATH/CodeIgniter.php(898): Modules\FdrBiodata\Controllers\FdrBiodata->index()
 6 SYSTEMPATH/CodeIgniter.php(457): CodeIgniter\CodeIgniter->runController(Object(Modules\FdrBiodata\Controllers\FdrBiodata))
 7 SYSTEMPATH/CodeIgniter.php(340): CodeIgniter\CodeIgniter->handleRequest(null, Object(Config\Cache), false)
 8 FCPATH/index.php(55): CodeIgniter\CodeIgniter->run()
 9 SYSTEMPATH/Commands/Server/rewrite.php(43): require_once('FCPATH/index.php')
CRITICAL - 2022-12-01 09:24:16 --> Object of class stdClass could not be converted to string
in ROOTPATH/modules/FdrBiodata/Views/fdrBiodata.php on line 107.
 1 SYSTEMPATH/View/View.php(213): include()
 2 SYSTEMPATH/View/View.php(216): CodeIgniter\View\View->CodeIgniter\View\{closure}()
 3 SYSTEMPATH/Common.php(1137): CodeIgniter\View\View->render('Modules\\FdrBiodata\\Views\\fdrBiodata', [], true)
 4 ROOTPATH/modules/FdrBiodata/Controllers/FdrBiodata.php(85): view('Modules\\FdrBiodata\\Views\\fdrBiodata', [...])
 5 SYSTEMPATH/CodeIgniter.php(898): Modules\FdrBiodata\Controllers\FdrBiodata->index()
 6 SYSTEMPATH/CodeIgniter.php(457): CodeIgniter\CodeIgniter->runController(Object(Modules\FdrBiodata\Controllers\FdrBiodata))
 7 SYSTEMPATH/CodeIgniter.php(340): CodeIgniter\CodeIgniter->handleRequest(null, Object(Config\Cache), false)
 8 FCPATH/index.php(55): CodeIgniter\CodeIgniter->run()
 9 SYSTEMPATH/Commands/Server/rewrite.php(43): require_once('FCPATH/index.php')
CRITICAL - 2022-12-01 09:26:07 --> Cannot use object of type stdClass as array
in ROOTPATH/modules/FdrBiodata/Views/fdrBiodata.php on line 107.
 1 SYSTEMPATH/View/View.php(213): include()
 2 SYSTEMPATH/View/View.php(216): CodeIgniter\View\View->CodeIgniter\View\{closure}()
 3 SYSTEMPATH/Common.php(1137): CodeIgniter\View\View->render('Modules\\FdrBiodata\\Views\\fdrBiodata', [], true)
 4 ROOTPATH/modules/FdrBiodata/Controllers/FdrBiodata.php(85): view('Modules\\FdrBiodata\\Views\\fdrBiodata', [...])
 5 SYSTEMPATH/CodeIgniter.php(898): Modules\FdrBiodata\Controllers\FdrBiodata->index()
 6 SYSTEMPATH/CodeIgniter.php(457): CodeIgniter\CodeIgniter->runController(Object(Modules\FdrBiodata\Controllers\FdrBiodata))
 7 SYSTEMPATH/CodeIgniter.php(340): CodeIgniter\CodeIgniter->handleRequest(null, Object(Config\Cache), false)
 8 FCPATH/index.php(55): CodeIgniter\CodeIgniter->run()
 9 SYSTEMPATH/Commands/Server/rewrite.php(43): require_once('FCPATH/index.php')
CRITICAL - 2022-12-01 13:00:04 --> json_decode() expects parameter 1 to be string, object given
in ROOTPATH/modules/FdrAktivitas/Views/fdrAktivitas.php on line 53.
 1 [internal function]: CodeIgniter\Debug\Exceptions->errorHandler(2, 'json_decode() expects parameter 1 to be string, object given', 'ROOTPATH/modules/FdrAktivitas/Views/fdrAktivitas.php', 53, [...])
 2 ROOTPATH/modules/FdrAktivitas/Views/fdrAktivitas.php(53): json_decode(Object(stdClass))
 3 SYSTEMPATH/View/View.php(213): include('ROOTPATH/modules/FdrAktivitas/Views/fdrAktivitas.php')
 4 SYSTEMPATH/View/View.php(216): CodeIgniter\View\View->CodeIgniter\View\{closure}()
 5 SYSTEMPATH/Common.php(1137): CodeIgniter\View\View->render('Modules\\FdrAktivitas\\Views\\fdrAktivitas', [], true)
 6 ROOTPATH/modules/FdrAktivitas/Controllers/FdrAktivitas.php(42): view('Modules\\FdrAktivitas\\Views\\fdrAktivitas', [...])
 7 SYSTEMPATH/CodeIgniter.php(898): Modules\FdrAktivitas\Controllers\FdrAktivitas->index()
 8 SYSTEMPATH/CodeIgniter.php(457): CodeIgniter\CodeIgniter->runController(Object(Modules\FdrAktivitas\Controllers\FdrAktivitas))
 9 SYSTEMPATH/CodeIgniter.php(340): CodeIgniter\CodeIgniter->handleRequest(null, Object(Config\Cache), false)
10 FCPATH/index.php(55): CodeIgniter\CodeIgniter->run()
11 SYSTEMPATH/Commands/Server/rewrite.php(43): require_once('FCPATH/index.php')
CRITICAL - 2022-12-01 13:00:29 --> json_decode() expects parameter 1 to be string, object given
in ROOTPATH/modules/FdrAktivitas/Views/fdrAktivitas.php on line 53.
 1 [internal function]: CodeIgniter\Debug\Exceptions->errorHandler(2, 'json_decode() expects parameter 1 to be string, object given', 'ROOTPATH/modules/FdrAktivitas/Views/fdrAktivitas.php', 53, [...])
 2 ROOTPATH/modules/FdrAktivitas/Views/fdrAktivitas.php(53): json_decode(Object(stdClass))
 3 SYSTEMPATH/View/View.php(213): include('ROOTPATH/modules/FdrAktivitas/Views/fdrAktivitas.php')
 4 SYSTEMPATH/View/View.php(216): CodeIgniter\View\View->CodeIgniter\View\{closure}()
 5 SYSTEMPATH/Common.php(1137): CodeIgniter\View\View->render('Modules\\FdrAktivitas\\Views\\fdrAktivitas', [], true)
 6 ROOTPATH/modules/FdrAktivitas/Controllers/FdrAktivitas.php(42): view('Modules\\FdrAktivitas\\Views\\fdrAktivitas', [...])
 7 SYSTEMPATH/CodeIgniter.php(898): Modules\FdrAktivitas\Controllers\FdrAktivitas->index()
 8 SYSTEMPATH/CodeIgniter.php(457): CodeIgniter\CodeIgniter->runController(Object(Modules\FdrAktivitas\Controllers\FdrAktivitas))
 9 SYSTEMPATH/CodeIgniter.php(340): CodeIgniter\CodeIgniter->handleRequest(null, Object(Config\Cache), false)
10 FCPATH/index.php(55): CodeIgniter\CodeIgniter->run()
11 SYSTEMPATH/Commands/Server/rewrite.php(43): require_once('FCPATH/index.php')
CRITICAL - 2022-12-01 13:03:02 --> json_decode() expects parameter 1 to be string, object given
in ROOTPATH/modules/FdrAktivitas/Views/fdrAktivitas.php on line 53.
 1 [internal function]: CodeIgniter\Debug\Exceptions->errorHandler(2, 'json_decode() expects parameter 1 to be string, object given', 'ROOTPATH/modules/FdrAktivitas/Views/fdrAktivitas.php', 53, [...])
 2 ROOTPATH/modules/FdrAktivitas/Views/fdrAktivitas.php(53): json_decode(Object(stdClass))
 3 SYSTEMPATH/View/View.php(213): include('ROOTPATH/modules/FdrAktivitas/Views/fdrAktivitas.php')
 4 SYSTEMPATH/View/View.php(216): CodeIgniter\View\View->CodeIgniter\View\{closure}()
 5 SYSTEMPATH/Common.php(1137): CodeIgniter\View\View->render('Modules\\FdrAktivitas\\Views\\fdrAktivitas', [], true)
 6 ROOTPATH/modules/FdrAktivitas/Controllers/FdrAktivitas.php(42): view('Modules\\FdrAktivitas\\Views\\fdrAktivitas', [...])
 7 SYSTEMPATH/CodeIgniter.php(898): Modules\FdrAktivitas\Controllers\FdrAktivitas->index()
 8 SYSTEMPATH/CodeIgniter.php(457): CodeIgniter\CodeIgniter->runController(Object(Modules\FdrAktivitas\Controllers\FdrAktivitas))
 9 SYSTEMPATH/CodeIgniter.php(340): CodeIgniter\CodeIgniter->handleRequest(null, Object(Config\Cache), false)
10 FCPATH/index.php(55): CodeIgniter\CodeIgniter->run()
11 SYSTEMPATH/Commands/Server/rewrite.php(43): require_once('FCPATH/index.php')
CRITICAL - 2022-12-01 13:03:41 --> base64_encode() expects parameter 1 to be string, object given
in ROOTPATH/modules/FdrAktivitas/Views/fdrAktivitas.php on line 53.
 1 [internal function]: CodeIgniter\Debug\Exceptions->errorHandler(2, 'base64_encode() expects parameter 1 to be string, object given', 'ROOTPATH/modules/FdrAktivitas/Views/fdrAktivitas.php', 53, [...])
 2 ROOTPATH/modules/FdrAktivitas/Views/fdrAktivitas.php(53): base64_encode(Object(stdClass))
 3 SYSTEMPATH/View/View.php(213): include('ROOTPATH/modules/FdrAktivitas/Views/fdrAktivitas.php')
 4 SYSTEMPATH/View/View.php(216): CodeIgniter\View\View->CodeIgniter\View\{closure}()
 5 SYSTEMPATH/Common.php(1137): CodeIgniter\View\View->render('Modules\\FdrAktivitas\\Views\\fdrAktivitas', [], true)
 6 ROOTPATH/modules/FdrAktivitas/Controllers/FdrAktivitas.php(42): view('Modules\\FdrAktivitas\\Views\\fdrAktivitas', [...])
 7 SYSTEMPATH/CodeIgniter.php(898): Modules\FdrAktivitas\Controllers\FdrAktivitas->index()
 8 SYSTEMPATH/CodeIgniter.php(457): CodeIgniter\CodeIgniter->runController(Object(Modules\FdrAktivitas\Controllers\FdrAktivitas))
 9 SYSTEMPATH/CodeIgniter.php(340): CodeIgniter\CodeIgniter->handleRequest(null, Object(Config\Cache), false)
10 FCPATH/index.php(55): CodeIgniter\CodeIgniter->run()
11 SYSTEMPATH/Commands/Server/rewrite.php(43): require_once('FCPATH/index.php')
CRITICAL - 2022-12-01 13:04:01 --> json_decode() expects parameter 1 to be string, object given
in ROOTPATH/modules/FdrAktivitas/Views/fdrAktivitas.php on line 53.
 1 [internal function]: CodeIgniter\Debug\Exceptions->errorHandler(2, 'json_decode() expects parameter 1 to be string, object given', 'ROOTPATH/modules/FdrAktivitas/Views/fdrAktivitas.php', 53, [...])
 2 ROOTPATH/modules/FdrAktivitas/Views/fdrAktivitas.php(53): json_decode(Object(stdClass))
 3 SYSTEMPATH/View/View.php(213): include('ROOTPATH/modules/FdrAktivitas/Views/fdrAktivitas.php')
 4 SYSTEMPATH/View/View.php(216): CodeIgniter\View\View->CodeIgniter\View\{closure}()
 5 SYSTEMPATH/Common.php(1137): CodeIgniter\View\View->render('Modules\\FdrAktivitas\\Views\\fdrAktivitas', [], true)
 6 ROOTPATH/modules/FdrAktivitas/Controllers/FdrAktivitas.php(42): view('Modules\\FdrAktivitas\\Views\\fdrAktivitas', [...])
 7 SYSTEMPATH/CodeIgniter.php(898): Modules\FdrAktivitas\Controllers\FdrAktivitas->index()
 8 SYSTEMPATH/CodeIgniter.php(457): CodeIgniter\CodeIgniter->runController(Object(Modules\FdrAktivitas\Controllers\FdrAktivitas))
 9 SYSTEMPATH/CodeIgniter.php(340): CodeIgniter\CodeIgniter->handleRequest(null, Object(Config\Cache), false)
10 FCPATH/index.php(55): CodeIgniter\CodeIgniter->run()
11 SYSTEMPATH/Commands/Server/rewrite.php(43): require_once('FCPATH/index.php')
CRITICAL - 2022-12-01 13:25:13 --> Undefined property: stdClass::$idAktivitas
in ROOTPATH/modules/FdrAktivitas/Views/fdrAktivitas.php on line 53.
 1 ROOTPATH/modules/FdrAktivitas/Views/fdrAktivitas.php(53): CodeIgniter\Debug\Exceptions->errorHandler(8, 'Undefined property: stdClass::$idAktivitas', 'ROOTPATH/modules/FdrAktivitas/Views/fdrAktivitas.php', 53, [...])
 2 SYSTEMPATH/View/View.php(213): include('ROOTPATH/modules/FdrAktivitas/Views/fdrAktivitas.php')
 3 SYSTEMPATH/View/View.php(216): CodeIgniter\View\View->CodeIgniter\View\{closure}()
 4 SYSTEMPATH/Common.php(1137): CodeIgniter\View\View->render('Modules\\FdrAktivitas\\Views\\fdrAktivitas', [], true)
 5 ROOTPATH/modules/FdrAktivitas/Controllers/FdrAktivitas.php(42): view('Modules\\FdrAktivitas\\Views\\fdrAktivitas', [...])
 6 SYSTEMPATH/CodeIgniter.php(898): Modules\FdrAktivitas\Controllers\FdrAktivitas->index()
 7 SYSTEMPATH/CodeIgniter.php(457): CodeIgniter\CodeIgniter->runController(Object(Modules\FdrAktivitas\Controllers\FdrAktivitas))
 8 SYSTEMPATH/CodeIgniter.php(340): CodeIgniter\CodeIgniter->handleRequest(null, Object(Config\Cache), false)
 9 FCPATH/index.php(55): CodeIgniter\CodeIgniter->run()
10 SYSTEMPATH/Commands/Server/rewrite.php(43): require_once('FCPATH/index.php')
