CRITICAL - 2023-01-26 10:05:39 --> Undefined offset: 0
in ROOTPATH/modules/Mahasiswa/Controllers/Mahasiswa.php on line 447.
 1 ROOTPATH/modules/Mahasiswa/Controllers/Mahasiswa.php(447): CodeIgniter\Debug\Exceptions->errorHandler(8, 'Undefined offset: 0', 'ROOTPATH/modules/Mahasiswa/Controllers/Mahasiswa.php', 447, [...])
 2 SYSTEMPATH/CodeIgniter.php(898): Modules\Mahasiswa\Controllers\Mahasiswa->createInvoice()
 3 SYSTEMPATH/CodeIgniter.php(457): CodeIgniter\CodeIgniter->runController(Object(Modules\Mahasiswa\Controllers\Mahasiswa))
 4 SYSTEMPATH/CodeIgniter.php(340): CodeIgniter\CodeIgniter->handleRequest(null, Object(Config\Cache), false)
 5 FCPATH/index.php(55): CodeIgniter\CodeIgniter->run()
 6 SYSTEMPATH/Commands/Server/rewrite.php(43): require_once('FCPATH/index.php')
CRITICAL - 2023-01-26 10:06:46 --> 52 : Empty reply from server
in SYSTEMPATH/HTTP/CURLRequest.php on line 655.
 1 SYSTEMPATH/HTTP/CURLRequest.php(655): CodeIgniter\HTTP\Exceptions\HTTPException::forCurlError('52', 'Empty reply from server')
 2 SYSTEMPATH/HTTP/CURLRequest.php(363): CodeIgniter\HTTP\CURLRequest->sendRequest([...])
 3 SYSTEMPATH/HTTP/CURLRequest.php(136): CodeIgniter\HTTP\CURLRequest->send('post', 'https://billing-bpi-dev.maja.id/api/v2/cancel')
 4 SYSTEMPATH/HTTP/CURLRequest.php(209): CodeIgniter\HTTP\CURLRequest->request('post', 'https://billing-bpi-dev.maja.id/api/v2/cancel', [...])
 5 APPPATH/Helpers/maja_helper.php(61): CodeIgniter\HTTP\CURLRequest->post('https://billing-bpi-dev.maja.id/api/v2/cancel', [...])
 6 ROOTPATH/modules/Dashboard/Controllers/Dashboard.php(18): akses_maja('https://billing-bpi-dev.maja.id/api/v2/cancel', '{"va":"90182205160032","invoiceNumber":"umsu_2205160032","amount":7350000}')
 7 SYSTEMPATH/CodeIgniter.php(898): Modules\Dashboard\Controllers\Dashboard->index()
 8 SYSTEMPATH/CodeIgniter.php(457): CodeIgniter\CodeIgniter->runController(Object(Modules\Dashboard\Controllers\Dashboard))
 9 SYSTEMPATH/CodeIgniter.php(340): CodeIgniter\CodeIgniter->handleRequest(null, Object(Config\Cache), false)
10 FCPATH/index.php(55): CodeIgniter\CodeIgniter->run()
11 SYSTEMPATH/Commands/Server/rewrite.php(43): require_once('FCPATH/index.php')
CRITICAL - 2023-01-26 10:08:48 --> Cannot use object of type stdClass as array
in ROOTPATH/modules/Mahasiswa/Controllers/Mahasiswa.php on line 460.
 1 SYSTEMPATH/CodeIgniter.php(898): Modules\Mahasiswa\Controllers\Mahasiswa->createInvoice()
 2 SYSTEMPATH/CodeIgniter.php(457): CodeIgniter\CodeIgniter->runController(Object(Modules\Mahasiswa\Controllers\Mahasiswa))
 3 SYSTEMPATH/CodeIgniter.php(340): CodeIgniter\CodeIgniter->handleRequest(null, Object(Config\Cache), false)
 4 FCPATH/index.php(55): CodeIgniter\CodeIgniter->run()
 5 SYSTEMPATH/Commands/Server/rewrite.php(43): require_once('FCPATH/index.php')
CRITICAL - 2023-01-26 10:37:53 --> Cannot modify header information - headers already sent
in SYSTEMPATH/HTTP/ResponseTrait.php on line 749.
 1 [internal function]: CodeIgniter\Debug\Exceptions->errorHandler(2, 'Cannot modify header information - headers already sent', 'SYSTEMPATH/HTTP/ResponseTrait.php', 749, [...])
 2 SYSTEMPATH/HTTP/ResponseTrait.php(749): setcookie('ci_session', 'hkc8ng5v1mco8htjatoe25ace3rbdl1k', [...])
 3 SYSTEMPATH/HTTP/ResponseTrait.php(725): CodeIgniter\HTTP\Response->doSetCookie('ci_session', 'hkc8ng5v1mco8htjatoe25ace3rbdl1k', [...])
 4 SYSTEMPATH/HTTP/ResponseTrait.php(705): CodeIgniter\HTTP\Response->dispatchCookies()
 5 SYSTEMPATH/HTTP/ResponseTrait.php(445): CodeIgniter\HTTP\Response->sendCookies()
 6 SYSTEMPATH/CodeIgniter.php(1076): CodeIgniter\HTTP\Response->send()
 7 SYSTEMPATH/CodeIgniter.php(510): CodeIgniter\CodeIgniter->sendResponse()
 8 SYSTEMPATH/CodeIgniter.php(340): CodeIgniter\CodeIgniter->handleRequest(null, Object(Config\Cache), false)
 9 FCPATH/index.php(55): CodeIgniter\CodeIgniter->run()
10 SYSTEMPATH/Commands/Server/rewrite.php(43): require_once('FCPATH/index.php')
CRITICAL - 2023-01-26 10:37:53 --> Uncaught ErrorException: Cannot modify header information - headers already sent in /Users/ivan/Codeigniter/umsu-academy/vendor/codeigniter4/framework/system/HTTP/ResponseTrait.php:749
Stack trace:
#0 [internal function]: CodeIgniter\Debug\Exceptions->errorHandler(2, 'Cannot modify h...', '/Users/ivan/Cod...', 749, Array)
#1 /Users/ivan/Codeigniter/umsu-academy/vendor/codeigniter4/framework/system/HTTP/ResponseTrait.php(749): setcookie('ci_session', 'hkc8ng5v1mco8ht...', Array)
#2 /Users/ivan/Codeigniter/umsu-academy/vendor/codeigniter4/framework/system/HTTP/ResponseTrait.php(725): CodeIgniter\HTTP\Response->doSetCookie('ci_session', 'hkc8ng5v1mco8ht...', Array)
#3 /Users/ivan/Codeigniter/umsu-academy/vendor/codeigniter4/framework/system/HTTP/ResponseTrait.php(705): CodeIgniter\HTTP\Response->dispatchCookies()
#4 /Users/ivan/Codeigniter/umsu-academy/vendor/codeigniter4/framework/system/HTTP/ResponseTrait.php(445): CodeIgniter\HTTP\Response->sendCookies()
#5 /Users/ivan/Codeigniter/umsu-academy/vendor/codeigni
in SYSTEMPATH/HTTP/ResponseTrait.php on line 749.
 1 [internal function]: CodeIgniter\Debug\Exceptions->shutdownHandler()
CRITICAL - 2023-01-26 11:47:34 --> Undefined offset: 0
in ROOTPATH/modules/Tagihan/Controllers/Tagihan.php on line 158.
 1 ROOTPATH/modules/Tagihan/Controllers/Tagihan.php(158): CodeIgniter\Debug\Exceptions->errorHandler(8, 'Undefined offset: 0', 'ROOTPATH/modules/Tagihan/Controllers/Tagihan.php', 158, [...])
 2 SYSTEMPATH/CodeIgniter.php(898): Modules\Tagihan\Controllers\Tagihan->ubahTagihan()
 3 SYSTEMPATH/CodeIgniter.php(457): CodeIgniter\CodeIgniter->runController(Object(Modules\Tagihan\Controllers\Tagihan))
 4 SYSTEMPATH/CodeIgniter.php(340): CodeIgniter\CodeIgniter->handleRequest(null, Object(Config\Cache), false)
 5 FCPATH/index.php(55): CodeIgniter\CodeIgniter->run()
 6 SYSTEMPATH/Commands/Server/rewrite.php(43): require_once('FCPATH/index.php')
CRITICAL - 2023-01-26 11:54:20 --> Undefined offset: 0
in ROOTPATH/modules/Mahasiswa/Views/mahasiswa.php on line 461.
 1 ROOTPATH/modules/Mahasiswa/Views/mahasiswa.php(461): CodeIgniter\Debug\Exceptions->errorHandler(8, 'Undefined offset: 0', 'ROOTPATH/modules/Mahasiswa/Views/mahasiswa.php', 461, [...])
 2 SYSTEMPATH/View/View.php(213): include('ROOTPATH/modules/Mahasiswa/Views/mahasiswa.php')
 3 SYSTEMPATH/View/View.php(216): CodeIgniter\View\View->CodeIgniter\View\{closure}()
 4 SYSTEMPATH/Common.php(1137): CodeIgniter\View\View->render('Modules\\Mahasiswa\\Views\\mahasiswa', [], true)
 5 ROOTPATH/modules/Mahasiswa/Controllers/Mahasiswa.php(100): view('Modules\\Mahasiswa\\Views\\mahasiswa', [...])
 6 SYSTEMPATH/CodeIgniter.php(898): Modules\Mahasiswa\Controllers\Mahasiswa->index()
 7 SYSTEMPATH/CodeIgniter.php(457): CodeIgniter\CodeIgniter->runController(Object(Modules\Mahasiswa\Controllers\Mahasiswa))
 8 SYSTEMPATH/CodeIgniter.php(340): CodeIgniter\CodeIgniter->handleRequest(null, Object(Config\Cache), false)
 9 FCPATH/index.php(55): CodeIgniter\CodeIgniter->run()
10 SYSTEMPATH/Commands/Server/rewrite.php(43): require_once('FCPATH/index.php')
CRITICAL - 2023-01-26 11:57:41 --> Undefined offset: 0
in ROOTPATH/modules/Mahasiswa/Views/mahasiswa.php on line 461.
 1 ROOTPATH/modules/Mahasiswa/Views/mahasiswa.php(461): CodeIgniter\Debug\Exceptions->errorHandler(8, 'Undefined offset: 0', 'ROOTPATH/modules/Mahasiswa/Views/mahasiswa.php', 461, [...])
 2 SYSTEMPATH/View/View.php(213): include('ROOTPATH/modules/Mahasiswa/Views/mahasiswa.php')
 3 SYSTEMPATH/View/View.php(216): CodeIgniter\View\View->CodeIgniter\View\{closure}()
 4 SYSTEMPATH/Common.php(1137): CodeIgniter\View\View->render('Modules\\Mahasiswa\\Views\\mahasiswa', [], true)
 5 ROOTPATH/modules/Mahasiswa/Controllers/Mahasiswa.php(100): view('Modules\\Mahasiswa\\Views\\mahasiswa', [...])
 6 SYSTEMPATH/CodeIgniter.php(898): Modules\Mahasiswa\Controllers\Mahasiswa->index()
 7 SYSTEMPATH/CodeIgniter.php(457): CodeIgniter\CodeIgniter->runController(Object(Modules\Mahasiswa\Controllers\Mahasiswa))
 8 SYSTEMPATH/CodeIgniter.php(340): CodeIgniter\CodeIgniter->handleRequest(null, Object(Config\Cache), false)
 9 FCPATH/index.php(55): CodeIgniter\CodeIgniter->run()
10 SYSTEMPATH/Commands/Server/rewrite.php(43): require_once('FCPATH/index.php')
CRITICAL - 2023-01-26 12:20:41 --> Undefined offset: 0
in ROOTPATH/modules/Mahasiswa/Views/mahasiswa.php on line 461.
 1 ROOTPATH/modules/Mahasiswa/Views/mahasiswa.php(461): CodeIgniter\Debug\Exceptions->errorHandler(8, 'Undefined offset: 0', 'ROOTPATH/modules/Mahasiswa/Views/mahasiswa.php', 461, [...])
 2 SYSTEMPATH/View/View.php(213): include('ROOTPATH/modules/Mahasiswa/Views/mahasiswa.php')
 3 SYSTEMPATH/View/View.php(216): CodeIgniter\View\View->CodeIgniter\View\{closure}()
 4 SYSTEMPATH/Common.php(1137): CodeIgniter\View\View->render('Modules\\Mahasiswa\\Views\\mahasiswa', [], true)
 5 ROOTPATH/modules/Mahasiswa/Controllers/Mahasiswa.php(100): view('Modules\\Mahasiswa\\Views\\mahasiswa', [...])
 6 SYSTEMPATH/CodeIgniter.php(898): Modules\Mahasiswa\Controllers\Mahasiswa->index()
 7 SYSTEMPATH/CodeIgniter.php(457): CodeIgniter\CodeIgniter->runController(Object(Modules\Mahasiswa\Controllers\Mahasiswa))
 8 SYSTEMPATH/CodeIgniter.php(340): CodeIgniter\CodeIgniter->handleRequest(null, Object(Config\Cache), false)
 9 FCPATH/index.php(55): CodeIgniter\CodeIgniter->run()
10 SYSTEMPATH/Commands/Server/rewrite.php(43): require_once('FCPATH/index.php')
CRITICAL - 2023-01-26 12:33:40 --> Undefined offset: 0
in ROOTPATH/modules/Mahasiswa/Views/mahasiswa.php on line 461.
 1 ROOTPATH/modules/Mahasiswa/Views/mahasiswa.php(461): CodeIgniter\Debug\Exceptions->errorHandler(8, 'Undefined offset: 0', 'ROOTPATH/modules/Mahasiswa/Views/mahasiswa.php', 461, [...])
 2 SYSTEMPATH/View/View.php(213): include('ROOTPATH/modules/Mahasiswa/Views/mahasiswa.php')
 3 SYSTEMPATH/View/View.php(216): CodeIgniter\View\View->CodeIgniter\View\{closure}()
 4 SYSTEMPATH/Common.php(1137): CodeIgniter\View\View->render('Modules\\Mahasiswa\\Views\\mahasiswa', [], true)
 5 ROOTPATH/modules/Mahasiswa/Controllers/Mahasiswa.php(100): view('Modules\\Mahasiswa\\Views\\mahasiswa', [...])
 6 SYSTEMPATH/CodeIgniter.php(898): Modules\Mahasiswa\Controllers\Mahasiswa->index()
 7 SYSTEMPATH/CodeIgniter.php(457): CodeIgniter\CodeIgniter->runController(Object(Modules\Mahasiswa\Controllers\Mahasiswa))
 8 SYSTEMPATH/CodeIgniter.php(340): CodeIgniter\CodeIgniter->handleRequest(null, Object(Config\Cache), false)
 9 FCPATH/index.php(55): CodeIgniter\CodeIgniter->run()
10 SYSTEMPATH/Commands/Server/rewrite.php(43): require_once('FCPATH/index.php')
CRITICAL - 2023-01-26 15:58:08 --> Cannot modify header information - headers already sent
in SYSTEMPATH/HTTP/ResponseTrait.php on line 749.
 1 [internal function]: CodeIgniter\Debug\Exceptions->errorHandler(2, 'Cannot modify header information - headers already sent', 'SYSTEMPATH/HTTP/ResponseTrait.php', 749, [...])
 2 SYSTEMPATH/HTTP/ResponseTrait.php(749): setcookie('ci_session', 'b9ho9e56kcjusel5bbagdagpului4sh7', [...])
 3 SYSTEMPATH/HTTP/ResponseTrait.php(725): CodeIgniter\HTTP\Response->doSetCookie('ci_session', 'b9ho9e56kcjusel5bbagdagpului4sh7', [...])
 4 SYSTEMPATH/HTTP/ResponseTrait.php(705): CodeIgniter\HTTP\Response->dispatchCookies()
 5 SYSTEMPATH/HTTP/ResponseTrait.php(445): CodeIgniter\HTTP\Response->sendCookies()
 6 SYSTEMPATH/CodeIgniter.php(1076): CodeIgniter\HTTP\Response->send()
 7 SYSTEMPATH/CodeIgniter.php(510): CodeIgniter\CodeIgniter->sendResponse()
 8 SYSTEMPATH/CodeIgniter.php(340): CodeIgniter\CodeIgniter->handleRequest(null, Object(Config\Cache), false)
 9 FCPATH/index.php(55): CodeIgniter\CodeIgniter->run()
10 SYSTEMPATH/Commands/Server/rewrite.php(43): require_once('FCPATH/index.php')
CRITICAL - 2023-01-26 15:58:08 --> Uncaught ErrorException: Cannot modify header information - headers already sent in /Users/ivan/Codeigniter/umsu-academy/vendor/codeigniter4/framework/system/HTTP/ResponseTrait.php:749
Stack trace:
#0 [internal function]: CodeIgniter\Debug\Exceptions->errorHandler(2, 'Cannot modify h...', '/Users/ivan/Cod...', 749, Array)
#1 /Users/ivan/Codeigniter/umsu-academy/vendor/codeigniter4/framework/system/HTTP/ResponseTrait.php(749): setcookie('ci_session', 'b9ho9e56kcjusel...', Array)
#2 /Users/ivan/Codeigniter/umsu-academy/vendor/codeigniter4/framework/system/HTTP/ResponseTrait.php(725): CodeIgniter\HTTP\Response->doSetCookie('ci_session', 'b9ho9e56kcjusel...', Array)
#3 /Users/ivan/Codeigniter/umsu-academy/vendor/codeigniter4/framework/system/HTTP/ResponseTrait.php(705): CodeIgniter\HTTP\Response->dispatchCookies()
#4 /Users/ivan/Codeigniter/umsu-academy/vendor/codeigniter4/framework/system/HTTP/ResponseTrait.php(445): CodeIgniter\HTTP\Response->sendCookies()
#5 /Users/ivan/Codeigniter/umsu-academy/vendor/codeigni
in SYSTEMPATH/HTTP/ResponseTrait.php on line 749.
 1 [internal function]: CodeIgniter\Debug\Exceptions->shutdownHandler()
