CRITICAL - 2022-09-14 09:42:42 --> cURL error 28: Operation timed out after 60000 milliseconds with 0 bytes received (see https://curl.haxx.se/libcurl/c/libcurl-errors.html) for https://api.xendit.co/v2/invoices
in VENDORPATH/guzzlehttp/guzzle/src/Handler/CurlFactory.php on line 210.
 1 VENDORPATH/guzzlehttp/guzzle/src/Handler/CurlFactory.php(158): GuzzleHttp\Handler\CurlFactory::createRejection(Object(GuzzleHttp\Handler\EasyHandle), [...])
 2 VENDORPATH/guzzlehttp/guzzle/src/Handler/CurlFactory.php(110): GuzzleHttp\Handler\CurlFactory::finishError(Object(GuzzleHttp\Handler\CurlHandler), Object(GuzzleHttp\Handler\EasyHandle), Object(GuzzleHttp\Handler\CurlFactory))
 3 VENDORPATH/guzzlehttp/guzzle/src/Handler/CurlHandler.php(47): GuzzleHttp\Handler\CurlFactory::finish(Object(GuzzleHttp\Handler\CurlHandler), Object(GuzzleHttp\Handler\EasyHandle), Object(GuzzleHttp\Handler\CurlFactory))
 4 VENDORPATH/guzzlehttp/guzzle/src/Handler/Proxy.php(28): GuzzleHttp\Handler\CurlHandler->__invoke(Object(GuzzleHttp\Psr7\Request), [...])
 5 VENDORPATH/guzzlehttp/guzzle/src/Handler/Proxy.php(48): GuzzleHttp\Handler\Proxy::GuzzleHttp\Handler\{closure}(Object(GuzzleHttp\Psr7\Request), [...])
 6 VENDORPATH/guzzlehttp/guzzle/src/PrepareBodyMiddleware.php(64): GuzzleHttp\Handler\Proxy::GuzzleHttp\Handler\{closure}(Object(GuzzleHttp\Psr7\Request), [...])
 7 VENDORPATH/guzzlehttp/guzzle/src/Middleware.php(31): GuzzleHttp\PrepareBodyMiddleware->__invoke(Object(GuzzleHttp\Psr7\Request), [...])
 8 VENDORPATH/guzzlehttp/guzzle/src/RedirectMiddleware.php(71): GuzzleHttp\Middleware::GuzzleHttp\{closure}(Object(GuzzleHttp\Psr7\Request), [...])
 9 VENDORPATH/guzzlehttp/guzzle/src/Middleware.php(63): GuzzleHttp\RedirectMiddleware->__invoke(Object(GuzzleHttp\Psr7\Request), [...])
10 VENDORPATH/guzzlehttp/guzzle/src/HandlerStack.php(75): GuzzleHttp\Middleware::GuzzleHttp\{closure}(Object(GuzzleHttp\Psr7\Request), [...])
11 VENDORPATH/guzzlehttp/guzzle/src/Client.php(331): GuzzleHttp\HandlerStack->__invoke(Object(GuzzleHttp\Psr7\Request), [...])
12 VENDORPATH/guzzlehttp/guzzle/src/Client.php(168): GuzzleHttp\Client->transfer(Object(GuzzleHttp\Psr7\Request), [...])
13 VENDORPATH/guzzlehttp/guzzle/src/Client.php(187): GuzzleHttp\Client->requestAsync('POST', Object(GuzzleHttp\Psr7\Uri), [...])
14 VENDORPATH/xendit/xendit-php/src/HttpClient/GuzzleClient.php(124): GuzzleHttp\Client->request('POST', '/v2/invoices', [...])
15 VENDORPATH/xendit/xendit-php/src/HttpClient/GuzzleClient.php(90): Xendit\HttpClient\GuzzleClient->_executeRequest([...], '/v2/invoices')
16 VENDORPATH/xendit/xendit-php/src/ApiRequestor.php(84): Xendit\HttpClient\GuzzleClient->sendRequest('POST', '/v2/invoices', [...], [...])
17 VENDORPATH/xendit/xendit-php/src/ApiRequestor.php(43): Xendit\ApiRequestor->_requestRaw('POST', '/v2/invoices', [...], [])
18 VENDORPATH/xendit/xendit-php/src/ApiOperations/Request.php(98): Xendit\ApiRequestor->request('POST', '/v2/invoices', [...], [])
19 VENDORPATH/xendit/xendit-php/src/ApiOperations/Create.php(40): Xendit\Invoice::_request('POST', '/v2/invoices', [...])
20 ROOTPATH/modules/Mahasiswa/Controllers/Mahasiswa.php(423): Xendit\Invoice::create([...])
21 SYSTEMPATH/CodeIgniter.php(898): Modules\Mahasiswa\Controllers\Mahasiswa->createInvoice()
22 SYSTEMPATH/CodeIgniter.php(457): CodeIgniter\CodeIgniter->runController(Object(Modules\Mahasiswa\Controllers\Mahasiswa))
23 SYSTEMPATH/CodeIgniter.php(340): CodeIgniter\CodeIgniter->handleRequest(null, Object(Config\Cache), false)
24 FCPATH/index.php(55): CodeIgniter\CodeIgniter->run()
25 SYSTEMPATH/Commands/Server/rewrite.php(43): require_once('FCPATH/index.php')
