ERROR - 2022-11-28 12:19:13 --> Error connecting to the database: ErrorException: pg_connect(): Unable to connect to PostgreSQL server: connection to server at &quot;36.88.21.18&quot;, port 5432 failed: Operation timed out
	Is the server running on that host and accepting TCP/IP connections? in /Users/ivan/Codeigniter/umsu-academy/vendor/codeigniter4/framework/system/Database/Postgre/Connection.php:69
Stack trace:
#0 [internal function]: CodeIgniter\Debug\Exceptions->errorHandler(2, 'pg_connect(): U...', '/Users/ivan/Cod...', 69, Array)
#1 /Users/ivan/Codeigniter/umsu-academy/vendor/codeigniter4/framework/system/Database/Postgre/Connection.php(69): pg_connect('host=36.88.21.1...')
#2 /Users/ivan/Codeigniter/umsu-academy/vendor/codeigniter4/framework/system/Database/BaseConnection.php(382): CodeIgniter\Database\Postgre\Connection->connect(false)
#3 /Users/ivan/Codeigniter/umsu-academy/vendor/codeigniter4/framework/system/Session/Handlers/DatabaseHandler.php(91): CodeIgniter\Database\BaseConnection->initialize()
#4 [internal function]: CodeIgniter\Session\Handlers\DatabaseHandler->open('ci_sessions', 'ci_session')
#5 /Users/ivan/Codeigniter/umsu-academy/vendor/codeigniter4/framework/system/Session/Session.php(918): session_start()
#6 /Users/ivan/Codeigniter/umsu-academy/vendor/codeigniter4/framework/system/Session/Session.php(240): CodeIgniter\Session\Session->startSession()
#7 /Users/ivan/Codeigniter/umsu-academy/vendor/codeigniter4/framework/system/Config/Services.php(665): CodeIgniter\Session\Session->start()
#8 /Users/ivan/Codeigniter/umsu-academy/vendor/codeigniter4/framework/system/Config/BaseService.php(253): CodeIgniter\Config\Services::session(Object(Config\App), false)
#9 /Users/ivan/Codeigniter/umsu-academy/vendor/codeigniter4/framework/system/Config/BaseService.php(194): CodeIgniter\Config\BaseService::__callStatic('session', Array)
#10 /Users/ivan/Codeigniter/umsu-academy/vendor/codeigniter4/framework/system/Config/Services.php(637): CodeIgniter\Config\BaseService::getSharedInstance('session', NULL)
#11 /Users/ivan/Codeigniter/umsu-academy/vendor/codeigniter4/framework/system/Config/BaseService.php(253): CodeIgniter\Config\Services::session()
#12 /Users/ivan/Codeigniter/umsu-academy/vendor/codeigniter4/framework/system/Common.php(934): CodeIgniter\Config\BaseService::__callStatic('session', Array)
#13 /Users/ivan/Codeigniter/umsu-academy/vendor/myth/auth/src/Authentication/AuthenticationBase.php(128): session('logged_in')
#14 /Users/ivan/Codeigniter/umsu-academy/vendor/myth/auth/src/Authentication/LocalAuthenticator.php(67): Myth\Auth\Authentication\AuthenticationBase->isLoggedIn()
#15 /Users/ivan/Codeigniter/umsu-academy/vendor/myth/auth/src/Filters/LoginFilter.php(29): Myth\Auth\Authentication\LocalAuthenticator->check()
#16 /Users/ivan/Codeigniter/umsu-academy/vendor/codeigniter4/framework/system/Filters/Filters.php(173): Myth\Auth\Filters\LoginFilter->before(Object(CodeIgniter\HTTP\IncomingRequest), NULL)
#17 /Users/ivan/Codeigniter/umsu-academy/vendor/codeigniter4/framework/system/CodeIgniter.php(431): CodeIgniter\Filters\Filters->run('/', 'before')
#18 /Users/ivan/Codeigniter/umsu-academy/vendor/codeigniter4/framework/system/CodeIgniter.php(340): CodeIgniter\CodeIgniter->handleRequest(NULL, Object(Config\Cache), false)
#19 /Users/ivan/Codeigniter/umsu-academy/public/index.php(55): CodeIgniter\CodeIgniter->run()
#20 /Users/ivan/Codeigniter/umsu-academy/vendor/codeigniter4/framework/system/Commands/Server/rewrite.php(43): require_once('/Users/ivan/Cod...')
#21 {main}
CRITICAL - 2022-11-28 12:19:13 --> Unable to connect to the database.
Main connection [Postgre]: pg_connect(): Unable to connect to PostgreSQL server: connection to server at &quot;36.88.21.18&quot;, port 5432 failed: Operation timed out
	Is the server running on that host and accepting TCP/IP connections?
in SYSTEMPATH/Database/BaseConnection.php on line 418.
 1 SYSTEMPATH/Session/Handlers/DatabaseHandler.php(91): CodeIgniter\Database\BaseConnection->initialize()
 2 [internal function]: CodeIgniter\Session\Handlers\DatabaseHandler->open('ci_sessions', 'ci_session')
 3 SYSTEMPATH/Session/Session.php(918): session_start()
 4 SYSTEMPATH/Session/Session.php(240): CodeIgniter\Session\Session->startSession()
 5 SYSTEMPATH/Config/Services.php(665): CodeIgniter\Session\Session->start()
 6 SYSTEMPATH/Config/BaseService.php(253): CodeIgniter\Config\Services::session(Object(Config\App), false)
 7 SYSTEMPATH/Config/BaseService.php(194): CodeIgniter\Config\BaseService::__callStatic('session', [...])
 8 SYSTEMPATH/Config/Services.php(637): CodeIgniter\Config\BaseService::getSharedInstance('session', null)
 9 SYSTEMPATH/Config/BaseService.php(253): CodeIgniter\Config\Services::session()
10 SYSTEMPATH/Common.php(934): CodeIgniter\Config\BaseService::__callStatic('session', [])
11 VENDORPATH/myth/auth/src/Authentication/AuthenticationBase.php(128): session('logged_in')
12 VENDORPATH/myth/auth/src/Authentication/LocalAuthenticator.php(67): Myth\Auth\Authentication\AuthenticationBase->isLoggedIn()
13 VENDORPATH/myth/auth/src/Filters/LoginFilter.php(29): Myth\Auth\Authentication\LocalAuthenticator->check()
14 SYSTEMPATH/Filters/Filters.php(173): Myth\Auth\Filters\LoginFilter->before(Object(CodeIgniter\HTTP\IncomingRequest), null)
15 SYSTEMPATH/CodeIgniter.php(431): CodeIgniter\Filters\Filters->run('/', 'before')
16 SYSTEMPATH/CodeIgniter.php(340): CodeIgniter\CodeIgniter->handleRequest(null, Object(Config\Cache), false)
17 FCPATH/index.php(55): CodeIgniter\CodeIgniter->run()
18 SYSTEMPATH/Commands/Server/rewrite.php(43): require_once('FCPATH/index.php')
CRITICAL - 2022-11-28 14:48:07 --> 7 : Failed to connect to 103.154.114.130 port 3003 after 7222 ms: Couldn't connect to server
in SYSTEMPATH/HTTP/CURLRequest.php on line 655.
 1 SYSTEMPATH/HTTP/CURLRequest.php(655): CodeIgniter\HTTP\Exceptions\HTTPException::forCurlError('7', 'Failed to connect to 103.154.114.130 port 3003 after 7222 ms: Couldn\'t connect to server')
 2 SYSTEMPATH/HTTP/CURLRequest.php(363): CodeIgniter\HTTP\CURLRequest->sendRequest([...])
 3 SYSTEMPATH/HTTP/CURLRequest.php(136): CodeIgniter\HTTP\CURLRequest->send('POST', 'http://103.154.114.130:3003/ws/live2.php')
 4 APPPATH/Helpers/curl_helper.php(26): CodeIgniter\HTTP\CURLRequest->request('POST', 'http://103.154.114.130:3003/ws/live2.php', [...])
 5 ROOTPATH/modules/FdrKrs/Controllers/FdrKrs.php(18): getToken()
 6 SYSTEMPATH/CodeIgniter.php(898): Modules\FdrKrs\Controllers\FdrKrs->index()
 7 SYSTEMPATH/CodeIgniter.php(457): CodeIgniter\CodeIgniter->runController(Object(Modules\FdrKrs\Controllers\FdrKrs))
 8 SYSTEMPATH/CodeIgniter.php(340): CodeIgniter\CodeIgniter->handleRequest(null, Object(Config\Cache), false)
 9 FCPATH/index.php(55): CodeIgniter\CodeIgniter->run()
10 SYSTEMPATH/Commands/Server/rewrite.php(43): require_once('FCPATH/index.php')
CRITICAL - 2022-11-28 15:36:30 --> Argument 2 passed to CodeIgniter\HTTP\CURLRequest::request() must be of the type string, array given, called in /Users/ivan/Codeigniter/umsu-academy/app/Helpers/curl_helper.php on line 71
in SYSTEMPATH/HTTP/CURLRequest.php on line 128.
 1 APPPATH/Helpers/curl_helper.php(71): CodeIgniter\HTTP\CURLRequest->request('POST', [...], [...])
 2 ROOTPATH/modules/FdrTranskrip/Controllers/FdrTranskrip.php(30): akses_api('POST', [...], [...])
 3 SYSTEMPATH/CodeIgniter.php(898): Modules\FdrTranskrip\Controllers\FdrTranskrip->index()
 4 SYSTEMPATH/CodeIgniter.php(457): CodeIgniter\CodeIgniter->runController(Object(Modules\FdrTranskrip\Controllers\FdrTranskrip))
 5 SYSTEMPATH/CodeIgniter.php(340): CodeIgniter\CodeIgniter->handleRequest(null, Object(Config\Cache), false)
 6 FCPATH/index.php(55): CodeIgniter\CodeIgniter->run()
 7 SYSTEMPATH/Commands/Server/rewrite.php(43): require_once('FCPATH/index.php')
CRITICAL - 2022-11-28 15:38:58 --> json_decode() expects parameter 1 to be string, object given
in ROOTPATH/modules/FdrTranskrip/Controllers/FdrTranskrip.php on line 32.
 1 [internal function]: CodeIgniter\Debug\Exceptions->errorHandler(2, 'json_decode() expects parameter 1 to be string, object given', 'ROOTPATH/modules/FdrTranskrip/Controllers/FdrTranskrip.php', 32, [...])
 2 ROOTPATH/modules/FdrTranskrip/Controllers/FdrTranskrip.php(32): json_decode(Object(stdClass), true)
 3 SYSTEMPATH/CodeIgniter.php(898): Modules\FdrTranskrip\Controllers\FdrTranskrip->index()
 4 SYSTEMPATH/CodeIgniter.php(457): CodeIgniter\CodeIgniter->runController(Object(Modules\FdrTranskrip\Controllers\FdrTranskrip))
 5 SYSTEMPATH/CodeIgniter.php(340): CodeIgniter\CodeIgniter->handleRequest(null, Object(Config\Cache), false)
 6 FCPATH/index.php(55): CodeIgniter\CodeIgniter->run()
 7 SYSTEMPATH/Commands/Server/rewrite.php(43): require_once('FCPATH/index.php')
CRITICAL - 2022-11-28 15:39:07 --> Array to string conversion
in ROOTPATH/modules/FdrTranskrip/Controllers/FdrTranskrip.php on line 33.
 1 ROOTPATH/modules/FdrTranskrip/Controllers/FdrTranskrip.php(33): CodeIgniter\Debug\Exceptions->errorHandler(8, 'Array to string conversion', 'ROOTPATH/modules/FdrTranskrip/Controllers/FdrTranskrip.php', 33, [...])
 2 SYSTEMPATH/CodeIgniter.php(898): Modules\FdrTranskrip\Controllers\FdrTranskrip->index()
 3 SYSTEMPATH/CodeIgniter.php(457): CodeIgniter\CodeIgniter->runController(Object(Modules\FdrTranskrip\Controllers\FdrTranskrip))
 4 SYSTEMPATH/CodeIgniter.php(340): CodeIgniter\CodeIgniter->handleRequest(null, Object(Config\Cache), false)
 5 FCPATH/index.php(55): CodeIgniter\CodeIgniter->run()
 6 SYSTEMPATH/Commands/Server/rewrite.php(43): require_once('FCPATH/index.php')
CRITICAL - 2022-11-28 15:54:40 --> Array to string conversion
in APPPATH/Helpers/curl_helper.php on line 31.
 1 APPPATH/Helpers/curl_helper.php(31): CodeIgniter\Debug\Exceptions->errorHandler(8, 'Array to string conversion', 'APPPATH/Helpers/curl_helper.php', 31, [...])
 2 ROOTPATH/modules/FdrTranskrip/Controllers/FdrTranskrip.php(29): akses_api('POST', 'http://103.154.114.130:3003/ws/live2.php', [...])
 3 SYSTEMPATH/CodeIgniter.php(898): Modules\FdrTranskrip\Controllers\FdrTranskrip->index()
 4 SYSTEMPATH/CodeIgniter.php(457): CodeIgniter\CodeIgniter->runController(Object(Modules\FdrTranskrip\Controllers\FdrTranskrip))
 5 SYSTEMPATH/CodeIgniter.php(340): CodeIgniter\CodeIgniter->handleRequest(null, Object(Config\Cache), false)
 6 FCPATH/index.php(55): CodeIgniter\CodeIgniter->run()
 7 SYSTEMPATH/Commands/Server/rewrite.php(43): require_once('FCPATH/index.php')
CRITICAL - 2022-11-28 16:12:22 --> Undefined index: token
in APPPATH/Helpers/curl_helper.php on line 51.
 1 APPPATH/Helpers/curl_helper.php(51): CodeIgniter\Debug\Exceptions->errorHandler(8, 'Undefined index: token', 'APPPATH/Helpers/curl_helper.php', 51, [...])
 2 ROOTPATH/modules/FdrTranskrip/Controllers/FdrTranskrip.php(22): akses_api('POST', 'http://103.154.114.130:3003/ws/live2.php', [...])
 3 SYSTEMPATH/CodeIgniter.php(898): Modules\FdrTranskrip\Controllers\FdrTranskrip->index()
 4 SYSTEMPATH/CodeIgniter.php(457): CodeIgniter\CodeIgniter->runController(Object(Modules\FdrTranskrip\Controllers\FdrTranskrip))
 5 SYSTEMPATH/CodeIgniter.php(340): CodeIgniter\CodeIgniter->handleRequest(null, Object(Config\Cache), false)
 6 FCPATH/index.php(55): CodeIgniter\CodeIgniter->run()
 7 SYSTEMPATH/Commands/Server/rewrite.php(43): require_once('FCPATH/index.php')
CRITICAL - 2022-11-28 16:12:37 --> Undefined index: token
in APPPATH/Helpers/curl_helper.php on line 51.
 1 APPPATH/Helpers/curl_helper.php(51): CodeIgniter\Debug\Exceptions->errorHandler(8, 'Undefined index: token', 'APPPATH/Helpers/curl_helper.php', 51, [...])
 2 ROOTPATH/modules/FdrTranskrip/Controllers/FdrTranskrip.php(22): akses_api('POST', 'http://103.154.114.130:3003/ws/live2.php', [...])
 3 SYSTEMPATH/CodeIgniter.php(898): Modules\FdrTranskrip\Controllers\FdrTranskrip->index()
 4 SYSTEMPATH/CodeIgniter.php(457): CodeIgniter\CodeIgniter->runController(Object(Modules\FdrTranskrip\Controllers\FdrTranskrip))
 5 SYSTEMPATH/CodeIgniter.php(340): CodeIgniter\CodeIgniter->handleRequest(null, Object(Config\Cache), false)
 6 FCPATH/index.php(55): CodeIgniter\CodeIgniter->run()
 7 SYSTEMPATH/Commands/Server/rewrite.php(43): require_once('FCPATH/index.php')
CRITICAL - 2022-11-28 16:14:01 --> Undefined index: token
in APPPATH/Helpers/curl_helper.php on line 51.
 1 APPPATH/Helpers/curl_helper.php(51): CodeIgniter\Debug\Exceptions->errorHandler(8, 'Undefined index: token', 'APPPATH/Helpers/curl_helper.php', 51, [...])
 2 ROOTPATH/modules/FdrTranskrip/Controllers/FdrTranskrip.php(22): akses_api('POST', 'http://103.154.114.130:3003/ws/live2.php', [...])
 3 SYSTEMPATH/CodeIgniter.php(898): Modules\FdrTranskrip\Controllers\FdrTranskrip->index()
 4 SYSTEMPATH/CodeIgniter.php(457): CodeIgniter\CodeIgniter->runController(Object(Modules\FdrTranskrip\Controllers\FdrTranskrip))
 5 SYSTEMPATH/CodeIgniter.php(340): CodeIgniter\CodeIgniter->handleRequest(null, Object(Config\Cache), false)
 6 FCPATH/index.php(55): CodeIgniter\CodeIgniter->run()
 7 SYSTEMPATH/Commands/Server/rewrite.php(43): require_once('FCPATH/index.php')
CRITICAL - 2022-11-28 16:14:29 --> Array to string conversion
in APPPATH/Helpers/curl_helper.php on line 51.
 1 APPPATH/Helpers/curl_helper.php(51): CodeIgniter\Debug\Exceptions->errorHandler(8, 'Array to string conversion', 'APPPATH/Helpers/curl_helper.php', 51, [...])
 2 ROOTPATH/modules/FdrTranskrip/Controllers/FdrTranskrip.php(22): akses_api('POST', 'http://103.154.114.130:3003/ws/live2.php', [...])
 3 SYSTEMPATH/CodeIgniter.php(898): Modules\FdrTranskrip\Controllers\FdrTranskrip->index()
 4 SYSTEMPATH/CodeIgniter.php(457): CodeIgniter\CodeIgniter->runController(Object(Modules\FdrTranskrip\Controllers\FdrTranskrip))
 5 SYSTEMPATH/CodeIgniter.php(340): CodeIgniter\CodeIgniter->handleRequest(null, Object(Config\Cache), false)
 6 FCPATH/index.php(55): CodeIgniter\CodeIgniter->run()
 7 SYSTEMPATH/Commands/Server/rewrite.php(43): require_once('FCPATH/index.php')
CRITICAL - 2022-11-28 16:17:43 --> Illegal string offset 'data'
in ROOTPATH/modules/FdrTranskrip/Controllers/FdrTranskrip.php on line 23.
 1 ROOTPATH/modules/FdrTranskrip/Controllers/FdrTranskrip.php(23): CodeIgniter\Debug\Exceptions->errorHandler(2, 'Illegal string offset \'data\'', 'ROOTPATH/modules/FdrTranskrip/Controllers/FdrTranskrip.php', 23, [...])
 2 SYSTEMPATH/CodeIgniter.php(898): Modules\FdrTranskrip\Controllers\FdrTranskrip->index()
 3 SYSTEMPATH/CodeIgniter.php(457): CodeIgniter\CodeIgniter->runController(Object(Modules\FdrTranskrip\Controllers\FdrTranskrip))
 4 SYSTEMPATH/CodeIgniter.php(340): CodeIgniter\CodeIgniter->handleRequest(null, Object(Config\Cache), false)
 5 FCPATH/index.php(55): CodeIgniter\CodeIgniter->run()
 6 SYSTEMPATH/Commands/Server/rewrite.php(43): require_once('FCPATH/index.php')
CRITICAL - 2022-11-28 16:18:31 --> Trying to get property 'data' of non-object
in ROOTPATH/modules/FdrTranskrip/Controllers/FdrTranskrip.php on line 23.
 1 ROOTPATH/modules/FdrTranskrip/Controllers/FdrTranskrip.php(23): CodeIgniter\Debug\Exceptions->errorHandler(8, 'Trying to get property \'data\' of non-object', 'ROOTPATH/modules/FdrTranskrip/Controllers/FdrTranskrip.php', 23, [...])
 2 SYSTEMPATH/CodeIgniter.php(898): Modules\FdrTranskrip\Controllers\FdrTranskrip->index()
 3 SYSTEMPATH/CodeIgniter.php(457): CodeIgniter\CodeIgniter->runController(Object(Modules\FdrTranskrip\Controllers\FdrTranskrip))
 4 SYSTEMPATH/CodeIgniter.php(340): CodeIgniter\CodeIgniter->handleRequest(null, Object(Config\Cache), false)
 5 FCPATH/index.php(55): CodeIgniter\CodeIgniter->run()
 6 SYSTEMPATH/Commands/Server/rewrite.php(43): require_once('FCPATH/index.php')
