ERROR - 2022-11-21 09:43:59 --> Error connecting to the database: ErrorException: pg_connect(): Unable to connect to PostgreSQL server: connection to server at &quot;192.168.201.249&quot;, port 5432 failed: Network is unreachable
	Is the server running on that host and accepting TCP/IP connections? in /Users/ivan/Codeigniter/umsu-academy/vendor/codeigniter4/framework/system/Database/Postgre/Connection.php:69
Stack trace:
#0 [internal function]: CodeIgniter\Debug\Exceptions->errorHandler(2, 'pg_connect(): U...', '/Users/ivan/Cod...', 69, Array)
#1 /Users/ivan/Codeigniter/umsu-academy/vendor/codeigniter4/framework/system/Database/Postgre/Connection.php(69): pg_connect('host=192.168.20...')
#2 /Users/ivan/Codeigniter/umsu-academy/vendor/codeigniter4/framework/system/Database/BaseConnection.php(382): CodeIgniter\Database\Postgre\Connection->connect(false)
#3 /Users/ivan/Codeigniter/umsu-academy/vendor/codeigniter4/framework/system/Session/Handlers/DatabaseHandler.php(91): CodeIgniter\Database\BaseConnection->initialize()
#4 [internal function]: CodeIgniter\Session\Handlers\DatabaseHandler->open('ci_sessions', 'ci_session')
#5 /Users/ivan/Codeigniter/umsu-academy/vendor/codeigniter4/framework/system/Session/Session.php(918): session_start()
#6 /Users/ivan/Codeigniter/umsu-academy/vendor/codeigniter4/framework/system/Session/Session.php(240): CodeIgniter\Session\Session->startSession()
#7 /Users/ivan/Codeigniter/umsu-academy/vendor/codeigniter4/framework/system/Config/Services.php(665): CodeIgniter\Session\Session->start()
#8 /Users/ivan/Codeigniter/umsu-academy/vendor/codeigniter4/framework/system/Config/BaseService.php(253): CodeIgniter\Config\Services::session(Object(Config\App), false)
#9 /Users/ivan/Codeigniter/umsu-academy/vendor/codeigniter4/framework/system/Config/BaseService.php(194): CodeIgniter\Config\BaseService::__callStatic('session', Array)
#10 /Users/ivan/Codeigniter/umsu-academy/vendor/codeigniter4/framework/system/Config/Services.php(637): CodeIgniter\Config\BaseService::getSharedInstance('session', NULL)
#11 /Users/ivan/Codeigniter/umsu-academy/vendor/codeigniter4/framework/system/Config/BaseService.php(253): CodeIgniter\Config\Services::session()
#12 /Users/ivan/Codeigniter/umsu-academy/vendor/codeigniter4/framework/system/Common.php(934): CodeIgniter\Config\BaseService::__callStatic('session', Array)
#13 /Users/ivan/Codeigniter/umsu-academy/vendor/myth/auth/src/Authentication/AuthenticationBase.php(128): session('logged_in')
#14 /Users/ivan/Codeigniter/umsu-academy/vendor/myth/auth/src/Authentication/LocalAuthenticator.php(67): Myth\Auth\Authentication\AuthenticationBase->isLoggedIn()
#15 /Users/ivan/Codeigniter/umsu-academy/vendor/myth/auth/src/Filters/RoleFilter.php(21): Myth\Auth\Authentication\LocalAuthenticator->check()
#16 /Users/ivan/Codeigniter/umsu-academy/vendor/codeigniter4/framework/system/Filters/Filters.php(173): Myth\Auth\Filters\RoleFilter->before(Object(CodeIgniter\HTTP\IncomingRequest), Array)
#17 /Users/ivan/Codeigniter/umsu-academy/vendor/codeigniter4/framework/system/CodeIgniter.php(431): CodeIgniter\Filters\Filters->run('mahasiswa', 'before')
#18 /Users/ivan/Codeigniter/umsu-academy/vendor/codeigniter4/framework/system/CodeIgniter.php(340): CodeIgniter\CodeIgniter->handleRequest(NULL, Object(Config\Cache), false)
#19 /Users/ivan/Codeigniter/umsu-academy/public/index.php(55): CodeIgniter\CodeIgniter->run()
#20 /Users/ivan/Codeigniter/umsu-academy/vendor/codeigniter4/framework/system/Commands/Server/rewrite.php(43): require_once('/Users/ivan/Cod...')
#21 {main}
CRITICAL - 2022-11-21 09:43:59 --> Unable to connect to the database.
Main connection [Postgre]: pg_connect(): Unable to connect to PostgreSQL server: connection to server at &quot;192.168.201.249&quot;, port 5432 failed: Network is unreachable
	Is the server running on that host and accepting TCP/IP connections?
in SYSTEMPATH/Database/BaseConnection.php on line 418.
 1 SYSTEMPATH/Session/Handlers/DatabaseHandler.php(91): CodeIgniter\Database\BaseConnection->initialize()
 2 [internal function]: CodeIgniter\Session\Handlers\DatabaseHandler->open('ci_sessions', 'ci_session')
 3 SYSTEMPATH/Session/Session.php(918): session_start()
 4 SYSTEMPATH/Session/Session.php(240): CodeIgniter\Session\Session->startSession()
 5 SYSTEMPATH/Config/Services.php(665): CodeIgniter\Session\Session->start()
 6 SYSTEMPATH/Config/BaseService.php(253): CodeIgniter\Config\Services::session(Object(Config\App), false)
 7 SYSTEMPATH/Config/BaseService.php(194): CodeIgniter\Config\BaseService::__callStatic('session', [...])
 8 SYSTEMPATH/Config/Services.php(637): CodeIgniter\Config\BaseService::getSharedInstance('session', null)
 9 SYSTEMPATH/Config/BaseService.php(253): CodeIgniter\Config\Services::session()
10 SYSTEMPATH/Common.php(934): CodeIgniter\Config\BaseService::__callStatic('session', [])
11 VENDORPATH/myth/auth/src/Authentication/AuthenticationBase.php(128): session('logged_in')
12 VENDORPATH/myth/auth/src/Authentication/LocalAuthenticator.php(67): Myth\Auth\Authentication\AuthenticationBase->isLoggedIn()
13 VENDORPATH/myth/auth/src/Filters/RoleFilter.php(21): Myth\Auth\Authentication\LocalAuthenticator->check()
14 SYSTEMPATH/Filters/Filters.php(173): Myth\Auth\Filters\RoleFilter->before(Object(CodeIgniter\HTTP\IncomingRequest), [...])
15 SYSTEMPATH/CodeIgniter.php(431): CodeIgniter\Filters\Filters->run('mahasiswa', 'before')
16 SYSTEMPATH/CodeIgniter.php(340): CodeIgniter\CodeIgniter->handleRequest(null, Object(Config\Cache), false)
17 FCPATH/index.php(55): CodeIgniter\CodeIgniter->run()
18 SYSTEMPATH/Commands/Server/rewrite.php(43): require_once('FCPATH/index.php')
CRITICAL - 2022-11-21 09:50:03 --> Undefined offset: 0
in ROOTPATH/modules/SetMatkulDitawarkan/Controllers/SetMatkulDitawarkan.php on line 301.
 1 ROOTPATH/modules/SetMatkulDitawarkan/Controllers/SetMatkulDitawarkan.php(301): CodeIgniter\Debug\Exceptions->errorHandler(8, 'Undefined offset: 0', 'ROOTPATH/modules/SetMatkulDitawarkan/Controllers/SetMatkulDitawarkan.php', 301, [...])
 2 SYSTEMPATH/CodeIgniter.php(898): Modules\SetMatkulDitawarkan\Controllers\SetMatkulDitawarkan->cari()
 3 SYSTEMPATH/CodeIgniter.php(457): CodeIgniter\CodeIgniter->runController(Object(Modules\SetMatkulDitawarkan\Controllers\SetMatkulDitawarkan))
 4 SYSTEMPATH/CodeIgniter.php(340): CodeIgniter\CodeIgniter->handleRequest(null, Object(Config\Cache), false)
 5 FCPATH/index.php(55): CodeIgniter\CodeIgniter->run()
 6 SYSTEMPATH/Commands/Server/rewrite.php(43): require_once('FCPATH/index.php')
CRITICAL - 2022-11-21 09:50:11 --> Undefined offset: 0
in ROOTPATH/modules/SetMatkulDitawarkan/Controllers/SetMatkulDitawarkan.php on line 301.
 1 ROOTPATH/modules/SetMatkulDitawarkan/Controllers/SetMatkulDitawarkan.php(301): CodeIgniter\Debug\Exceptions->errorHandler(8, 'Undefined offset: 0', 'ROOTPATH/modules/SetMatkulDitawarkan/Controllers/SetMatkulDitawarkan.php', 301, [...])
 2 SYSTEMPATH/CodeIgniter.php(898): Modules\SetMatkulDitawarkan\Controllers\SetMatkulDitawarkan->cari()
 3 SYSTEMPATH/CodeIgniter.php(457): CodeIgniter\CodeIgniter->runController(Object(Modules\SetMatkulDitawarkan\Controllers\SetMatkulDitawarkan))
 4 SYSTEMPATH/CodeIgniter.php(340): CodeIgniter\CodeIgniter->handleRequest(null, Object(Config\Cache), false)
 5 FCPATH/index.php(55): CodeIgniter\CodeIgniter->run()
 6 SYSTEMPATH/Commands/Server/rewrite.php(43): require_once('FCPATH/index.php')
CRITICAL - 2022-11-21 09:50:45 --> Undefined offset: 0
in ROOTPATH/modules/Mahasiswa/Controllers/Mahasiswa.php on line 198.
 1 ROOTPATH/modules/Mahasiswa/Controllers/Mahasiswa.php(198): CodeIgniter\Debug\Exceptions->errorHandler(8, 'Undefined offset: 0', 'ROOTPATH/modules/Mahasiswa/Controllers/Mahasiswa.php', 198, [...])
 2 SYSTEMPATH/CodeIgniter.php(898): Modules\Mahasiswa\Controllers\Mahasiswa->add()
 3 SYSTEMPATH/CodeIgniter.php(457): CodeIgniter\CodeIgniter->runController(Object(Modules\Mahasiswa\Controllers\Mahasiswa))
 4 SYSTEMPATH/CodeIgniter.php(340): CodeIgniter\CodeIgniter->handleRequest(null, Object(Config\Cache), false)
 5 FCPATH/index.php(55): CodeIgniter\CodeIgniter->run()
 6 SYSTEMPATH/Commands/Server/rewrite.php(43): require_once('FCPATH/index.php')
CRITICAL - 2022-11-21 09:50:52 --> Undefined offset: 0
in ROOTPATH/modules/SetMatkulDitawarkan/Controllers/SetMatkulDitawarkan.php on line 301.
 1 ROOTPATH/modules/SetMatkulDitawarkan/Controllers/SetMatkulDitawarkan.php(301): CodeIgniter\Debug\Exceptions->errorHandler(8, 'Undefined offset: 0', 'ROOTPATH/modules/SetMatkulDitawarkan/Controllers/SetMatkulDitawarkan.php', 301, [...])
 2 SYSTEMPATH/CodeIgniter.php(898): Modules\SetMatkulDitawarkan\Controllers\SetMatkulDitawarkan->cari()
 3 SYSTEMPATH/CodeIgniter.php(457): CodeIgniter\CodeIgniter->runController(Object(Modules\SetMatkulDitawarkan\Controllers\SetMatkulDitawarkan))
 4 SYSTEMPATH/CodeIgniter.php(340): CodeIgniter\CodeIgniter->handleRequest(null, Object(Config\Cache), false)
 5 FCPATH/index.php(55): CodeIgniter\CodeIgniter->run()
 6 SYSTEMPATH/Commands/Server/rewrite.php(43): require_once('FCPATH/index.php')
CRITICAL - 2022-11-21 10:01:06 --> Cannot modify header information - headers already sent
in SYSTEMPATH/HTTP/ResponseTrait.php on line 749.
 1 [internal function]: CodeIgniter\Debug\Exceptions->errorHandler(2, 'Cannot modify header information - headers already sent', 'SYSTEMPATH/HTTP/ResponseTrait.php', 749, [...])
 2 SYSTEMPATH/HTTP/ResponseTrait.php(749): setcookie('ci_session', 'jrn9lcvpv98le03v8i69tvvkem3n1fta', [...])
 3 SYSTEMPATH/HTTP/ResponseTrait.php(725): CodeIgniter\HTTP\Response->doSetCookie('ci_session', 'jrn9lcvpv98le03v8i69tvvkem3n1fta', [...])
 4 SYSTEMPATH/HTTP/ResponseTrait.php(705): CodeIgniter\HTTP\Response->dispatchCookies()
 5 SYSTEMPATH/HTTP/ResponseTrait.php(445): CodeIgniter\HTTP\Response->sendCookies()
 6 SYSTEMPATH/CodeIgniter.php(1076): CodeIgniter\HTTP\Response->send()
 7 SYSTEMPATH/CodeIgniter.php(510): CodeIgniter\CodeIgniter->sendResponse()
 8 SYSTEMPATH/CodeIgniter.php(340): CodeIgniter\CodeIgniter->handleRequest(null, Object(Config\Cache), false)
 9 FCPATH/index.php(55): CodeIgniter\CodeIgniter->run()
10 SYSTEMPATH/Commands/Server/rewrite.php(43): require_once('FCPATH/index.php')
CRITICAL - 2022-11-21 10:01:06 --> Uncaught ErrorException: Cannot modify header information - headers already sent in /Users/ivan/Codeigniter/umsu-academy/vendor/codeigniter4/framework/system/HTTP/ResponseTrait.php:749
Stack trace:
#0 [internal function]: CodeIgniter\Debug\Exceptions->errorHandler(2, 'Cannot modify h...', '/Users/ivan/Cod...', 749, Array)
#1 /Users/ivan/Codeigniter/umsu-academy/vendor/codeigniter4/framework/system/HTTP/ResponseTrait.php(749): setcookie('ci_session', 'jrn9lcvpv98le03...', Array)
#2 /Users/ivan/Codeigniter/umsu-academy/vendor/codeigniter4/framework/system/HTTP/ResponseTrait.php(725): CodeIgniter\HTTP\Response->doSetCookie('ci_session', 'jrn9lcvpv98le03...', Array)
#3 /Users/ivan/Codeigniter/umsu-academy/vendor/codeigniter4/framework/system/HTTP/ResponseTrait.php(705): CodeIgniter\HTTP\Response->dispatchCookies()
#4 /Users/ivan/Codeigniter/umsu-academy/vendor/codeigniter4/framework/system/HTTP/ResponseTrait.php(445): CodeIgniter\HTTP\Response->sendCookies()
#5 /Users/ivan/Codeigniter/umsu-academy/vendor/codeigni
in SYSTEMPATH/HTTP/ResponseTrait.php on line 749.
 1 [internal function]: CodeIgniter\Debug\Exceptions->shutdownHandler()
CRITICAL - 2022-11-21 11:01:09 --> Undefined offset: 0
in ROOTPATH/modules/KeuTeller/Controllers/KeuTeller.php on line 57.
 1 ROOTPATH/modules/KeuTeller/Controllers/KeuTeller.php(57): CodeIgniter\Debug\Exceptions->errorHandler(8, 'Undefined offset: 0', 'ROOTPATH/modules/KeuTeller/Controllers/KeuTeller.php', 57, [...])
 2 SYSTEMPATH/CodeIgniter.php(898): Modules\KeuTeller\Controllers\KeuTeller->loadData()
 3 SYSTEMPATH/CodeIgniter.php(457): CodeIgniter\CodeIgniter->runController(Object(Modules\KeuTeller\Controllers\KeuTeller))
 4 SYSTEMPATH/CodeIgniter.php(340): CodeIgniter\CodeIgniter->handleRequest(null, Object(Config\Cache), false)
 5 FCPATH/index.php(55): CodeIgniter\CodeIgniter->run()
 6 SYSTEMPATH/Commands/Server/rewrite.php(43): require_once('FCPATH/index.php')
CRITICAL - 2022-11-21 11:01:40 --> Undefined offset: 0
in ROOTPATH/modules/KeuTeller/Controllers/KeuTeller.php on line 57.
 1 ROOTPATH/modules/KeuTeller/Controllers/KeuTeller.php(57): CodeIgniter\Debug\Exceptions->errorHandler(8, 'Undefined offset: 0', 'ROOTPATH/modules/KeuTeller/Controllers/KeuTeller.php', 57, [...])
 2 SYSTEMPATH/CodeIgniter.php(898): Modules\KeuTeller\Controllers\KeuTeller->loadData()
 3 SYSTEMPATH/CodeIgniter.php(457): CodeIgniter\CodeIgniter->runController(Object(Modules\KeuTeller\Controllers\KeuTeller))
 4 SYSTEMPATH/CodeIgniter.php(340): CodeIgniter\CodeIgniter->handleRequest(null, Object(Config\Cache), false)
 5 FCPATH/index.php(55): CodeIgniter\CodeIgniter->run()
 6 SYSTEMPATH/Commands/Server/rewrite.php(43): require_once('FCPATH/index.php')
CRITICAL - 2022-11-21 11:02:54 --> Undefined offset: 0
in ROOTPATH/modules/KeuTeller/Controllers/KeuTeller.php on line 241.
 1 ROOTPATH/modules/KeuTeller/Controllers/KeuTeller.php(241): CodeIgniter\Debug\Exceptions->errorHandler(8, 'Undefined offset: 0', 'ROOTPATH/modules/KeuTeller/Controllers/KeuTeller.php', 241, [...])
 2 ROOTPATH/modules/KeuTeller/Controllers/KeuTeller.php(67): Modules\KeuTeller\Controllers\KeuTeller->cekJadwalLunas()
 3 SYSTEMPATH/CodeIgniter.php(898): Modules\KeuTeller\Controllers\KeuTeller->loadData()
 4 SYSTEMPATH/CodeIgniter.php(457): CodeIgniter\CodeIgniter->runController(Object(Modules\KeuTeller\Controllers\KeuTeller))
 5 SYSTEMPATH/CodeIgniter.php(340): CodeIgniter\CodeIgniter->handleRequest(null, Object(Config\Cache), false)
 6 FCPATH/index.php(55): CodeIgniter\CodeIgniter->run()
 7 SYSTEMPATH/Commands/Server/rewrite.php(43): require_once('FCPATH/index.php')
CRITICAL - 2022-11-21 11:03:26 --> Undefined offset: 0
in ROOTPATH/modules/KeuTeller/Views/keuTeller.php on line 229.
 1 ROOTPATH/modules/KeuTeller/Views/keuTeller.php(229): CodeIgniter\Debug\Exceptions->errorHandler(8, 'Undefined offset: 0', 'ROOTPATH/modules/KeuTeller/Views/keuTeller.php', 229, [...])
 2 SYSTEMPATH/View/View.php(213): include('ROOTPATH/modules/KeuTeller/Views/keuTeller.php')
 3 SYSTEMPATH/View/View.php(216): CodeIgniter\View\View->CodeIgniter\View\{closure}()
 4 SYSTEMPATH/Common.php(1137): CodeIgniter\View\View->render('Modules\\KeuTeller\\Views\\keuTeller', [], true)
 5 ROOTPATH/modules/KeuTeller/Controllers/KeuTeller.php(72): view('Modules\\KeuTeller\\Views\\keuTeller', [...])
 6 SYSTEMPATH/CodeIgniter.php(898): Modules\KeuTeller\Controllers\KeuTeller->loadData()
 7 SYSTEMPATH/CodeIgniter.php(457): CodeIgniter\CodeIgniter->runController(Object(Modules\KeuTeller\Controllers\KeuTeller))
 8 SYSTEMPATH/CodeIgniter.php(340): CodeIgniter\CodeIgniter->handleRequest(null, Object(Config\Cache), false)
 9 FCPATH/index.php(55): CodeIgniter\CodeIgniter->run()
10 SYSTEMPATH/Commands/Server/rewrite.php(43): require_once('FCPATH/index.php')
CRITICAL - 2022-11-21 11:03:56 --> Undefined offset: 0
in ROOTPATH/modules/KeuTeller/Views/keuTeller.php on line 269.
 1 ROOTPATH/modules/KeuTeller/Views/keuTeller.php(269): CodeIgniter\Debug\Exceptions->errorHandler(8, 'Undefined offset: 0', 'ROOTPATH/modules/KeuTeller/Views/keuTeller.php', 269, [...])
 2 SYSTEMPATH/View/View.php(213): include('ROOTPATH/modules/KeuTeller/Views/keuTeller.php')
 3 SYSTEMPATH/View/View.php(216): CodeIgniter\View\View->CodeIgniter\View\{closure}()
 4 SYSTEMPATH/Common.php(1137): CodeIgniter\View\View->render('Modules\\KeuTeller\\Views\\keuTeller', [], true)
 5 ROOTPATH/modules/KeuTeller/Controllers/KeuTeller.php(72): view('Modules\\KeuTeller\\Views\\keuTeller', [...])
 6 SYSTEMPATH/CodeIgniter.php(898): Modules\KeuTeller\Controllers\KeuTeller->loadData()
 7 SYSTEMPATH/CodeIgniter.php(457): CodeIgniter\CodeIgniter->runController(Object(Modules\KeuTeller\Controllers\KeuTeller))
 8 SYSTEMPATH/CodeIgniter.php(340): CodeIgniter\CodeIgniter->handleRequest(null, Object(Config\Cache), false)
 9 FCPATH/index.php(55): CodeIgniter\CodeIgniter->run()
10 SYSTEMPATH/Commands/Server/rewrite.php(43): require_once('FCPATH/index.php')
ERROR - 2022-11-21 11:16:03 --> ErrorException: pg_query(): Query failed: ERROR:  column dt_mahasiswa.mahasiswanpm does not exist
LINE 9: WHERE LOWER(dt_mahasiswa.mahasiswaNpm) LIKE '%patra%' ESCAPE...
                    ^
HINT:  Perhaps you meant to reference the column &quot;dt_mahasiswa.mahasiswaNpm&quot;. in /Users/ivan/Codeigniter/umsu-academy/vendor/codeigniter4/framework/system/Database/Postgre/Connection.php:140
Stack trace:
#0 [internal function]: CodeIgniter\Debug\Exceptions->errorHandler(2, 'pg_query(): Que...', '/Users/ivan/Cod...', 140, Array)
#1 /Users/ivan/Codeigniter/umsu-academy/vendor/codeigniter4/framework/system/Database/Postgre/Connection.php(140): pg_query(Resource id #15, 'SELECT COUNT(*)...')
#2 /Users/ivan/Codeigniter/umsu-academy/vendor/codeigniter4/framework/system/Database/BaseConnection.php(693): CodeIgniter\Database\Postgre\Connection->execute('SELECT COUNT(*)...')
#3 /Users/ivan/Codeigniter/umsu-academy/vendor/codeigniter4/framework/system/Database/BaseConnection.php(620): CodeIgniter\Database\BaseConnection->simpleQuery('SELECT COUNT(*)...')
#4 /Users/ivan/Codeigniter/umsu-academy/vendor/codeigniter4/framework/system/Database/BaseBuilder.php(1669): CodeIgniter\Database\BaseConnection->query('SELECT COUNT(*)...', Array, false)
#5 /Users/ivan/Codeigniter/umsu-academy/vendor/codeigniter4/framework/system/Model.php(550): CodeIgniter\Database\BaseBuilder->countAllResults(false)
#6 /Users/ivan/Codeigniter/umsu-academy/vendor/codeigniter4/framework/system/BaseModel.php(1085): CodeIgniter\Model->countAllResults(false)
#7 /Users/ivan/Codeigniter/umsu-academy/modules/DataMahasiswa/Controllers/DataMahasiswa.php(95): CodeIgniter\BaseModel->paginate(25, 'dataMahasiswa')
#8 /Users/ivan/Codeigniter/umsu-academy/vendor/codeigniter4/framework/system/CodeIgniter.php(898): Modules\DataMahasiswa\Controllers\DataMahasiswa->index()
#9 /Users/ivan/Codeigniter/umsu-academy/vendor/codeigniter4/framework/system/CodeIgniter.php(457): CodeIgniter\CodeIgniter->runController(Object(Modules\DataMahasiswa\Controllers\DataMahasiswa))
#10 /Users/ivan/Codeigniter/umsu-academy/vendor/codeigniter4/framework/system/CodeIgniter.php(340): CodeIgniter\CodeIgniter->handleRequest(NULL, Object(Config\Cache), false)
#11 /Users/ivan/Codeigniter/umsu-academy/public/index.php(55): CodeIgniter\CodeIgniter->run()
#12 /Users/ivan/Codeigniter/umsu-academy/vendor/codeigniter4/framework/system/Commands/Server/rewrite.php(43): require_once('/Users/ivan/Cod...')
#13 {main}
CRITICAL - 2022-11-21 11:16:03 --> pg_query(): Query failed: ERROR:  column dt_mahasiswa.mahasiswanpm does not exist
LINE 9: WHERE LOWER(dt_mahasiswa.mahasiswaNpm) LIKE '%patra%' ESCAPE...
                    ^
HINT:  Perhaps you meant to reference the column &quot;dt_mahasiswa.mahasiswaNpm&quot;.
in SYSTEMPATH/Database/Postgre/Connection.php on line 140.
 1 [internal function]: CodeIgniter\Debug\Exceptions->errorHandler(2, 'pg_query(): Query failed: ERROR:  column dt_mahasiswa.mahasiswanpm does not exist
LINE 9: WHERE LOWER(dt_mahasiswa.mahasiswaNpm) LIKE \'%patra%\' ESCAPE...
                    ^
HINT:  Perhaps you meant to reference the column &quot;dt_mahasiswa.mahasiswaNpm&quot;.', 'SYSTEMPATH/Database/Postgre/Connection.php', 140, [...])
 2 SYSTEMPATH/Database/Postgre/Connection.php(140): pg_query(resource (pgsql link), 'SELECT COUNT(*) AS "numrows"
FROM "dt_mahasiswa"
LEFT JOIN "dt_kelas" ON dt_kelas."kelasId" = dt_mahasiswa."mahasiswaKelasId"
LEFT JOIN "ref_jenis_kelamin" ON ref_jenis_kelamin."refJkId" = dt_mahasiswa."mahasiswaJenisKelaminId"
LEFT JOIN "setting_prodi_program_kuliah" ON "setting_prodi_program_kuliah"."setProdiProgramKuliahId" = "dt_mahasiswa"."mahasiswaProdiProgramKuliahId"
LEFT JOIN "dt_program_kuliah" ON "dt_program_kuliah"."programKuliahId" = "setting_prodi_program_kuliah"."setProdiProgramKuliahProgramKuliahId"
LEFT JOIN "dt_prodi" ON "dt_prodi"."prodiId" = "setting_prodi_program_kuliah"."setProdiProgramKuliahProdiId"
LEFT JOIN "dt_waktu_kuliah" ON "dt_waktu_kuliah"."waktuId" = "setting_prodi_program_kuliah"."setProdiProgramKuliahWaktuKuliahId"
WHERE LOWER(dt_mahasiswa.mahasiswaNpm) LIKE \'%patra%\' ESCAPE \'!\'
OR  LOWER(dt_mahasiswa.mahasiswaNamaLengkap) LIKE \'%patra%\' ESCAPE \'!\'
AND "dt_mahasiswa"."mahasiswaDeletedAt" IS NULL')
 3 SYSTEMPATH/Database/BaseConnection.php(693): CodeIgniter\Database\Postgre\Connection->execute('SELECT COUNT(*) AS "numrows"
FROM "dt_mahasiswa"
LEFT JOIN "dt_kelas" ON dt_kelas."kelasId" = dt_mahasiswa."mahasiswaKelasId"
LEFT JOIN "ref_jenis_kelamin" ON ref_jenis_kelamin."refJkId" = dt_mahasiswa."mahasiswaJenisKelaminId"
LEFT JOIN "setting_prodi_program_kuliah" ON "setting_prodi_program_kuliah"."setProdiProgramKuliahId" = "dt_mahasiswa"."mahasiswaProdiProgramKuliahId"
LEFT JOIN "dt_program_kuliah" ON "dt_program_kuliah"."programKuliahId" = "setting_prodi_program_kuliah"."setProdiProgramKuliahProgramKuliahId"
LEFT JOIN "dt_prodi" ON "dt_prodi"."prodiId" = "setting_prodi_program_kuliah"."setProdiProgramKuliahProdiId"
LEFT JOIN "dt_waktu_kuliah" ON "dt_waktu_kuliah"."waktuId" = "setting_prodi_program_kuliah"."setProdiProgramKuliahWaktuKuliahId"
WHERE LOWER(dt_mahasiswa.mahasiswaNpm) LIKE \'%patra%\' ESCAPE \'!\'
OR  LOWER(dt_mahasiswa.mahasiswaNamaLengkap) LIKE \'%patra%\' ESCAPE \'!\'
AND "dt_mahasiswa"."mahasiswaDeletedAt" IS NULL')
 4 SYSTEMPATH/Database/BaseConnection.php(620): CodeIgniter\Database\BaseConnection->simpleQuery('SELECT COUNT(*) AS "numrows"
FROM "dt_mahasiswa"
LEFT JOIN "dt_kelas" ON dt_kelas."kelasId" = dt_mahasiswa."mahasiswaKelasId"
LEFT JOIN "ref_jenis_kelamin" ON ref_jenis_kelamin."refJkId" = dt_mahasiswa."mahasiswaJenisKelaminId"
LEFT JOIN "setting_prodi_program_kuliah" ON "setting_prodi_program_kuliah"."setProdiProgramKuliahId" = "dt_mahasiswa"."mahasiswaProdiProgramKuliahId"
LEFT JOIN "dt_program_kuliah" ON "dt_program_kuliah"."programKuliahId" = "setting_prodi_program_kuliah"."setProdiProgramKuliahProgramKuliahId"
LEFT JOIN "dt_prodi" ON "dt_prodi"."prodiId" = "setting_prodi_program_kuliah"."setProdiProgramKuliahProdiId"
LEFT JOIN "dt_waktu_kuliah" ON "dt_waktu_kuliah"."waktuId" = "setting_prodi_program_kuliah"."setProdiProgramKuliahWaktuKuliahId"
WHERE LOWER(dt_mahasiswa.mahasiswaNpm) LIKE \'%patra%\' ESCAPE \'!\'
OR  LOWER(dt_mahasiswa.mahasiswaNamaLengkap) LIKE \'%patra%\' ESCAPE \'!\'
AND "dt_mahasiswa"."mahasiswaDeletedAt" IS NULL')
 5 SYSTEMPATH/Database/BaseBuilder.php(1669): CodeIgniter\Database\BaseConnection->query('SELECT COUNT(*) AS "numrows"
FROM "dt_mahasiswa"
LEFT JOIN "dt_kelas" ON dt_kelas."kelasId" = dt_mahasiswa."mahasiswaKelasId"
LEFT JOIN "ref_jenis_kelamin" ON ref_jenis_kelamin."refJkId" = dt_mahasiswa."mahasiswaJenisKelaminId"
LEFT JOIN "setting_prodi_program_kuliah" ON "setting_prodi_program_kuliah"."setProdiProgramKuliahId" = "dt_mahasiswa"."mahasiswaProdiProgramKuliahId"
LEFT JOIN "dt_program_kuliah" ON "dt_program_kuliah"."programKuliahId" = "setting_prodi_program_kuliah"."setProdiProgramKuliahProgramKuliahId"
LEFT JOIN "dt_prodi" ON "dt_prodi"."prodiId" = "setting_prodi_program_kuliah"."setProdiProgramKuliahProdiId"
LEFT JOIN "dt_waktu_kuliah" ON "dt_waktu_kuliah"."waktuId" = "setting_prodi_program_kuliah"."setProdiProgramKuliahWaktuKuliahId"
WHERE LOWER(dt_mahasiswa.mahasiswaNpm) LIKE :LOWER(dt_mahasiswa.mahasiswaNpm): ESCAPE \'!\'
OR  LOWER(dt_mahasiswa.mahasiswaNamaLengkap) LIKE :LOWER(dt_mahasiswa.mahasiswaNamaLengkap): ESCAPE \'!\'
AND "dt_mahasiswa"."mahasiswaDeletedAt" IS NULL', [...], false)
 6 SYSTEMPATH/Model.php(550): CodeIgniter\Database\BaseBuilder->countAllResults(false)
 7 SYSTEMPATH/BaseModel.php(1085): CodeIgniter\Model->countAllResults(false)
 8 ROOTPATH/modules/DataMahasiswa/Controllers/DataMahasiswa.php(95): CodeIgniter\BaseModel->paginate(25, 'dataMahasiswa')
 9 SYSTEMPATH/CodeIgniter.php(898): Modules\DataMahasiswa\Controllers\DataMahasiswa->index()
10 SYSTEMPATH/CodeIgniter.php(457): CodeIgniter\CodeIgniter->runController(Object(Modules\DataMahasiswa\Controllers\DataMahasiswa))
11 SYSTEMPATH/CodeIgniter.php(340): CodeIgniter\CodeIgniter->handleRequest(null, Object(Config\Cache), false)
12 FCPATH/index.php(55): CodeIgniter\CodeIgniter->run()
13 SYSTEMPATH/Commands/Server/rewrite.php(43): require_once('FCPATH/index.php')
ERROR - 2022-11-21 11:25:27 --> ErrorException: pg_query(): Query failed: ERROR:  function lower(integer) does not exist
LINE 21: ORDER BY LOWER(dt_fakultas.&quot;fakultasId&quot;) DESC
                  ^
HINT:  No function matches the given name and argument types. You might need to add explicit type casts. in /Users/ivan/Codeigniter/umsu-academy/vendor/codeigniter4/framework/system/Database/Postgre/Connection.php:140
Stack trace:
#0 [internal function]: CodeIgniter\Debug\Exceptions->errorHandler(2, 'pg_query(): Que...', '/Users/ivan/Cod...', 140, Array)
#1 /Users/ivan/Codeigniter/umsu-academy/vendor/codeigniter4/framework/system/Database/Postgre/Connection.php(140): pg_query(Resource id #15, 'SELECT *\nFROM "...')
#2 /Users/ivan/Codeigniter/umsu-academy/vendor/codeigniter4/framework/system/Database/BaseConnection.php(693): CodeIgniter\Database\Postgre\Connection->execute('SELECT *\nFROM "...')
#3 /Users/ivan/Codeigniter/umsu-academy/vendor/codeigniter4/framework/system/Database/BaseConnection.php(620): CodeIgniter\Database\BaseConnection->simpleQuery('SELECT *\nFROM "...')
#4 /Users/ivan/Codeigniter/umsu-academy/vendor/codeigniter4/framework/system/Database/BaseBuilder.php(1585): CodeIgniter\Database\BaseConnection->query('SELECT *\nFROM "...', Array, false)
#5 /Users/ivan/Codeigniter/umsu-academy/vendor/codeigniter4/framework/system/Model.php(222): CodeIgniter\Database\BaseBuilder->get()
#6 /Users/ivan/Codeigniter/umsu-academy/vendor/codeigniter4/framework/system/BaseModel.php(584): CodeIgniter\Model->doFindAll(25, 0)
#7 /Users/ivan/Codeigniter/umsu-academy/vendor/codeigniter4/framework/system/BaseModel.php(1089): CodeIgniter\BaseModel->findAll(25, 0)
#8 /Users/ivan/Codeigniter/umsu-academy/modules/Fakultas/Controllers/Fakultas.php(34): CodeIgniter\BaseModel->paginate(25, 'fakultas')
#9 /Users/ivan/Codeigniter/umsu-academy/vendor/codeigniter4/framework/system/CodeIgniter.php(898): Modules\Fakultas\Controllers\Fakultas->index()
#10 /Users/ivan/Codeigniter/umsu-academy/vendor/codeigniter4/framework/system/CodeIgniter.php(457): CodeIgniter\CodeIgniter->runController(Object(Modules\Fakultas\Controllers\Fakultas))
#11 /Users/ivan/Codeigniter/umsu-academy/vendor/codeigniter4/framework/system/CodeIgniter.php(340): CodeIgniter\CodeIgniter->handleRequest(NULL, Object(Config\Cache), false)
#12 /Users/ivan/Codeigniter/umsu-academy/public/index.php(55): CodeIgniter\CodeIgniter->run()
#13 /Users/ivan/Codeigniter/umsu-academy/vendor/codeigniter4/framework/system/Commands/Server/rewrite.php(43): require_once('/Users/ivan/Cod...')
#14 {main}
CRITICAL - 2022-11-21 11:25:27 --> pg_query(): Query failed: ERROR:  function lower(integer) does not exist
LINE 21: ORDER BY LOWER(dt_fakultas.&quot;fakultasId&quot;) DESC
                  ^
HINT:  No function matches the given name and argument types. You might need to add explicit type casts.
in SYSTEMPATH/Database/Postgre/Connection.php on line 140.
 1 [internal function]: CodeIgniter\Debug\Exceptions->errorHandler(2, 'pg_query(): Query failed: ERROR:  function lower(integer) does not exist
LINE 21: ORDER BY LOWER(dt_fakultas.&quot;fakultasId&quot;) DESC
                  ^
HINT:  No function matches the given name and argument types. You might need to add explicit type casts.', 'SYSTEMPATH/Database/Postgre/Connection.php', 140, [...])
 2 SYSTEMPATH/Database/Postgre/Connection.php(140): pg_query(resource (pgsql link), 'SELECT *
FROM "dt_fakultas"
WHERE "dt_fakultas"."fakultasKode" NOT IN (\'00\')
AND  LOWER(dt_fakultas."fakultasKode") LIKE \'%hukum%\' ESCAPE \'!\'
AND "dt_fakultas"."fakultasDeletedAt" IS NULL
OR  LOWER(dt_fakultas."fakultasNama") LIKE \'%hukum%\' ESCAPE \'!\'
AND "dt_fakultas"."fakultasDeletedAt" IS NULL
OR  LOWER(dt_fakultas."fakultasAcronym") LIKE \'%hukum%\' ESCAPE \'!\'
AND "dt_fakultas"."fakultasDeletedAt" IS NULL
OR  LOWER(dt_fakultas."fakultasNamaAsing") LIKE \'%hukum%\' ESCAPE \'!\'
AND "dt_fakultas"."fakultasDeletedAt" IS NULL
OR  LOWER(dt_fakultas."fakultasDekan") LIKE \'%hukum%\' ESCAPE \'!\'
AND "dt_fakultas"."fakultasDeletedAt" IS NULL
OR  LOWER(dt_fakultas."fakultasWD1") LIKE \'%hukum%\' ESCAPE \'!\'
AND "dt_fakultas"."fakultasDeletedAt" IS NULL
OR  LOWER(dt_fakultas."fakultasWD2") LIKE \'%hukum%\' ESCAPE \'!\'
AND "dt_fakultas"."fakultasDeletedAt" IS NULL
OR  LOWER(dt_fakultas."fakultasWD3") LIKE \'%hukum%\' ESCAPE \'!\'
AND "dt_fakultas"."fakultasDeletedAt" IS NULL
AND "dt_fakultas"."fakultasDeletedAt" IS NULL
ORDER BY LOWER(dt_fakultas."fakultasId") DESC
 LIMIT 25')
 3 SYSTEMPATH/Database/BaseConnection.php(693): CodeIgniter\Database\Postgre\Connection->execute('SELECT *
FROM "dt_fakultas"
WHERE "dt_fakultas"."fakultasKode" NOT IN (\'00\')
AND  LOWER(dt_fakultas."fakultasKode") LIKE \'%hukum%\' ESCAPE \'!\'
AND "dt_fakultas"."fakultasDeletedAt" IS NULL
OR  LOWER(dt_fakultas."fakultasNama") LIKE \'%hukum%\' ESCAPE \'!\'
AND "dt_fakultas"."fakultasDeletedAt" IS NULL
OR  LOWER(dt_fakultas."fakultasAcronym") LIKE \'%hukum%\' ESCAPE \'!\'
AND "dt_fakultas"."fakultasDeletedAt" IS NULL
OR  LOWER(dt_fakultas."fakultasNamaAsing") LIKE \'%hukum%\' ESCAPE \'!\'
AND "dt_fakultas"."fakultasDeletedAt" IS NULL
OR  LOWER(dt_fakultas."fakultasDekan") LIKE \'%hukum%\' ESCAPE \'!\'
AND "dt_fakultas"."fakultasDeletedAt" IS NULL
OR  LOWER(dt_fakultas."fakultasWD1") LIKE \'%hukum%\' ESCAPE \'!\'
AND "dt_fakultas"."fakultasDeletedAt" IS NULL
OR  LOWER(dt_fakultas."fakultasWD2") LIKE \'%hukum%\' ESCAPE \'!\'
AND "dt_fakultas"."fakultasDeletedAt" IS NULL
OR  LOWER(dt_fakultas."fakultasWD3") LIKE \'%hukum%\' ESCAPE \'!\'
AND "dt_fakultas"."fakultasDeletedAt" IS NULL
AND "dt_fakultas"."fakultasDeletedAt" IS NULL
ORDER BY LOWER(dt_fakultas."fakultasId") DESC
 LIMIT 25')
 4 SYSTEMPATH/Database/BaseConnection.php(620): CodeIgniter\Database\BaseConnection->simpleQuery('SELECT *
FROM "dt_fakultas"
WHERE "dt_fakultas"."fakultasKode" NOT IN (\'00\')
AND  LOWER(dt_fakultas."fakultasKode") LIKE \'%hukum%\' ESCAPE \'!\'
AND "dt_fakultas"."fakultasDeletedAt" IS NULL
OR  LOWER(dt_fakultas."fakultasNama") LIKE \'%hukum%\' ESCAPE \'!\'
AND "dt_fakultas"."fakultasDeletedAt" IS NULL
OR  LOWER(dt_fakultas."fakultasAcronym") LIKE \'%hukum%\' ESCAPE \'!\'
AND "dt_fakultas"."fakultasDeletedAt" IS NULL
OR  LOWER(dt_fakultas."fakultasNamaAsing") LIKE \'%hukum%\' ESCAPE \'!\'
AND "dt_fakultas"."fakultasDeletedAt" IS NULL
OR  LOWER(dt_fakultas."fakultasDekan") LIKE \'%hukum%\' ESCAPE \'!\'
AND "dt_fakultas"."fakultasDeletedAt" IS NULL
OR  LOWER(dt_fakultas."fakultasWD1") LIKE \'%hukum%\' ESCAPE \'!\'
AND "dt_fakultas"."fakultasDeletedAt" IS NULL
OR  LOWER(dt_fakultas."fakultasWD2") LIKE \'%hukum%\' ESCAPE \'!\'
AND "dt_fakultas"."fakultasDeletedAt" IS NULL
OR  LOWER(dt_fakultas."fakultasWD3") LIKE \'%hukum%\' ESCAPE \'!\'
AND "dt_fakultas"."fakultasDeletedAt" IS NULL
AND "dt_fakultas"."fakultasDeletedAt" IS NULL
ORDER BY LOWER(dt_fakultas."fakultasId") DESC
 LIMIT 25')
 5 SYSTEMPATH/Database/BaseBuilder.php(1585): CodeIgniter\Database\BaseConnection->query('SELECT *
FROM "dt_fakultas"
WHERE "dt_fakultas"."fakultasKode" NOT IN :dt_fakultas."fakultasKode":
AND  LOWER(dt_fakultas."fakultasKode") LIKE :LOWER(dt_fakultas."fakultasKode"): ESCAPE \'!\'
AND "dt_fakultas"."fakultasDeletedAt" IS NULL
OR  LOWER(dt_fakultas."fakultasNama") LIKE :LOWER(dt_fakultas."fakultasNama"): ESCAPE \'!\'
AND "dt_fakultas"."fakultasDeletedAt" IS NULL
OR  LOWER(dt_fakultas."fakultasAcronym") LIKE :LOWER(dt_fakultas."fakultasAcronym"): ESCAPE \'!\'
AND "dt_fakultas"."fakultasDeletedAt" IS NULL
OR  LOWER(dt_fakultas."fakultasNamaAsing") LIKE :LOWER(dt_fakultas."fakultasNamaAsing"): ESCAPE \'!\'
AND "dt_fakultas"."fakultasDeletedAt" IS NULL
OR  LOWER(dt_fakultas."fakultasDekan") LIKE :LOWER(dt_fakultas."fakultasDekan"): ESCAPE \'!\'
AND "dt_fakultas"."fakultasDeletedAt" IS NULL
OR  LOWER(dt_fakultas."fakultasWD1") LIKE :LOWER(dt_fakultas."fakultasWD1"): ESCAPE \'!\'
AND "dt_fakultas"."fakultasDeletedAt" IS NULL
OR  LOWER(dt_fakultas."fakultasWD2") LIKE :LOWER(dt_fakultas."fakultasWD2"): ESCAPE \'!\'
AND "dt_fakultas"."fakultasDeletedAt" IS NULL
OR  LOWER(dt_fakultas."fakultasWD3") LIKE :LOWER(dt_fakultas."fakultasWD3"): ESCAPE \'!\'
AND "dt_fakultas"."fakultasDeletedAt" IS NULL
AND "dt_fakultas"."fakultasDeletedAt" IS NULL
ORDER BY LOWER(dt_fakultas."fakultasId") DESC
 LIMIT 25', [...], false)
 6 SYSTEMPATH/Model.php(222): CodeIgniter\Database\BaseBuilder->get()
 7 SYSTEMPATH/BaseModel.php(584): CodeIgniter\Model->doFindAll(25, 0)
 8 SYSTEMPATH/BaseModel.php(1089): CodeIgniter\BaseModel->findAll(25, 0)
 9 ROOTPATH/modules/Fakultas/Controllers/Fakultas.php(34): CodeIgniter\BaseModel->paginate(25, 'fakultas')
10 SYSTEMPATH/CodeIgniter.php(898): Modules\Fakultas\Controllers\Fakultas->index()
11 SYSTEMPATH/CodeIgniter.php(457): CodeIgniter\CodeIgniter->runController(Object(Modules\Fakultas\Controllers\Fakultas))
12 SYSTEMPATH/CodeIgniter.php(340): CodeIgniter\CodeIgniter->handleRequest(null, Object(Config\Cache), false)
13 FCPATH/index.php(55): CodeIgniter\CodeIgniter->run()
14 SYSTEMPATH/Commands/Server/rewrite.php(43): require_once('FCPATH/index.php')
CRITICAL - 2022-11-21 15:20:59 --> Cannot modify header information - headers already sent
in SYSTEMPATH/HTTP/ResponseTrait.php on line 749.
 1 [internal function]: CodeIgniter\Debug\Exceptions->errorHandler(2, 'Cannot modify header information - headers already sent', 'SYSTEMPATH/HTTP/ResponseTrait.php', 749, [...])
 2 SYSTEMPATH/HTTP/ResponseTrait.php(749): setcookie('ci_session', 'ssju34nu2npr87m5cftn0as4bh04b2vl', [...])
 3 SYSTEMPATH/HTTP/ResponseTrait.php(725): CodeIgniter\HTTP\Response->doSetCookie('ci_session', 'ssju34nu2npr87m5cftn0as4bh04b2vl', [...])
 4 SYSTEMPATH/HTTP/ResponseTrait.php(705): CodeIgniter\HTTP\Response->dispatchCookies()
 5 SYSTEMPATH/HTTP/ResponseTrait.php(445): CodeIgniter\HTTP\Response->sendCookies()
 6 SYSTEMPATH/CodeIgniter.php(1076): CodeIgniter\HTTP\Response->send()
 7 SYSTEMPATH/CodeIgniter.php(510): CodeIgniter\CodeIgniter->sendResponse()
 8 SYSTEMPATH/CodeIgniter.php(340): CodeIgniter\CodeIgniter->handleRequest(null, Object(Config\Cache), false)
 9 FCPATH/index.php(55): CodeIgniter\CodeIgniter->run()
10 SYSTEMPATH/Commands/Server/rewrite.php(43): require_once('FCPATH/index.php')
CRITICAL - 2022-11-21 15:20:59 --> Uncaught ErrorException: Cannot modify header information - headers already sent in /Users/ivan/Codeigniter/umsu-academy/vendor/codeigniter4/framework/system/HTTP/ResponseTrait.php:749
Stack trace:
#0 [internal function]: CodeIgniter\Debug\Exceptions->errorHandler(2, 'Cannot modify h...', '/Users/ivan/Cod...', 749, Array)
#1 /Users/ivan/Codeigniter/umsu-academy/vendor/codeigniter4/framework/system/HTTP/ResponseTrait.php(749): setcookie('ci_session', 'ssju34nu2npr87m...', Array)
#2 /Users/ivan/Codeigniter/umsu-academy/vendor/codeigniter4/framework/system/HTTP/ResponseTrait.php(725): CodeIgniter\HTTP\Response->doSetCookie('ci_session', 'ssju34nu2npr87m...', Array)
#3 /Users/ivan/Codeigniter/umsu-academy/vendor/codeigniter4/framework/system/HTTP/ResponseTrait.php(705): CodeIgniter\HTTP\Response->dispatchCookies()
#4 /Users/ivan/Codeigniter/umsu-academy/vendor/codeigniter4/framework/system/HTTP/ResponseTrait.php(445): CodeIgniter\HTTP\Response->sendCookies()
#5 /Users/ivan/Codeigniter/umsu-academy/vendor/codeigni
in SYSTEMPATH/HTTP/ResponseTrait.php on line 749.
 1 [internal function]: CodeIgniter\Debug\Exceptions->shutdownHandler()
