CRITICAL - 2022-11-29 07:44:52 --> Call to undefined function Modules\FdrBiodata\Controllers\getToken()
in ROOTPATH/modules/FdrBiodata/Controllers/FdrBiodata.php on line 18.
 1 SYSTEMPATH/CodeIgniter.php(898): Modules\FdrBiodata\Controllers\FdrBiodata->index()
 2 SYSTEMPATH/CodeIgniter.php(457): CodeIgniter\CodeIgniter->runController(Object(Modules\FdrBiodata\Controllers\FdrBiodata))
 3 SYSTEMPATH/CodeIgniter.php(340): CodeIgniter\CodeIgniter->handleRequest(null, Object(Config\Cache), false)
 4 FCPATH/index.php(55): CodeIgniter\CodeIgniter->run()
 5 SYSTEMPATH/Commands/Server/rewrite.php(43): require_once('FCPATH/index.php')
CRITICAL - 2022-11-29 07:46:48 --> Undefined variable: menu
in ROOTPATH/modules/FdrBiodata/Views/fdrBiodata.php on line 5.
 1 ROOTPATH/modules/FdrBiodata/Views/fdrBiodata.php(5): CodeIgniter\Debug\Exceptions->errorHandler(8, 'Undefined variable: menu', 'ROOTPATH/modules/FdrBiodata/Views/fdrBiodata.php', 5, [...])
 2 SYSTEMPATH/View/View.php(213): include('ROOTPATH/modules/FdrBiodata/Views/fdrBiodata.php')
 3 SYSTEMPATH/View/View.php(216): CodeIgniter\View\View->CodeIgniter\View\{closure}()
 4 SYSTEMPATH/Common.php(1137): CodeIgniter\View\View->render('Modules\\FdrBiodata\\Views\\fdrBiodata', [], true)
 5 ROOTPATH/modules/FdrBiodata/Controllers/FdrBiodata.php(27): view('Modules\\FdrBiodata\\Views\\fdrBiodata', [...])
 6 SYSTEMPATH/CodeIgniter.php(898): Modules\FdrBiodata\Controllers\FdrBiodata->index()
 7 SYSTEMPATH/CodeIgniter.php(457): CodeIgniter\CodeIgniter->runController(Object(Modules\FdrBiodata\Controllers\FdrBiodata))
 8 SYSTEMPATH/CodeIgniter.php(340): CodeIgniter\CodeIgniter->handleRequest(null, Object(Config\Cache), false)
 9 FCPATH/index.php(55): CodeIgniter\CodeIgniter->run()
10 SYSTEMPATH/Commands/Server/rewrite.php(43): require_once('FCPATH/index.php')
CRITICAL - 2022-11-29 07:47:49 --> Undefined variable: menu
in ROOTPATH/modules/FdrBiodata/Views/fdrBiodata.php on line 5.
 1 ROOTPATH/modules/FdrBiodata/Views/fdrBiodata.php(5): CodeIgniter\Debug\Exceptions->errorHandler(8, 'Undefined variable: menu', 'ROOTPATH/modules/FdrBiodata/Views/fdrBiodata.php', 5, [...])
 2 SYSTEMPATH/View/View.php(213): include('ROOTPATH/modules/FdrBiodata/Views/fdrBiodata.php')
 3 SYSTEMPATH/View/View.php(216): CodeIgniter\View\View->CodeIgniter\View\{closure}()
 4 SYSTEMPATH/Common.php(1137): CodeIgniter\View\View->render('Modules\\FdrBiodata\\Views\\fdrBiodata', [], true)
 5 ROOTPATH/modules/FdrBiodata/Controllers/FdrBiodata.php(33): view('Modules\\FdrBiodata\\Views\\fdrBiodata', [...])
 6 SYSTEMPATH/CodeIgniter.php(898): Modules\FdrBiodata\Controllers\FdrBiodata->index()
 7 SYSTEMPATH/CodeIgniter.php(457): CodeIgniter\CodeIgniter->runController(Object(Modules\FdrBiodata\Controllers\FdrBiodata))
 8 SYSTEMPATH/CodeIgniter.php(340): CodeIgniter\CodeIgniter->handleRequest(null, Object(Config\Cache), false)
 9 FCPATH/index.php(55): CodeIgniter\CodeIgniter->run()
10 SYSTEMPATH/Commands/Server/rewrite.php(43): require_once('FCPATH/index.php')
CRITICAL - 2022-11-29 07:47:51 --> Undefined variable: menu
in ROOTPATH/modules/FdrBiodata/Views/fdrBiodata.php on line 5.
 1 ROOTPATH/modules/FdrBiodata/Views/fdrBiodata.php(5): CodeIgniter\Debug\Exceptions->errorHandler(8, 'Undefined variable: menu', 'ROOTPATH/modules/FdrBiodata/Views/fdrBiodata.php', 5, [...])
 2 SYSTEMPATH/View/View.php(213): include('ROOTPATH/modules/FdrBiodata/Views/fdrBiodata.php')
 3 SYSTEMPATH/View/View.php(216): CodeIgniter\View\View->CodeIgniter\View\{closure}()
 4 SYSTEMPATH/Common.php(1137): CodeIgniter\View\View->render('Modules\\FdrBiodata\\Views\\fdrBiodata', [], true)
 5 ROOTPATH/modules/FdrBiodata/Controllers/FdrBiodata.php(33): view('Modules\\FdrBiodata\\Views\\fdrBiodata', [...])
 6 SYSTEMPATH/CodeIgniter.php(898): Modules\FdrBiodata\Controllers\FdrBiodata->index()
 7 SYSTEMPATH/CodeIgniter.php(457): CodeIgniter\CodeIgniter->runController(Object(Modules\FdrBiodata\Controllers\FdrBiodata))
 8 SYSTEMPATH/CodeIgniter.php(340): CodeIgniter\CodeIgniter->handleRequest(null, Object(Config\Cache), false)
 9 FCPATH/index.php(55): CodeIgniter\CodeIgniter->run()
10 SYSTEMPATH/Commands/Server/rewrite.php(43): require_once('FCPATH/index.php')
CRITICAL - 2022-11-29 07:48:18 --> Undefined variable: fakultas
in ROOTPATH/modules/FdrBiodata/Views/fdrBiodata.php on line 20.
 1 ROOTPATH/modules/FdrBiodata/Views/fdrBiodata.php(20): CodeIgniter\Debug\Exceptions->errorHandler(8, 'Undefined variable: fakultas', 'ROOTPATH/modules/FdrBiodata/Views/fdrBiodata.php', 20, [...])
 2 SYSTEMPATH/View/View.php(213): include('ROOTPATH/modules/FdrBiodata/Views/fdrBiodata.php')
 3 SYSTEMPATH/View/View.php(216): CodeIgniter\View\View->CodeIgniter\View\{closure}()
 4 SYSTEMPATH/Common.php(1137): CodeIgniter\View\View->render('Modules\\FdrBiodata\\Views\\fdrBiodata', [], true)
 5 ROOTPATH/modules/FdrBiodata/Controllers/FdrBiodata.php(33): view('Modules\\FdrBiodata\\Views\\fdrBiodata', [...])
 6 SYSTEMPATH/CodeIgniter.php(898): Modules\FdrBiodata\Controllers\FdrBiodata->index()
 7 SYSTEMPATH/CodeIgniter.php(457): CodeIgniter\CodeIgniter->runController(Object(Modules\FdrBiodata\Controllers\FdrBiodata))
 8 SYSTEMPATH/CodeIgniter.php(340): CodeIgniter\CodeIgniter->handleRequest(null, Object(Config\Cache), false)
 9 FCPATH/index.php(55): CodeIgniter\CodeIgniter->run()
10 SYSTEMPATH/Commands/Server/rewrite.php(43): require_once('FCPATH/index.php')
CRITICAL - 2022-11-29 07:51:04 --> Trying to get property 'nim' of non-object
in ROOTPATH/modules/FdrBiodata/Views/fdrBiodata.php on line 43.
 1 ROOTPATH/modules/FdrBiodata/Views/fdrBiodata.php(43): CodeIgniter\Debug\Exceptions->errorHandler(8, 'Trying to get property \'nim\' of non-object', 'ROOTPATH/modules/FdrBiodata/Views/fdrBiodata.php', 43, [...])
 2 SYSTEMPATH/View/View.php(213): include('ROOTPATH/modules/FdrBiodata/Views/fdrBiodata.php')
 3 SYSTEMPATH/View/View.php(216): CodeIgniter\View\View->CodeIgniter\View\{closure}()
 4 SYSTEMPATH/Common.php(1137): CodeIgniter\View\View->render('Modules\\FdrBiodata\\Views\\fdrBiodata', [], true)
 5 ROOTPATH/modules/FdrBiodata/Controllers/FdrBiodata.php(33): view('Modules\\FdrBiodata\\Views\\fdrBiodata', [...])
 6 SYSTEMPATH/CodeIgniter.php(898): Modules\FdrBiodata\Controllers\FdrBiodata->index()
 7 SYSTEMPATH/CodeIgniter.php(457): CodeIgniter\CodeIgniter->runController(Object(Modules\FdrBiodata\Controllers\FdrBiodata))
 8 SYSTEMPATH/CodeIgniter.php(340): CodeIgniter\CodeIgniter->handleRequest(null, Object(Config\Cache), false)
 9 FCPATH/index.php(55): CodeIgniter\CodeIgniter->run()
10 SYSTEMPATH/Commands/Server/rewrite.php(43): require_once('FCPATH/index.php')
CRITICAL - 2022-11-29 07:51:15 --> Trying to access array offset on value of type int
in ROOTPATH/modules/FdrBiodata/Views/fdrBiodata.php on line 43.
 1 ROOTPATH/modules/FdrBiodata/Views/fdrBiodata.php(43): CodeIgniter\Debug\Exceptions->errorHandler(8, 'Trying to access array offset on value of type int', 'ROOTPATH/modules/FdrBiodata/Views/fdrBiodata.php', 43, [...])
 2 SYSTEMPATH/View/View.php(213): include('ROOTPATH/modules/FdrBiodata/Views/fdrBiodata.php')
 3 SYSTEMPATH/View/View.php(216): CodeIgniter\View\View->CodeIgniter\View\{closure}()
 4 SYSTEMPATH/Common.php(1137): CodeIgniter\View\View->render('Modules\\FdrBiodata\\Views\\fdrBiodata', [], true)
 5 ROOTPATH/modules/FdrBiodata/Controllers/FdrBiodata.php(33): view('Modules\\FdrBiodata\\Views\\fdrBiodata', [...])
 6 SYSTEMPATH/CodeIgniter.php(898): Modules\FdrBiodata\Controllers\FdrBiodata->index()
 7 SYSTEMPATH/CodeIgniter.php(457): CodeIgniter\CodeIgniter->runController(Object(Modules\FdrBiodata\Controllers\FdrBiodata))
 8 SYSTEMPATH/CodeIgniter.php(340): CodeIgniter\CodeIgniter->handleRequest(null, Object(Config\Cache), false)
 9 FCPATH/index.php(55): CodeIgniter\CodeIgniter->run()
10 SYSTEMPATH/Commands/Server/rewrite.php(43): require_once('FCPATH/index.php')
CRITICAL - 2022-11-29 07:51:51 --> Trying to get property 'data' of non-object
in ROOTPATH/modules/FdrBiodata/Controllers/FdrBiodata.php on line 31.
 1 ROOTPATH/modules/FdrBiodata/Controllers/FdrBiodata.php(31): CodeIgniter\Debug\Exceptions->errorHandler(8, 'Trying to get property \'data\' of non-object', 'ROOTPATH/modules/FdrBiodata/Controllers/FdrBiodata.php', 31, [...])
 2 SYSTEMPATH/CodeIgniter.php(898): Modules\FdrBiodata\Controllers\FdrBiodata->index()
 3 SYSTEMPATH/CodeIgniter.php(457): CodeIgniter\CodeIgniter->runController(Object(Modules\FdrBiodata\Controllers\FdrBiodata))
 4 SYSTEMPATH/CodeIgniter.php(340): CodeIgniter\CodeIgniter->handleRequest(null, Object(Config\Cache), false)
 5 FCPATH/index.php(55): CodeIgniter\CodeIgniter->run()
 6 SYSTEMPATH/Commands/Server/rewrite.php(43): require_once('FCPATH/index.php')
CRITICAL - 2022-11-29 07:52:42 --> Cannot use object of type stdClass as array
in ROOTPATH/modules/FdrBiodata/Views/fdrBiodata.php on line 43.
 1 SYSTEMPATH/View/View.php(213): include()
 2 SYSTEMPATH/View/View.php(216): CodeIgniter\View\View->CodeIgniter\View\{closure}()
 3 SYSTEMPATH/Common.php(1137): CodeIgniter\View\View->render('Modules\\FdrBiodata\\Views\\fdrBiodata', [], true)
 4 ROOTPATH/modules/FdrBiodata/Controllers/FdrBiodata.php(34): view('Modules\\FdrBiodata\\Views\\fdrBiodata', [...])
 5 SYSTEMPATH/CodeIgniter.php(898): Modules\FdrBiodata\Controllers\FdrBiodata->index()
 6 SYSTEMPATH/CodeIgniter.php(457): CodeIgniter\CodeIgniter->runController(Object(Modules\FdrBiodata\Controllers\FdrBiodata))
 7 SYSTEMPATH/CodeIgniter.php(340): CodeIgniter\CodeIgniter->handleRequest(null, Object(Config\Cache), false)
 8 FCPATH/index.php(55): CodeIgniter\CodeIgniter->run()
 9 SYSTEMPATH/Commands/Server/rewrite.php(43): require_once('FCPATH/index.php')
CRITICAL - 2022-11-29 07:58:07 --> Invalid argument supplied for foreach()
in ROOTPATH/modules/FdrBiodata/Views/fdrBiodata.php on line 40.
 1 ROOTPATH/modules/FdrBiodata/Views/fdrBiodata.php(40): CodeIgniter\Debug\Exceptions->errorHandler(2, 'Invalid argument supplied for foreach()', 'ROOTPATH/modules/FdrBiodata/Views/fdrBiodata.php', 40, [...])
 2 SYSTEMPATH/View/View.php(213): include('ROOTPATH/modules/FdrBiodata/Views/fdrBiodata.php')
 3 SYSTEMPATH/View/View.php(216): CodeIgniter\View\View->CodeIgniter\View\{closure}()
 4 SYSTEMPATH/Common.php(1137): CodeIgniter\View\View->render('Modules\\FdrBiodata\\Views\\fdrBiodata', [], true)
 5 ROOTPATH/modules/FdrBiodata/Controllers/FdrBiodata.php(34): view('Modules\\FdrBiodata\\Views\\fdrBiodata', [...])
 6 SYSTEMPATH/CodeIgniter.php(898): Modules\FdrBiodata\Controllers\FdrBiodata->index()
 7 SYSTEMPATH/CodeIgniter.php(457): CodeIgniter\CodeIgniter->runController(Object(Modules\FdrBiodata\Controllers\FdrBiodata))
 8 SYSTEMPATH/CodeIgniter.php(340): CodeIgniter\CodeIgniter->handleRequest(null, Object(Config\Cache), false)
 9 FCPATH/index.php(55): CodeIgniter\CodeIgniter->run()
10 SYSTEMPATH/Commands/Server/rewrite.php(43): require_once('FCPATH/index.php')
CRITICAL - 2022-11-29 07:58:18 --> Invalid argument supplied for foreach()
in ROOTPATH/modules/FdrBiodata/Views/fdrBiodata.php on line 40.
 1 ROOTPATH/modules/FdrBiodata/Views/fdrBiodata.php(40): CodeIgniter\Debug\Exceptions->errorHandler(2, 'Invalid argument supplied for foreach()', 'ROOTPATH/modules/FdrBiodata/Views/fdrBiodata.php', 40, [...])
 2 SYSTEMPATH/View/View.php(213): include('ROOTPATH/modules/FdrBiodata/Views/fdrBiodata.php')
 3 SYSTEMPATH/View/View.php(216): CodeIgniter\View\View->CodeIgniter\View\{closure}()
 4 SYSTEMPATH/Common.php(1137): CodeIgniter\View\View->render('Modules\\FdrBiodata\\Views\\fdrBiodata', [], true)
 5 ROOTPATH/modules/FdrBiodata/Controllers/FdrBiodata.php(34): view('Modules\\FdrBiodata\\Views\\fdrBiodata', [...])
 6 SYSTEMPATH/CodeIgniter.php(898): Modules\FdrBiodata\Controllers\FdrBiodata->index()
 7 SYSTEMPATH/CodeIgniter.php(457): CodeIgniter\CodeIgniter->runController(Object(Modules\FdrBiodata\Controllers\FdrBiodata))
 8 SYSTEMPATH/CodeIgniter.php(340): CodeIgniter\CodeIgniter->handleRequest(null, Object(Config\Cache), false)
 9 FCPATH/index.php(55): CodeIgniter\CodeIgniter->run()
10 SYSTEMPATH/Commands/Server/rewrite.php(43): require_once('FCPATH/index.php')
CRITICAL - 2022-11-29 08:00:03 --> Allowed memory size of 134217728 bytes exhausted (tried to allocate 19491048 bytes)
in SYSTEMPATH/View/View.php on line 389.
 1 [internal function]: CodeIgniter\Debug\Exceptions->shutdownHandler()
CRITICAL - 2022-11-29 08:16:33 --> Call to undefined function Modules\FdrKrs\Controllers\gettoken()
in ROOTPATH/modules/FdrKrs/Controllers/FdrKrs.php on line 18.
 1 SYSTEMPATH/CodeIgniter.php(898): Modules\FdrKrs\Controllers\FdrKrs->index()
 2 SYSTEMPATH/CodeIgniter.php(457): CodeIgniter\CodeIgniter->runController(Object(Modules\FdrKrs\Controllers\FdrKrs))
 3 SYSTEMPATH/CodeIgniter.php(340): CodeIgniter\CodeIgniter->handleRequest(null, Object(Config\Cache), false)
 4 FCPATH/index.php(55): CodeIgniter\CodeIgniter->run()
 5 SYSTEMPATH/Commands/Server/rewrite.php(43): require_once('FCPATH/index.php')
CRITICAL - 2022-11-29 08:20:11 --> Allowed memory size of 134217728 bytes exhausted (tried to allocate 12288 bytes)
in VENDORPATH/kint-php/kint/src/Parser/Parser.php on line 404.
 1 [internal function]: CodeIgniter\Debug\Exceptions->shutdownHandler()
CRITICAL - 2022-11-29 08:21:21 --> Allowed memory size of 134217728 bytes exhausted (tried to allocate 8560272 bytes)
in VENDORPATH/kint-php/kint/src/Renderer/RichRenderer.php on line 346.
 1 [internal function]: CodeIgniter\Debug\Exceptions->shutdownHandler()
CRITICAL - 2022-11-29 09:07:23 --> Undefined variable: prodiBiro
in ROOTPATH/modules/FdrBiodata/Views/fdrBiodata.php on line 36.
 1 ROOTPATH/modules/FdrBiodata/Views/fdrBiodata.php(36): CodeIgniter\Debug\Exceptions->errorHandler(8, 'Undefined variable: prodiBiro', 'ROOTPATH/modules/FdrBiodata/Views/fdrBiodata.php', 36, [...])
 2 SYSTEMPATH/View/View.php(213): include('ROOTPATH/modules/FdrBiodata/Views/fdrBiodata.php')
 3 SYSTEMPATH/View/View.php(216): CodeIgniter\View\View->CodeIgniter\View\{closure}()
 4 SYSTEMPATH/Common.php(1137): CodeIgniter\View\View->render('Modules\\FdrBiodata\\Views\\fdrBiodata', [], true)
 5 ROOTPATH/modules/FdrBiodata/Controllers/FdrBiodata.php(33): view('Modules\\FdrBiodata\\Views\\fdrBiodata', [...])
 6 SYSTEMPATH/CodeIgniter.php(898): Modules\FdrBiodata\Controllers\FdrBiodata->index()
 7 SYSTEMPATH/CodeIgniter.php(457): CodeIgniter\CodeIgniter->runController(Object(Modules\FdrBiodata\Controllers\FdrBiodata))
 8 SYSTEMPATH/CodeIgniter.php(340): CodeIgniter\CodeIgniter->handleRequest(null, Object(Config\Cache), false)
 9 FCPATH/index.php(55): CodeIgniter\CodeIgniter->run()
10 SYSTEMPATH/Commands/Server/rewrite.php(43): require_once('FCPATH/index.php')
CRITICAL - 2022-11-29 09:16:44 --> Undefined variable: prodiBiro
in ROOTPATH/modules/FdrBiodata/Views/fdrBiodata.php on line 36.
 1 ROOTPATH/modules/FdrBiodata/Views/fdrBiodata.php(36): CodeIgniter\Debug\Exceptions->errorHandler(8, 'Undefined variable: prodiBiro', 'ROOTPATH/modules/FdrBiodata/Views/fdrBiodata.php', 36, [...])
 2 SYSTEMPATH/View/View.php(213): include('ROOTPATH/modules/FdrBiodata/Views/fdrBiodata.php')
 3 SYSTEMPATH/View/View.php(216): CodeIgniter\View\View->CodeIgniter\View\{closure}()
 4 SYSTEMPATH/Common.php(1137): CodeIgniter\View\View->render('Modules\\FdrBiodata\\Views\\fdrBiodata', [], true)
 5 ROOTPATH/modules/FdrBiodata/Controllers/FdrBiodata.php(69): view('Modules\\FdrBiodata\\Views\\fdrBiodata', [...])
 6 SYSTEMPATH/CodeIgniter.php(898): Modules\FdrBiodata\Controllers\FdrBiodata->index()
 7 SYSTEMPATH/CodeIgniter.php(457): CodeIgniter\CodeIgniter->runController(Object(Modules\FdrBiodata\Controllers\FdrBiodata))
 8 SYSTEMPATH/CodeIgniter.php(340): CodeIgniter\CodeIgniter->handleRequest(null, Object(Config\Cache), false)
 9 FCPATH/index.php(55): CodeIgniter\CodeIgniter->run()
10 SYSTEMPATH/Commands/Server/rewrite.php(43): require_once('FCPATH/index.php')
CRITICAL - 2022-11-29 09:49:53 --> Undefined property: stdClass::$prodinama
in ROOTPATH/modules/FdrBiodata/Views/fdrBiodata.php on line 39.
 1 ROOTPATH/modules/FdrBiodata/Views/fdrBiodata.php(39): CodeIgniter\Debug\Exceptions->errorHandler(8, 'Undefined property: stdClass::$prodinama', 'ROOTPATH/modules/FdrBiodata/Views/fdrBiodata.php', 39, [...])
 2 SYSTEMPATH/View/View.php(213): include('ROOTPATH/modules/FdrBiodata/Views/fdrBiodata.php')
 3 SYSTEMPATH/View/View.php(216): CodeIgniter\View\View->CodeIgniter\View\{closure}()
 4 SYSTEMPATH/Common.php(1137): CodeIgniter\View\View->render('Modules\\FdrBiodata\\Views\\fdrBiodata', [], true)
 5 ROOTPATH/modules/FdrBiodata/Controllers/FdrBiodata.php(75): view('Modules\\FdrBiodata\\Views\\fdrBiodata', [...])
 6 SYSTEMPATH/CodeIgniter.php(898): Modules\FdrBiodata\Controllers\FdrBiodata->index()
 7 SYSTEMPATH/CodeIgniter.php(457): CodeIgniter\CodeIgniter->runController(Object(Modules\FdrBiodata\Controllers\FdrBiodata))
 8 SYSTEMPATH/CodeIgniter.php(340): CodeIgniter\CodeIgniter->handleRequest(null, Object(Config\Cache), false)
 9 FCPATH/index.php(55): CodeIgniter\CodeIgniter->run()
10 SYSTEMPATH/Commands/Server/rewrite.php(43): require_once('FCPATH/index.php')
CRITICAL - 2022-11-29 09:51:33 --> Undefined variable: result
in APPPATH/Helpers/curl_helper.php on line 69.
 1 APPPATH/Helpers/curl_helper.php(69): CodeIgniter\Debug\Exceptions->errorHandler(8, 'Undefined variable: result', 'APPPATH/Helpers/curl_helper.php', 69, [...])
 2 ROOTPATH/modules/FdrBiodata/Views/fdrBiodata.php(148): getIdProdiPDDIKTI('Pendidikan Agama Islam', [...])
 3 SYSTEMPATH/View/View.php(213): include('ROOTPATH/modules/FdrBiodata/Views/fdrBiodata.php')
 4 SYSTEMPATH/View/View.php(216): CodeIgniter\View\View->CodeIgniter\View\{closure}()
 5 SYSTEMPATH/Common.php(1137): CodeIgniter\View\View->render('Modules\\FdrBiodata\\Views\\fdrBiodata', [], true)
 6 ROOTPATH/modules/FdrBiodata/Controllers/FdrBiodata.php(75): view('Modules\\FdrBiodata\\Views\\fdrBiodata', [...])
 7 SYSTEMPATH/CodeIgniter.php(898): Modules\FdrBiodata\Controllers\FdrBiodata->index()
 8 SYSTEMPATH/CodeIgniter.php(457): CodeIgniter\CodeIgniter->runController(Object(Modules\FdrBiodata\Controllers\FdrBiodata))
 9 SYSTEMPATH/CodeIgniter.php(340): CodeIgniter\CodeIgniter->handleRequest(null, Object(Config\Cache), false)
10 FCPATH/index.php(55): CodeIgniter\CodeIgniter->run()
11 SYSTEMPATH/Commands/Server/rewrite.php(43): require_once('FCPATH/index.php')
CRITICAL - 2022-11-29 09:52:07 --> Undefined variable: result
in APPPATH/Helpers/curl_helper.php on line 69.
 1 APPPATH/Helpers/curl_helper.php(69): CodeIgniter\Debug\Exceptions->errorHandler(8, 'Undefined variable: result', 'APPPATH/Helpers/curl_helper.php', 69, [...])
 2 ROOTPATH/modules/FdrBiodata/Views/fdrBiodata.php(148): getIdProdiPDDIKTI('Pendidikan Agama Islam', [...])
 3 SYSTEMPATH/View/View.php(213): include('ROOTPATH/modules/FdrBiodata/Views/fdrBiodata.php')
 4 SYSTEMPATH/View/View.php(216): CodeIgniter\View\View->CodeIgniter\View\{closure}()
 5 SYSTEMPATH/Common.php(1137): CodeIgniter\View\View->render('Modules\\FdrBiodata\\Views\\fdrBiodata', [], true)
 6 ROOTPATH/modules/FdrBiodata/Controllers/FdrBiodata.php(75): view('Modules\\FdrBiodata\\Views\\fdrBiodata', [...])
 7 SYSTEMPATH/CodeIgniter.php(898): Modules\FdrBiodata\Controllers\FdrBiodata->index()
 8 SYSTEMPATH/CodeIgniter.php(457): CodeIgniter\CodeIgniter->runController(Object(Modules\FdrBiodata\Controllers\FdrBiodata))
 9 SYSTEMPATH/CodeIgniter.php(340): CodeIgniter\CodeIgniter->handleRequest(null, Object(Config\Cache), false)
10 FCPATH/index.php(55): CodeIgniter\CodeIgniter->run()
11 SYSTEMPATH/Commands/Server/rewrite.php(43): require_once('FCPATH/index.php')
CRITICAL - 2022-11-29 09:57:27 --> Undefined variable: result
in APPPATH/Helpers/curl_helper.php on line 70.
 1 APPPATH/Helpers/curl_helper.php(70): CodeIgniter\Debug\Exceptions->errorHandler(8, 'Undefined variable: result', 'APPPATH/Helpers/curl_helper.php', 70, [...])
 2 ROOTPATH/modules/FdrBiodata/Views/fdrBiodata.php(148): getIdProdiPDDIKTI('Teknologi Hasil Pertanian ', [...])
 3 SYSTEMPATH/View/View.php(213): include('ROOTPATH/modules/FdrBiodata/Views/fdrBiodata.php')
 4 SYSTEMPATH/View/View.php(216): CodeIgniter\View\View->CodeIgniter\View\{closure}()
 5 SYSTEMPATH/Common.php(1137): CodeIgniter\View\View->render('Modules\\FdrBiodata\\Views\\fdrBiodata', [], true)
 6 ROOTPATH/modules/FdrBiodata/Controllers/FdrBiodata.php(75): view('Modules\\FdrBiodata\\Views\\fdrBiodata', [...])
 7 SYSTEMPATH/CodeIgniter.php(898): Modules\FdrBiodata\Controllers\FdrBiodata->index()
 8 SYSTEMPATH/CodeIgniter.php(457): CodeIgniter\CodeIgniter->runController(Object(Modules\FdrBiodata\Controllers\FdrBiodata))
 9 SYSTEMPATH/CodeIgniter.php(340): CodeIgniter\CodeIgniter->handleRequest(null, Object(Config\Cache), false)
10 FCPATH/index.php(55): CodeIgniter\CodeIgniter->run()
11 SYSTEMPATH/Commands/Server/rewrite.php(43): require_once('FCPATH/index.php')
CRITICAL - 2022-11-29 10:00:00 --> Undefined variable: result
in APPPATH/Helpers/curl_helper.php on line 70.
 1 APPPATH/Helpers/curl_helper.php(70): CodeIgniter\Debug\Exceptions->errorHandler(8, 'Undefined variable: result', 'APPPATH/Helpers/curl_helper.php', 70, [...])
 2 ROOTPATH/modules/FdrBiodata/Views/fdrBiodata.php(148): getIdProdiPDDIKTI('Doktor Hukum', [...])
 3 SYSTEMPATH/View/View.php(213): include('ROOTPATH/modules/FdrBiodata/Views/fdrBiodata.php')
 4 SYSTEMPATH/View/View.php(216): CodeIgniter\View\View->CodeIgniter\View\{closure}()
 5 SYSTEMPATH/Common.php(1137): CodeIgniter\View\View->render('Modules\\FdrBiodata\\Views\\fdrBiodata', [], true)
 6 ROOTPATH/modules/FdrBiodata/Controllers/FdrBiodata.php(75): view('Modules\\FdrBiodata\\Views\\fdrBiodata', [...])
 7 SYSTEMPATH/CodeIgniter.php(898): Modules\FdrBiodata\Controllers\FdrBiodata->index()
 8 SYSTEMPATH/CodeIgniter.php(457): CodeIgniter\CodeIgniter->runController(Object(Modules\FdrBiodata\Controllers\FdrBiodata))
 9 SYSTEMPATH/CodeIgniter.php(340): CodeIgniter\CodeIgniter->handleRequest(null, Object(Config\Cache), false)
10 FCPATH/index.php(55): CodeIgniter\CodeIgniter->run()
11 SYSTEMPATH/Commands/Server/rewrite.php(43): require_once('FCPATH/index.php')
CRITICAL - 2022-11-29 10:00:54 --> Undefined variable: result
in APPPATH/Helpers/curl_helper.php on line 70.
 1 APPPATH/Helpers/curl_helper.php(70): CodeIgniter\Debug\Exceptions->errorHandler(8, 'Undefined variable: result', 'APPPATH/Helpers/curl_helper.php', 70, [...])
 2 ROOTPATH/modules/FdrBiodata/Views/fdrBiodata.php(148): getIdProdiPDDIKTI('Doktor Hukum', [...])
 3 SYSTEMPATH/View/View.php(213): include('ROOTPATH/modules/FdrBiodata/Views/fdrBiodata.php')
 4 SYSTEMPATH/View/View.php(216): CodeIgniter\View\View->CodeIgniter\View\{closure}()
 5 SYSTEMPATH/Common.php(1137): CodeIgniter\View\View->render('Modules\\FdrBiodata\\Views\\fdrBiodata', [], true)
 6 ROOTPATH/modules/FdrBiodata/Controllers/FdrBiodata.php(75): view('Modules\\FdrBiodata\\Views\\fdrBiodata', [...])
 7 SYSTEMPATH/CodeIgniter.php(898): Modules\FdrBiodata\Controllers\FdrBiodata->index()
 8 SYSTEMPATH/CodeIgniter.php(457): CodeIgniter\CodeIgniter->runController(Object(Modules\FdrBiodata\Controllers\FdrBiodata))
 9 SYSTEMPATH/CodeIgniter.php(340): CodeIgniter\CodeIgniter->handleRequest(null, Object(Config\Cache), false)
10 FCPATH/index.php(55): CodeIgniter\CodeIgniter->run()
11 SYSTEMPATH/Commands/Server/rewrite.php(43): require_once('FCPATH/index.php')
CRITICAL - 2022-11-29 10:08:34 --> Undefined variable: result
in APPPATH/Helpers/curl_helper.php on line 71.
 1 APPPATH/Helpers/curl_helper.php(71): CodeIgniter\Debug\Exceptions->errorHandler(8, 'Undefined variable: result', 'APPPATH/Helpers/curl_helper.php', 71, [...])
 2 ROOTPATH/modules/FdrBiodata/Views/fdrBiodata.php(149): getIdProdiPDDIKTI('Doktor Hukum', [...])
 3 SYSTEMPATH/View/View.php(213): include('ROOTPATH/modules/FdrBiodata/Views/fdrBiodata.php')
 4 SYSTEMPATH/View/View.php(216): CodeIgniter\View\View->CodeIgniter\View\{closure}()
 5 SYSTEMPATH/Common.php(1137): CodeIgniter\View\View->render('Modules\\FdrBiodata\\Views\\fdrBiodata', [], true)
 6 ROOTPATH/modules/FdrBiodata/Controllers/FdrBiodata.php(75): view('Modules\\FdrBiodata\\Views\\fdrBiodata', [...])
 7 SYSTEMPATH/CodeIgniter.php(898): Modules\FdrBiodata\Controllers\FdrBiodata->index()
 8 SYSTEMPATH/CodeIgniter.php(457): CodeIgniter\CodeIgniter->runController(Object(Modules\FdrBiodata\Controllers\FdrBiodata))
 9 SYSTEMPATH/CodeIgniter.php(340): CodeIgniter\CodeIgniter->handleRequest(null, Object(Config\Cache), false)
10 FCPATH/index.php(55): CodeIgniter\CodeIgniter->run()
11 SYSTEMPATH/Commands/Server/rewrite.php(43): require_once('FCPATH/index.php')
ERROR - 2022-11-29 10:13:11 --> ErrorException: pg_query(): Query failed: ERROR:  invalid input syntax for type integer: &quot;e507b803-57f4-4c1b-a52c-983a2e12ecfc&quot;
LINE 3: WHERE &quot;dt_prodi&quot;.&quot;prodiId&quot; = 'e507b803-57f4-4c1b-a52c-983a2e...
                                     ^ in /Users/ivan/Codeigniter/umsu-academy/vendor/codeigniter4/framework/system/Database/Postgre/Connection.php:140
Stack trace:
#0 [internal function]: CodeIgniter\Debug\Exceptions->errorHandler(2, 'pg_query(): Que...', '/Users/ivan/Cod...', 140, Array)
#1 /Users/ivan/Codeigniter/umsu-academy/vendor/codeigniter4/framework/system/Database/Postgre/Connection.php(140): pg_query(Resource id #15, 'SELECT *\nFROM "...')
#2 /Users/ivan/Codeigniter/umsu-academy/vendor/codeigniter4/framework/system/Database/BaseConnection.php(693): CodeIgniter\Database\Postgre\Connection->execute('SELECT *\nFROM "...')
#3 /Users/ivan/Codeigniter/umsu-academy/vendor/codeigniter4/framework/system/Database/BaseConnection.php(620): CodeIgniter\Database\BaseConnection->simpleQuery('SELECT *\nFROM "...')
#4 /Users/ivan/Codeigniter/umsu-academy/vendor/codeigniter4/framework/system/Database/BaseBuilder.php(1585): CodeIgniter\Database\BaseConnection->query('SELECT *\nFROM "...', Array, false)
#5 /Users/ivan/Codeigniter/umsu-academy/vendor/codeigniter4/framework/system/Model.php(222): CodeIgniter\Database\BaseBuilder->get()
#6 /Users/ivan/Codeigniter/umsu-academy/vendor/codeigniter4/framework/system/BaseModel.php(584): CodeIgniter\Model->doFindAll(0, 0)
#7 /Users/ivan/Codeigniter/umsu-academy/app/Helpers/prodi_helper.php(6): CodeIgniter\BaseModel->findAll()
#8 /Users/ivan/Codeigniter/umsu-academy/modules/FdrBiodata/Controllers/FdrBiodata.php(41): getProdiDetail('e507b803-57f4-4...')
#9 /Users/ivan/Codeigniter/umsu-academy/vendor/codeigniter4/framework/system/CodeIgniter.php(898): Modules\FdrBiodata\Controllers\FdrBiodata->index()
#10 /Users/ivan/Codeigniter/umsu-academy/vendor/codeigniter4/framework/system/CodeIgniter.php(457): CodeIgniter\CodeIgniter->runController(Object(Modules\FdrBiodata\Controllers\FdrBiodata))
#11 /Users/ivan/Codeigniter/umsu-academy/vendor/codeigniter4/framework/system/CodeIgniter.php(340): CodeIgniter\CodeIgniter->handleRequest(NULL, Object(Config\Cache), false)
#12 /Users/ivan/Codeigniter/umsu-academy/public/index.php(55): CodeIgniter\CodeIgniter->run()
#13 /Users/ivan/Codeigniter/umsu-academy/vendor/codeigniter4/framework/system/Commands/Server/rewrite.php(43): require_once('/Users/ivan/Cod...')
#14 {main}
CRITICAL - 2022-11-29 10:13:11 --> pg_query(): Query failed: ERROR:  invalid input syntax for type integer: &quot;e507b803-57f4-4c1b-a52c-983a2e12ecfc&quot;
LINE 3: WHERE &quot;dt_prodi&quot;.&quot;prodiId&quot; = 'e507b803-57f4-4c1b-a52c-983a2e...
                                     ^
in SYSTEMPATH/Database/Postgre/Connection.php on line 140.
 1 [internal function]: CodeIgniter\Debug\Exceptions->errorHandler(2, 'pg_query(): Query failed: ERROR:  invalid input syntax for type integer: &quot;e507b803-57f4-4c1b-a52c-983a2e12ecfc&quot;
LINE 3: WHERE &quot;dt_prodi&quot;.&quot;prodiId&quot; = \'e507b803-57f4-4c1b-a52c-983a2e...
                                     ^', 'SYSTEMPATH/Database/Postgre/Connection.php', 140, [...])
 2 SYSTEMPATH/Database/Postgre/Connection.php(140): pg_query(resource (pgsql link), 'SELECT *
FROM "dt_prodi"
WHERE "dt_prodi"."prodiId" = \'e507b803-57f4-4c1b-a52c-983a2e12ecfc\'
AND "dt_prodi"."prodiDeletedAt" IS NULL')
 3 SYSTEMPATH/Database/BaseConnection.php(693): CodeIgniter\Database\Postgre\Connection->execute('SELECT *
FROM "dt_prodi"
WHERE "dt_prodi"."prodiId" = \'e507b803-57f4-4c1b-a52c-983a2e12ecfc\'
AND "dt_prodi"."prodiDeletedAt" IS NULL')
 4 SYSTEMPATH/Database/BaseConnection.php(620): CodeIgniter\Database\BaseConnection->simpleQuery('SELECT *
FROM "dt_prodi"
WHERE "dt_prodi"."prodiId" = \'e507b803-57f4-4c1b-a52c-983a2e12ecfc\'
AND "dt_prodi"."prodiDeletedAt" IS NULL')
 5 SYSTEMPATH/Database/BaseBuilder.php(1585): CodeIgniter\Database\BaseConnection->query('SELECT *
FROM "dt_prodi"
WHERE "dt_prodi"."prodiId" = :dt_prodi.prodiId:
AND "dt_prodi"."prodiDeletedAt" IS NULL', [...], false)
 6 SYSTEMPATH/Model.php(222): CodeIgniter\Database\BaseBuilder->get()
 7 SYSTEMPATH/BaseModel.php(584): CodeIgniter\Model->doFindAll(0, 0)
 8 APPPATH/Helpers/prodi_helper.php(6): CodeIgniter\BaseModel->findAll()
 9 ROOTPATH/modules/FdrBiodata/Controllers/FdrBiodata.php(41): getProdiDetail('e507b803-57f4-4c1b-a52c-983a2e12ecfc')
10 SYSTEMPATH/CodeIgniter.php(898): Modules\FdrBiodata\Controllers\FdrBiodata->index()
11 SYSTEMPATH/CodeIgniter.php(457): CodeIgniter\CodeIgniter->runController(Object(Modules\FdrBiodata\Controllers\FdrBiodata))
12 SYSTEMPATH/CodeIgniter.php(340): CodeIgniter\CodeIgniter->handleRequest(null, Object(Config\Cache), false)
13 FCPATH/index.php(55): CodeIgniter\CodeIgniter->run()
14 SYSTEMPATH/Commands/Server/rewrite.php(43): require_once('FCPATH/index.php')
CRITICAL - 2022-11-29 10:22:56 --> Undefined index: angkatan_max
in ROOTPATH/modules/FdrBiodata/Controllers/FdrBiodata.php on line 60.
 1 ROOTPATH/modules/FdrBiodata/Controllers/FdrBiodata.php(60): CodeIgniter\Debug\Exceptions->errorHandler(8, 'Undefined index: angkatan_max', 'ROOTPATH/modules/FdrBiodata/Controllers/FdrBiodata.php', 60, [...])
 2 SYSTEMPATH/CodeIgniter.php(898): Modules\FdrBiodata\Controllers\FdrBiodata->index()
 3 SYSTEMPATH/CodeIgniter.php(457): CodeIgniter\CodeIgniter->runController(Object(Modules\FdrBiodata\Controllers\FdrBiodata))
 4 SYSTEMPATH/CodeIgniter.php(340): CodeIgniter\CodeIgniter->handleRequest(null, Object(Config\Cache), false)
 5 FCPATH/index.php(55): CodeIgniter\CodeIgniter->run()
 6 SYSTEMPATH/Commands/Server/rewrite.php(43): require_once('FCPATH/index.php')
CRITICAL - 2022-11-29 10:32:03 --> Trying to get property 'type' of non-object
in ROOTPATH/modules/FdrBiodata/Controllers/FdrBiodata.php on line 63.
 1 ROOTPATH/modules/FdrBiodata/Controllers/FdrBiodata.php(63): CodeIgniter\Debug\Exceptions->errorHandler(8, 'Trying to get property \'type\' of non-object', 'ROOTPATH/modules/FdrBiodata/Controllers/FdrBiodata.php', 63, [...])
 2 SYSTEMPATH/CodeIgniter.php(898): Modules\FdrBiodata\Controllers\FdrBiodata->index()
 3 SYSTEMPATH/CodeIgniter.php(457): CodeIgniter\CodeIgniter->runController(Object(Modules\FdrBiodata\Controllers\FdrBiodata))
 4 SYSTEMPATH/CodeIgniter.php(340): CodeIgniter\CodeIgniter->handleRequest(null, Object(Config\Cache), false)
 5 FCPATH/index.php(55): CodeIgniter\CodeIgniter->run()
 6 SYSTEMPATH/Commands/Server/rewrite.php(43): require_once('FCPATH/index.php')
CRITICAL - 2022-11-29 10:32:14 --> Trying to get property 'id' of non-object
in ROOTPATH/modules/FdrBiodata/Controllers/FdrBiodata.php on line 64.
 1 ROOTPATH/modules/FdrBiodata/Controllers/FdrBiodata.php(64): CodeIgniter\Debug\Exceptions->errorHandler(8, 'Trying to get property \'id\' of non-object', 'ROOTPATH/modules/FdrBiodata/Controllers/FdrBiodata.php', 64, [...])
 2 SYSTEMPATH/CodeIgniter.php(898): Modules\FdrBiodata\Controllers\FdrBiodata->index()
 3 SYSTEMPATH/CodeIgniter.php(457): CodeIgniter\CodeIgniter->runController(Object(Modules\FdrBiodata\Controllers\FdrBiodata))
 4 SYSTEMPATH/CodeIgniter.php(340): CodeIgniter\CodeIgniter->handleRequest(null, Object(Config\Cache), false)
 5 FCPATH/index.php(55): CodeIgniter\CodeIgniter->run()
 6 SYSTEMPATH/Commands/Server/rewrite.php(43): require_once('FCPATH/index.php')
CRITICAL - 2022-11-29 10:56:46 --> Allowed memory size of 134217728 bytes exhausted (tried to allocate 68389488 bytes)
in SYSTEMPATH/HTTP/CURLRequest.php on line 387.
 1 [internal function]: CodeIgniter\Debug\Exceptions->shutdownHandler()
CRITICAL - 2022-11-29 11:25:09 --> Invalid argument supplied for foreach()
in ROOTPATH/modules/FdrBiodata/Views/fdrBiodata.php on line 89.
 1 ROOTPATH/modules/FdrBiodata/Views/fdrBiodata.php(89): CodeIgniter\Debug\Exceptions->errorHandler(2, 'Invalid argument supplied for foreach()', 'ROOTPATH/modules/FdrBiodata/Views/fdrBiodata.php', 89, [...])
 2 SYSTEMPATH/View/View.php(213): include('ROOTPATH/modules/FdrBiodata/Views/fdrBiodata.php')
 3 SYSTEMPATH/View/View.php(216): CodeIgniter\View\View->CodeIgniter\View\{closure}()
 4 SYSTEMPATH/Common.php(1137): CodeIgniter\View\View->render('Modules\\FdrBiodata\\Views\\fdrBiodata', [], true)
 5 ROOTPATH/modules/FdrBiodata/Controllers/FdrBiodata.php(93): view('Modules\\FdrBiodata\\Views\\fdrBiodata', [...])
 6 SYSTEMPATH/CodeIgniter.php(898): Modules\FdrBiodata\Controllers\FdrBiodata->index()
 7 SYSTEMPATH/CodeIgniter.php(457): CodeIgniter\CodeIgniter->runController(Object(Modules\FdrBiodata\Controllers\FdrBiodata))
 8 SYSTEMPATH/CodeIgniter.php(340): CodeIgniter\CodeIgniter->handleRequest(null, Object(Config\Cache), false)
 9 FCPATH/index.php(55): CodeIgniter\CodeIgniter->run()
10 SYSTEMPATH/Commands/Server/rewrite.php(43): require_once('FCPATH/index.php')
CRITICAL - 2022-11-29 11:38:04 --> Invalid argument supplied for foreach()
in ROOTPATH/modules/FdrBiodata/Views/fdrBiodata.php on line 89.
 1 ROOTPATH/modules/FdrBiodata/Views/fdrBiodata.php(89): CodeIgniter\Debug\Exceptions->errorHandler(2, 'Invalid argument supplied for foreach()', 'ROOTPATH/modules/FdrBiodata/Views/fdrBiodata.php', 89, [...])
 2 SYSTEMPATH/View/View.php(213): include('ROOTPATH/modules/FdrBiodata/Views/fdrBiodata.php')
 3 SYSTEMPATH/View/View.php(216): CodeIgniter\View\View->CodeIgniter\View\{closure}()
 4 SYSTEMPATH/Common.php(1137): CodeIgniter\View\View->render('Modules\\FdrBiodata\\Views\\fdrBiodata', [], true)
 5 ROOTPATH/modules/FdrBiodata/Controllers/FdrBiodata.php(93): view('Modules\\FdrBiodata\\Views\\fdrBiodata', [...])
 6 SYSTEMPATH/CodeIgniter.php(898): Modules\FdrBiodata\Controllers\FdrBiodata->index()
 7 SYSTEMPATH/CodeIgniter.php(457): CodeIgniter\CodeIgniter->runController(Object(Modules\FdrBiodata\Controllers\FdrBiodata))
 8 SYSTEMPATH/CodeIgniter.php(340): CodeIgniter\CodeIgniter->handleRequest(null, Object(Config\Cache), false)
 9 FCPATH/index.php(55): CodeIgniter\CodeIgniter->run()
10 SYSTEMPATH/Commands/Server/rewrite.php(43): require_once('FCPATH/index.php')
CRITICAL - 2022-11-29 11:51:58 --> syntax error, unexpected ')'
in APPPATH/Helpers/curl_helper.php on line 66.
 1 SYSTEMPATH/Controller.php(85): helper([...])
 2 APPPATH/Controllers/BaseController.php(52): CodeIgniter\Controller->initController(Object(CodeIgniter\HTTP\IncomingRequest), Object(CodeIgniter\HTTP\Response), Object(CodeIgniter\Log\Logger))
 3 SYSTEMPATH/CodeIgniter.php(861): App\Controllers\BaseController->initController(Object(CodeIgniter\HTTP\IncomingRequest), Object(CodeIgniter\HTTP\Response), Object(CodeIgniter\Log\Logger))
 4 SYSTEMPATH/CodeIgniter.php(448): CodeIgniter\CodeIgniter->createController()
 5 SYSTEMPATH/CodeIgniter.php(340): CodeIgniter\CodeIgniter->handleRequest(null, Object(Config\Cache), false)
 6 FCPATH/index.php(55): CodeIgniter\CodeIgniter->run()
 7 SYSTEMPATH/Commands/Server/rewrite.php(43): require_once('FCPATH/index.php')
CRITICAL - 2022-11-29 11:57:01 --> Too few arguments to function getIdProdiPDDIKTI(), 2 passed in /Users/ivan/Codeigniter/umsu-academy/modules/FdrBiodata/Views/fdrBiodata.php on line 148 and exactly 3 expected
in APPPATH/Helpers/curl_helper.php on line 62.
 1 ROOTPATH/modules/FdrBiodata/Views/fdrBiodata.php(148): getIdProdiPDDIKTI('Manajemen Bisnis Syariah', [...])
 2 SYSTEMPATH/View/View.php(213): include('ROOTPATH/modules/FdrBiodata/Views/fdrBiodata.php')
 3 SYSTEMPATH/View/View.php(216): CodeIgniter\View\View->CodeIgniter\View\{closure}()
 4 SYSTEMPATH/Common.php(1137): CodeIgniter\View\View->render('Modules\\FdrBiodata\\Views\\fdrBiodata', [], true)
 5 ROOTPATH/modules/FdrBiodata/Controllers/FdrBiodata.php(95): view('Modules\\FdrBiodata\\Views\\fdrBiodata', [...])
 6 SYSTEMPATH/CodeIgniter.php(898): Modules\FdrBiodata\Controllers\FdrBiodata->index()
 7 SYSTEMPATH/CodeIgniter.php(457): CodeIgniter\CodeIgniter->runController(Object(Modules\FdrBiodata\Controllers\FdrBiodata))
 8 SYSTEMPATH/CodeIgniter.php(340): CodeIgniter\CodeIgniter->handleRequest(null, Object(Config\Cache), false)
 9 FCPATH/index.php(55): CodeIgniter\CodeIgniter->run()
10 SYSTEMPATH/Commands/Server/rewrite.php(43): require_once('FCPATH/index.php')
CRITICAL - 2022-11-29 13:26:36 --> Undefined index: type
in ROOTPATH/modules/FdrBiodata/Controllers/FdrBiodata.php on line 99.
 1 ROOTPATH/modules/FdrBiodata/Controllers/FdrBiodata.php(99): CodeIgniter\Debug\Exceptions->errorHandler(8, 'Undefined index: type', 'ROOTPATH/modules/FdrBiodata/Controllers/FdrBiodata.php', 99, [...])
 2 SYSTEMPATH/CodeIgniter.php(898): Modules\FdrBiodata\Controllers\FdrBiodata->index()
 3 SYSTEMPATH/CodeIgniter.php(457): CodeIgniter\CodeIgniter->runController(Object(Modules\FdrBiodata\Controllers\FdrBiodata))
 4 SYSTEMPATH/CodeIgniter.php(340): CodeIgniter\CodeIgniter->handleRequest(null, Object(Config\Cache), false)
 5 FCPATH/index.php(55): CodeIgniter\CodeIgniter->run()
 6 SYSTEMPATH/Commands/Server/rewrite.php(43): require_once('FCPATH/index.php')
CRITICAL - 2022-11-29 13:27:43 --> Undefined index: type
in ROOTPATH/modules/FdrBiodata/Controllers/FdrBiodata.php on line 98.
 1 ROOTPATH/modules/FdrBiodata/Controllers/FdrBiodata.php(98): CodeIgniter\Debug\Exceptions->errorHandler(8, 'Undefined index: type', 'ROOTPATH/modules/FdrBiodata/Controllers/FdrBiodata.php', 98, [...])
 2 SYSTEMPATH/CodeIgniter.php(898): Modules\FdrBiodata\Controllers\FdrBiodata->index()
 3 SYSTEMPATH/CodeIgniter.php(457): CodeIgniter\CodeIgniter->runController(Object(Modules\FdrBiodata\Controllers\FdrBiodata))
 4 SYSTEMPATH/CodeIgniter.php(340): CodeIgniter\CodeIgniter->handleRequest(null, Object(Config\Cache), false)
 5 FCPATH/index.php(55): CodeIgniter\CodeIgniter->run()
 6 SYSTEMPATH/Commands/Server/rewrite.php(43): require_once('FCPATH/index.php')
CRITICAL - 2022-11-29 13:31:09 --> Undefined index: keyword
in ROOTPATH/modules/FdrBiodata/Controllers/FdrBiodata.php on line 99.
 1 ROOTPATH/modules/FdrBiodata/Controllers/FdrBiodata.php(99): CodeIgniter\Debug\Exceptions->errorHandler(8, 'Undefined index: keyword', 'ROOTPATH/modules/FdrBiodata/Controllers/FdrBiodata.php', 99, [...])
 2 SYSTEMPATH/CodeIgniter.php(898): Modules\FdrBiodata\Controllers\FdrBiodata->index()
 3 SYSTEMPATH/CodeIgniter.php(457): CodeIgniter\CodeIgniter->runController(Object(Modules\FdrBiodata\Controllers\FdrBiodata))
 4 SYSTEMPATH/CodeIgniter.php(340): CodeIgniter\CodeIgniter->handleRequest(null, Object(Config\Cache), false)
 5 FCPATH/index.php(55): CodeIgniter\CodeIgniter->run()
 6 SYSTEMPATH/Commands/Server/rewrite.php(43): require_once('FCPATH/index.php')
CRITICAL - 2022-11-29 13:31:48 --> Trying to get property 'key' of non-object
in ROOTPATH/modules/FdrBiodata/Controllers/FdrBiodata.php on line 108.
 1 ROOTPATH/modules/FdrBiodata/Controllers/FdrBiodata.php(108): CodeIgniter\Debug\Exceptions->errorHandler(8, 'Trying to get property \'key\' of non-object', 'ROOTPATH/modules/FdrBiodata/Controllers/FdrBiodata.php', 108, [...])
 2 SYSTEMPATH/CodeIgniter.php(898): Modules\FdrBiodata\Controllers\FdrBiodata->index()
 3 SYSTEMPATH/CodeIgniter.php(457): CodeIgniter\CodeIgniter->runController(Object(Modules\FdrBiodata\Controllers\FdrBiodata))
 4 SYSTEMPATH/CodeIgniter.php(340): CodeIgniter\CodeIgniter->handleRequest(null, Object(Config\Cache), false)
 5 FCPATH/index.php(55): CodeIgniter\CodeIgniter->run()
 6 SYSTEMPATH/Commands/Server/rewrite.php(43): require_once('FCPATH/index.php')
CRITICAL - 2022-11-29 13:32:15 --> Trying to get property 'key' of non-object
in ROOTPATH/modules/FdrBiodata/Controllers/FdrBiodata.php on line 108.
 1 ROOTPATH/modules/FdrBiodata/Controllers/FdrBiodata.php(108): CodeIgniter\Debug\Exceptions->errorHandler(8, 'Trying to get property \'key\' of non-object', 'ROOTPATH/modules/FdrBiodata/Controllers/FdrBiodata.php', 108, [...])
 2 SYSTEMPATH/CodeIgniter.php(898): Modules\FdrBiodata\Controllers\FdrBiodata->index()
 3 SYSTEMPATH/CodeIgniter.php(457): CodeIgniter\CodeIgniter->runController(Object(Modules\FdrBiodata\Controllers\FdrBiodata))
 4 SYSTEMPATH/CodeIgniter.php(340): CodeIgniter\CodeIgniter->handleRequest(null, Object(Config\Cache), false)
 5 FCPATH/index.php(55): CodeIgniter\CodeIgniter->run()
 6 SYSTEMPATH/Commands/Server/rewrite.php(43): require_once('FCPATH/index.php')
CRITICAL - 2022-11-29 13:32:24 --> Trying to get property 'key' of non-object
in ROOTPATH/modules/FdrBiodata/Controllers/FdrBiodata.php on line 108.
 1 ROOTPATH/modules/FdrBiodata/Controllers/FdrBiodata.php(108): CodeIgniter\Debug\Exceptions->errorHandler(8, 'Trying to get property \'key\' of non-object', 'ROOTPATH/modules/FdrBiodata/Controllers/FdrBiodata.php', 108, [...])
 2 SYSTEMPATH/CodeIgniter.php(898): Modules\FdrBiodata\Controllers\FdrBiodata->index()
 3 SYSTEMPATH/CodeIgniter.php(457): CodeIgniter\CodeIgniter->runController(Object(Modules\FdrBiodata\Controllers\FdrBiodata))
 4 SYSTEMPATH/CodeIgniter.php(340): CodeIgniter\CodeIgniter->handleRequest(null, Object(Config\Cache), false)
 5 FCPATH/index.php(55): CodeIgniter\CodeIgniter->run()
 6 SYSTEMPATH/Commands/Server/rewrite.php(43): require_once('FCPATH/index.php')
CRITICAL - 2022-11-29 13:35:22 --> Invalid argument supplied for foreach()
in ROOTPATH/modules/FdrBiodata/Views/fdrBiodata.php on line 95.
 1 ROOTPATH/modules/FdrBiodata/Views/fdrBiodata.php(95): CodeIgniter\Debug\Exceptions->errorHandler(2, 'Invalid argument supplied for foreach()', 'ROOTPATH/modules/FdrBiodata/Views/fdrBiodata.php', 95, [...])
 2 SYSTEMPATH/View/View.php(213): include('ROOTPATH/modules/FdrBiodata/Views/fdrBiodata.php')
 3 SYSTEMPATH/View/View.php(216): CodeIgniter\View\View->CodeIgniter\View\{closure}()
 4 SYSTEMPATH/Common.php(1137): CodeIgniter\View\View->render('Modules\\FdrBiodata\\Views\\fdrBiodata', [], true)
 5 ROOTPATH/modules/FdrBiodata/Controllers/FdrBiodata.php(140): view('Modules\\FdrBiodata\\Views\\fdrBiodata', [...])
 6 SYSTEMPATH/CodeIgniter.php(898): Modules\FdrBiodata\Controllers\FdrBiodata->index()
 7 SYSTEMPATH/CodeIgniter.php(457): CodeIgniter\CodeIgniter->runController(Object(Modules\FdrBiodata\Controllers\FdrBiodata))
 8 SYSTEMPATH/CodeIgniter.php(340): CodeIgniter\CodeIgniter->handleRequest(null, Object(Config\Cache), false)
 9 FCPATH/index.php(55): CodeIgniter\CodeIgniter->run()
10 SYSTEMPATH/Commands/Server/rewrite.php(43): require_once('FCPATH/index.php')
CRITICAL - 2022-11-29 13:45:36 --> Undefined variable: keywordData
in ROOTPATH/modules/FdrBiodata/Controllers/FdrBiodata.php on line 107.
 1 ROOTPATH/modules/FdrBiodata/Controllers/FdrBiodata.php(107): CodeIgniter\Debug\Exceptions->errorHandler(8, 'Undefined variable: keywordData', 'ROOTPATH/modules/FdrBiodata/Controllers/FdrBiodata.php', 107, [...])
 2 SYSTEMPATH/CodeIgniter.php(898): Modules\FdrBiodata\Controllers\FdrBiodata->index()
 3 SYSTEMPATH/CodeIgniter.php(457): CodeIgniter\CodeIgniter->runController(Object(Modules\FdrBiodata\Controllers\FdrBiodata))
 4 SYSTEMPATH/CodeIgniter.php(340): CodeIgniter\CodeIgniter->handleRequest(null, Object(Config\Cache), false)
 5 FCPATH/index.php(55): CodeIgniter\CodeIgniter->run()
 6 SYSTEMPATH/Commands/Server/rewrite.php(43): require_once('FCPATH/index.php')
CRITICAL - 2022-11-29 13:45:52 --> Undefined variable: keywordData
in ROOTPATH/modules/FdrBiodata/Controllers/FdrBiodata.php on line 107.
 1 ROOTPATH/modules/FdrBiodata/Controllers/FdrBiodata.php(107): CodeIgniter\Debug\Exceptions->errorHandler(8, 'Undefined variable: keywordData', 'ROOTPATH/modules/FdrBiodata/Controllers/FdrBiodata.php', 107, [...])
 2 SYSTEMPATH/CodeIgniter.php(898): Modules\FdrBiodata\Controllers\FdrBiodata->index()
 3 SYSTEMPATH/CodeIgniter.php(457): CodeIgniter\CodeIgniter->runController(Object(Modules\FdrBiodata\Controllers\FdrBiodata))
 4 SYSTEMPATH/CodeIgniter.php(340): CodeIgniter\CodeIgniter->handleRequest(null, Object(Config\Cache), false)
 5 FCPATH/index.php(55): CodeIgniter\CodeIgniter->run()
 6 SYSTEMPATH/Commands/Server/rewrite.php(43): require_once('FCPATH/index.php')
CRITICAL - 2022-11-29 13:45:56 --> Undefined variable: keywordData
in ROOTPATH/modules/FdrBiodata/Controllers/FdrBiodata.php on line 107.
 1 ROOTPATH/modules/FdrBiodata/Controllers/FdrBiodata.php(107): CodeIgniter\Debug\Exceptions->errorHandler(8, 'Undefined variable: keywordData', 'ROOTPATH/modules/FdrBiodata/Controllers/FdrBiodata.php', 107, [...])
 2 SYSTEMPATH/CodeIgniter.php(898): Modules\FdrBiodata\Controllers\FdrBiodata->index()
 3 SYSTEMPATH/CodeIgniter.php(457): CodeIgniter\CodeIgniter->runController(Object(Modules\FdrBiodata\Controllers\FdrBiodata))
 4 SYSTEMPATH/CodeIgniter.php(340): CodeIgniter\CodeIgniter->handleRequest(null, Object(Config\Cache), false)
 5 FCPATH/index.php(55): CodeIgniter\CodeIgniter->run()
 6 SYSTEMPATH/Commands/Server/rewrite.php(43): require_once('FCPATH/index.php')
CRITICAL - 2022-11-29 13:46:09 --> Undefined variable: keywordData
in ROOTPATH/modules/FdrBiodata/Controllers/FdrBiodata.php on line 107.
 1 ROOTPATH/modules/FdrBiodata/Controllers/FdrBiodata.php(107): CodeIgniter\Debug\Exceptions->errorHandler(8, 'Undefined variable: keywordData', 'ROOTPATH/modules/FdrBiodata/Controllers/FdrBiodata.php', 107, [...])
 2 SYSTEMPATH/CodeIgniter.php(898): Modules\FdrBiodata\Controllers\FdrBiodata->index()
 3 SYSTEMPATH/CodeIgniter.php(457): CodeIgniter\CodeIgniter->runController(Object(Modules\FdrBiodata\Controllers\FdrBiodata))
 4 SYSTEMPATH/CodeIgniter.php(340): CodeIgniter\CodeIgniter->handleRequest(null, Object(Config\Cache), false)
 5 FCPATH/index.php(55): CodeIgniter\CodeIgniter->run()
 6 SYSTEMPATH/Commands/Server/rewrite.php(43): require_once('FCPATH/index.php')
CRITICAL - 2022-11-29 13:48:36 --> Undefined variable: keywordData
in ROOTPATH/modules/FdrBiodata/Controllers/FdrBiodata.php on line 107.
 1 ROOTPATH/modules/FdrBiodata/Controllers/FdrBiodata.php(107): CodeIgniter\Debug\Exceptions->errorHandler(8, 'Undefined variable: keywordData', 'ROOTPATH/modules/FdrBiodata/Controllers/FdrBiodata.php', 107, [...])
 2 SYSTEMPATH/CodeIgniter.php(898): Modules\FdrBiodata\Controllers\FdrBiodata->index()
 3 SYSTEMPATH/CodeIgniter.php(457): CodeIgniter\CodeIgniter->runController(Object(Modules\FdrBiodata\Controllers\FdrBiodata))
 4 SYSTEMPATH/CodeIgniter.php(340): CodeIgniter\CodeIgniter->handleRequest(null, Object(Config\Cache), false)
 5 FCPATH/index.php(55): CodeIgniter\CodeIgniter->run()
 6 SYSTEMPATH/Commands/Server/rewrite.php(43): require_once('FCPATH/index.php')
CRITICAL - 2022-11-29 13:50:05 --> Undefined variable: filterData
in ROOTPATH/modules/FdrBiodata/Controllers/FdrBiodata.php on line 107.
 1 ROOTPATH/modules/FdrBiodata/Controllers/FdrBiodata.php(107): CodeIgniter\Debug\Exceptions->errorHandler(8, 'Undefined variable: filterData', 'ROOTPATH/modules/FdrBiodata/Controllers/FdrBiodata.php', 107, [...])
 2 SYSTEMPATH/CodeIgniter.php(898): Modules\FdrBiodata\Controllers\FdrBiodata->index()
 3 SYSTEMPATH/CodeIgniter.php(457): CodeIgniter\CodeIgniter->runController(Object(Modules\FdrBiodata\Controllers\FdrBiodata))
 4 SYSTEMPATH/CodeIgniter.php(340): CodeIgniter\CodeIgniter->handleRequest(null, Object(Config\Cache), false)
 5 FCPATH/index.php(55): CodeIgniter\CodeIgniter->run()
 6 SYSTEMPATH/Commands/Server/rewrite.php(43): require_once('FCPATH/index.php')
CRITICAL - 2022-11-29 13:50:56 --> Undefined variable: filterData
in ROOTPATH/modules/FdrBiodata/Controllers/FdrBiodata.php on line 107.
 1 ROOTPATH/modules/FdrBiodata/Controllers/FdrBiodata.php(107): CodeIgniter\Debug\Exceptions->errorHandler(8, 'Undefined variable: filterData', 'ROOTPATH/modules/FdrBiodata/Controllers/FdrBiodata.php', 107, [...])
 2 SYSTEMPATH/CodeIgniter.php(898): Modules\FdrBiodata\Controllers\FdrBiodata->index()
 3 SYSTEMPATH/CodeIgniter.php(457): CodeIgniter\CodeIgniter->runController(Object(Modules\FdrBiodata\Controllers\FdrBiodata))
 4 SYSTEMPATH/CodeIgniter.php(340): CodeIgniter\CodeIgniter->handleRequest(null, Object(Config\Cache), false)
 5 FCPATH/index.php(55): CodeIgniter\CodeIgniter->run()
 6 SYSTEMPATH/Commands/Server/rewrite.php(43): require_once('FCPATH/index.php')
CRITICAL - 2022-11-29 13:55:11 --> Allowed memory size of 134217728 bytes exhausted (tried to allocate 68389488 bytes)
in SYSTEMPATH/HTTP/CURLRequest.php on line 387.
 1 [internal function]: CodeIgniter\Debug\Exceptions->shutdownHandler()
CRITICAL - 2022-11-29 14:14:40 --> Undefined property: CodeIgniter\View\View::$pageNumber
in ROOTPATH/modules/FdrBiodata/Views/fdrBiodata.php on line 15.
 1 ROOTPATH/modules/FdrBiodata/Views/fdrBiodata.php(15): CodeIgniter\Debug\Exceptions->errorHandler(8, 'Undefined property: CodeIgniter\\View\\View::$pageNumber', 'ROOTPATH/modules/FdrBiodata/Views/fdrBiodata.php', 15, [...])
 2 SYSTEMPATH/View/View.php(213): include('ROOTPATH/modules/FdrBiodata/Views/fdrBiodata.php')
 3 SYSTEMPATH/View/View.php(216): CodeIgniter\View\View->CodeIgniter\View\{closure}()
 4 SYSTEMPATH/Common.php(1137): CodeIgniter\View\View->render('Modules\\FdrBiodata\\Views\\fdrBiodata', [], true)
 5 ROOTPATH/modules/FdrBiodata/Controllers/FdrBiodata.php(84): view('Modules\\FdrBiodata\\Views\\fdrBiodata', [...])
 6 SYSTEMPATH/CodeIgniter.php(898): Modules\FdrBiodata\Controllers\FdrBiodata->index()
 7 SYSTEMPATH/CodeIgniter.php(457): CodeIgniter\CodeIgniter->runController(Object(Modules\FdrBiodata\Controllers\FdrBiodata))
 8 SYSTEMPATH/CodeIgniter.php(340): CodeIgniter\CodeIgniter->handleRequest(null, Object(Config\Cache), false)
 9 FCPATH/index.php(55): CodeIgniter\CodeIgniter->run()
10 SYSTEMPATH/Commands/Server/rewrite.php(43): require_once('FCPATH/index.php')
CRITICAL - 2022-11-29 14:44:38 --> Invalid argument supplied for foreach()
in APPPATH/Helpers/curl_helper.php on line 65.
 1 APPPATH/Helpers/curl_helper.php(65): CodeIgniter\Debug\Exceptions->errorHandler(2, 'Invalid argument supplied for foreach()', 'APPPATH/Helpers/curl_helper.php', 65, [...])
 2 ROOTPATH/modules/FdrBiodata/Views/fdrBiodata.php(48): getIdProdiPDDIKTI('Manajemen Bisnis Syariah', 'S1', 'ROOTPATH/public')
 3 SYSTEMPATH/View/View.php(213): include('ROOTPATH/modules/FdrBiodata/Views/fdrBiodata.php')
 4 SYSTEMPATH/View/View.php(216): CodeIgniter\View\View->CodeIgniter\View\{closure}()
 5 SYSTEMPATH/Common.php(1137): CodeIgniter\View\View->render('Modules\\FdrBiodata\\Views\\fdrBiodata', [], true)
 6 ROOTPATH/modules/FdrBiodata/Controllers/FdrBiodata.php(85): view('Modules\\FdrBiodata\\Views\\fdrBiodata', [...])
 7 SYSTEMPATH/CodeIgniter.php(898): Modules\FdrBiodata\Controllers\FdrBiodata->index()
 8 SYSTEMPATH/CodeIgniter.php(457): CodeIgniter\CodeIgniter->runController(Object(Modules\FdrBiodata\Controllers\FdrBiodata))
 9 SYSTEMPATH/CodeIgniter.php(340): CodeIgniter\CodeIgniter->handleRequest(null, Object(Config\Cache), false)
10 FCPATH/index.php(55): CodeIgniter\CodeIgniter->run()
11 SYSTEMPATH/Commands/Server/rewrite.php(43): require_once('FCPATH/index.php')
CRITICAL - 2022-11-29 15:17:54 --> Call to undefined function Modules\FdrKrs\Controllers\gettoken()
in ROOTPATH/modules/FdrKrs/Controllers/FdrKrs.php on line 18.
 1 SYSTEMPATH/CodeIgniter.php(898): Modules\FdrKrs\Controllers\FdrKrs->index()
 2 SYSTEMPATH/CodeIgniter.php(457): CodeIgniter\CodeIgniter->runController(Object(Modules\FdrKrs\Controllers\FdrKrs))
 3 SYSTEMPATH/CodeIgniter.php(340): CodeIgniter\CodeIgniter->handleRequest(null, Object(Config\Cache), false)
 4 FCPATH/index.php(55): CodeIgniter\CodeIgniter->run()
 5 SYSTEMPATH/Commands/Server/rewrite.php(43): require_once('FCPATH/index.php')
CRITICAL - 2022-11-29 15:19:54 --> Call to undefined function Modules\FdrKrs\Controllers\gettoken()
in ROOTPATH/modules/FdrKrs/Controllers/FdrKrs.php on line 18.
 1 SYSTEMPATH/CodeIgniter.php(898): Modules\FdrKrs\Controllers\FdrKrs->index()
 2 SYSTEMPATH/CodeIgniter.php(457): CodeIgniter\CodeIgniter->runController(Object(Modules\FdrKrs\Controllers\FdrKrs))
 3 SYSTEMPATH/CodeIgniter.php(340): CodeIgniter\CodeIgniter->handleRequest(null, Object(Config\Cache), false)
 4 FCPATH/index.php(55): CodeIgniter\CodeIgniter->run()
 5 SYSTEMPATH/Commands/Server/rewrite.php(43): require_once('FCPATH/index.php')
CRITICAL - 2022-11-29 16:00:28 --> count(): Parameter must be an array or an object that implements Countable
in ROOTPATH/modules/FdrKrs/Views/fdrKrs.php on line 46.
 1 ROOTPATH/modules/FdrKrs/Views/fdrKrs.php(46): CodeIgniter\Debug\Exceptions->errorHandler(2, 'count(): Parameter must be an array or an object that implements Countable', 'ROOTPATH/modules/FdrKrs/Views/fdrKrs.php', 46, [...])
 2 SYSTEMPATH/View/View.php(213): include('ROOTPATH/modules/FdrKrs/Views/fdrKrs.php')
 3 SYSTEMPATH/View/View.php(216): CodeIgniter\View\View->CodeIgniter\View\{closure}()
 4 SYSTEMPATH/Common.php(1137): CodeIgniter\View\View->render('Modules\\FdrKrs\\Views\\fdrKrs', [], true)
 5 ROOTPATH/modules/FdrKrs/Controllers/FdrKrs.php(42): view('Modules\\FdrKrs\\Views\\fdrKrs', [...])
 6 SYSTEMPATH/CodeIgniter.php(898): Modules\FdrKrs\Controllers\FdrKrs->index()
 7 SYSTEMPATH/CodeIgniter.php(457): CodeIgniter\CodeIgniter->runController(Object(Modules\FdrKrs\Controllers\FdrKrs))
 8 SYSTEMPATH/CodeIgniter.php(340): CodeIgniter\CodeIgniter->handleRequest(null, Object(Config\Cache), false)
 9 FCPATH/index.php(55): CodeIgniter\CodeIgniter->run()
10 SYSTEMPATH/Commands/Server/rewrite.php(43): require_once('FCPATH/index.php')
CRITICAL - 2022-11-29 16:00:54 --> count(): Parameter must be an array or an object that implements Countable
in ROOTPATH/modules/FdrKrs/Views/fdrKrs.php on line 46.
 1 ROOTPATH/modules/FdrKrs/Views/fdrKrs.php(46): CodeIgniter\Debug\Exceptions->errorHandler(2, 'count(): Parameter must be an array or an object that implements Countable', 'ROOTPATH/modules/FdrKrs/Views/fdrKrs.php', 46, [...])
 2 SYSTEMPATH/View/View.php(213): include('ROOTPATH/modules/FdrKrs/Views/fdrKrs.php')
 3 SYSTEMPATH/View/View.php(216): CodeIgniter\View\View->CodeIgniter\View\{closure}()
 4 SYSTEMPATH/Common.php(1137): CodeIgniter\View\View->render('Modules\\FdrKrs\\Views\\fdrKrs', [], true)
 5 ROOTPATH/modules/FdrKrs/Controllers/FdrKrs.php(42): view('Modules\\FdrKrs\\Views\\fdrKrs', [...])
 6 SYSTEMPATH/CodeIgniter.php(898): Modules\FdrKrs\Controllers\FdrKrs->index()
 7 SYSTEMPATH/CodeIgniter.php(457): CodeIgniter\CodeIgniter->runController(Object(Modules\FdrKrs\Controllers\FdrKrs))
 8 SYSTEMPATH/CodeIgniter.php(340): CodeIgniter\CodeIgniter->handleRequest(null, Object(Config\Cache), false)
 9 FCPATH/index.php(55): CodeIgniter\CodeIgniter->run()
10 SYSTEMPATH/Commands/Server/rewrite.php(43): require_once('FCPATH/index.php')
CRITICAL - 2022-11-29 16:01:31 --> count(): Parameter must be an array or an object that implements Countable
in ROOTPATH/modules/FdrKrs/Views/fdrKrs.php on line 46.
 1 ROOTPATH/modules/FdrKrs/Views/fdrKrs.php(46): CodeIgniter\Debug\Exceptions->errorHandler(2, 'count(): Parameter must be an array or an object that implements Countable', 'ROOTPATH/modules/FdrKrs/Views/fdrKrs.php', 46, [...])
 2 SYSTEMPATH/View/View.php(213): include('ROOTPATH/modules/FdrKrs/Views/fdrKrs.php')
 3 SYSTEMPATH/View/View.php(216): CodeIgniter\View\View->CodeIgniter\View\{closure}()
 4 SYSTEMPATH/Common.php(1137): CodeIgniter\View\View->render('Modules\\FdrKrs\\Views\\fdrKrs', [], true)
 5 ROOTPATH/modules/FdrKrs/Controllers/FdrKrs.php(42): view('Modules\\FdrKrs\\Views\\fdrKrs', [...])
 6 SYSTEMPATH/CodeIgniter.php(898): Modules\FdrKrs\Controllers\FdrKrs->index()
 7 SYSTEMPATH/CodeIgniter.php(457): CodeIgniter\CodeIgniter->runController(Object(Modules\FdrKrs\Controllers\FdrKrs))
 8 SYSTEMPATH/CodeIgniter.php(340): CodeIgniter\CodeIgniter->handleRequest(null, Object(Config\Cache), false)
 9 FCPATH/index.php(55): CodeIgniter\CodeIgniter->run()
10 SYSTEMPATH/Commands/Server/rewrite.php(43): require_once('FCPATH/index.php')
CRITICAL - 2022-11-29 16:50:06 --> count(): Parameter must be an array or an object that implements Countable
in ROOTPATH/modules/FdrTranskrip/Views/fdrTranskrip.php on line 46.
 1 ROOTPATH/modules/FdrTranskrip/Views/fdrTranskrip.php(46): CodeIgniter\Debug\Exceptions->errorHandler(2, 'count(): Parameter must be an array or an object that implements Countable', 'ROOTPATH/modules/FdrTranskrip/Views/fdrTranskrip.php', 46, [...])
 2 SYSTEMPATH/View/View.php(213): include('ROOTPATH/modules/FdrTranskrip/Views/fdrTranskrip.php')
 3 SYSTEMPATH/View/View.php(216): CodeIgniter\View\View->CodeIgniter\View\{closure}()
 4 SYSTEMPATH/Common.php(1137): CodeIgniter\View\View->render('Modules\\FdrTranskrip\\Views\\fdrTranskrip', [], true)
 5 ROOTPATH/modules/FdrTranskrip/Controllers/FdrTranskrip.php(42): view('Modules\\FdrTranskrip\\Views\\fdrTranskrip', [...])
 6 SYSTEMPATH/CodeIgniter.php(898): Modules\FdrTranskrip\Controllers\FdrTranskrip->index()
 7 SYSTEMPATH/CodeIgniter.php(457): CodeIgniter\CodeIgniter->runController(Object(Modules\FdrTranskrip\Controllers\FdrTranskrip))
 8 SYSTEMPATH/CodeIgniter.php(340): CodeIgniter\CodeIgniter->handleRequest(null, Object(Config\Cache), false)
 9 FCPATH/index.php(55): CodeIgniter\CodeIgniter->run()
10 SYSTEMPATH/Commands/Server/rewrite.php(43): require_once('FCPATH/index.php')
CRITICAL - 2022-11-29 16:51:31 --> count(): Parameter must be an array or an object that implements Countable
in ROOTPATH/modules/FdrTranskrip/Views/fdrTranskrip.php on line 44.
 1 ROOTPATH/modules/FdrTranskrip/Views/fdrTranskrip.php(44): CodeIgniter\Debug\Exceptions->errorHandler(2, 'count(): Parameter must be an array or an object that implements Countable', 'ROOTPATH/modules/FdrTranskrip/Views/fdrTranskrip.php', 44, [...])
 2 SYSTEMPATH/View/View.php(213): include('ROOTPATH/modules/FdrTranskrip/Views/fdrTranskrip.php')
 3 SYSTEMPATH/View/View.php(216): CodeIgniter\View\View->CodeIgniter\View\{closure}()
 4 SYSTEMPATH/Common.php(1137): CodeIgniter\View\View->render('Modules\\FdrTranskrip\\Views\\fdrTranskrip', [], true)
 5 ROOTPATH/modules/FdrTranskrip/Controllers/FdrTranskrip.php(42): view('Modules\\FdrTranskrip\\Views\\fdrTranskrip', [...])
 6 SYSTEMPATH/CodeIgniter.php(898): Modules\FdrTranskrip\Controllers\FdrTranskrip->index()
 7 SYSTEMPATH/CodeIgniter.php(457): CodeIgniter\CodeIgniter->runController(Object(Modules\FdrTranskrip\Controllers\FdrTranskrip))
 8 SYSTEMPATH/CodeIgniter.php(340): CodeIgniter\CodeIgniter->handleRequest(null, Object(Config\Cache), false)
 9 FCPATH/index.php(55): CodeIgniter\CodeIgniter->run()
10 SYSTEMPATH/Commands/Server/rewrite.php(43): require_once('FCPATH/index.php')
CRITICAL - 2022-11-29 17:47:28 --> Undefined property: stdClass::$kode_mata_kuliah
in ROOTPATH/modules/FdrAktivitas/Views/fdrAktivitas.php on line 49.
 1 ROOTPATH/modules/FdrAktivitas/Views/fdrAktivitas.php(49): CodeIgniter\Debug\Exceptions->errorHandler(8, 'Undefined property: stdClass::$kode_mata_kuliah', 'ROOTPATH/modules/FdrAktivitas/Views/fdrAktivitas.php', 49, [...])
 2 SYSTEMPATH/View/View.php(213): include('ROOTPATH/modules/FdrAktivitas/Views/fdrAktivitas.php')
 3 SYSTEMPATH/View/View.php(216): CodeIgniter\View\View->CodeIgniter\View\{closure}()
 4 SYSTEMPATH/Common.php(1137): CodeIgniter\View\View->render('Modules\\FdrAktivitas\\Views\\fdrAktivitas', [], true)
 5 ROOTPATH/modules/FdrAktivitas/Controllers/FdrAktivitas.php(42): view('Modules\\FdrAktivitas\\Views\\fdrAktivitas', [...])
 6 SYSTEMPATH/CodeIgniter.php(898): Modules\FdrAktivitas\Controllers\FdrAktivitas->index()
 7 SYSTEMPATH/CodeIgniter.php(457): CodeIgniter\CodeIgniter->runController(Object(Modules\FdrAktivitas\Controllers\FdrAktivitas))
 8 SYSTEMPATH/CodeIgniter.php(340): CodeIgniter\CodeIgniter->handleRequest(null, Object(Config\Cache), false)
 9 FCPATH/index.php(55): CodeIgniter\CodeIgniter->run()
10 SYSTEMPATH/Commands/Server/rewrite.php(43): require_once('FCPATH/index.php')
CRITICAL - 2022-11-29 17:47:47 --> Undefined property: stdClass::$nama_mata_kuliah
in ROOTPATH/modules/FdrAktivitas/Views/fdrAktivitas.php on line 50.
 1 ROOTPATH/modules/FdrAktivitas/Views/fdrAktivitas.php(50): CodeIgniter\Debug\Exceptions->errorHandler(8, 'Undefined property: stdClass::$nama_mata_kuliah', 'ROOTPATH/modules/FdrAktivitas/Views/fdrAktivitas.php', 50, [...])
 2 SYSTEMPATH/View/View.php(213): include('ROOTPATH/modules/FdrAktivitas/Views/fdrAktivitas.php')
 3 SYSTEMPATH/View/View.php(216): CodeIgniter\View\View->CodeIgniter\View\{closure}()
 4 SYSTEMPATH/Common.php(1137): CodeIgniter\View\View->render('Modules\\FdrAktivitas\\Views\\fdrAktivitas', [], true)
 5 ROOTPATH/modules/FdrAktivitas/Controllers/FdrAktivitas.php(42): view('Modules\\FdrAktivitas\\Views\\fdrAktivitas', [...])
 6 SYSTEMPATH/CodeIgniter.php(898): Modules\FdrAktivitas\Controllers\FdrAktivitas->index()
 7 SYSTEMPATH/CodeIgniter.php(457): CodeIgniter\CodeIgniter->runController(Object(Modules\FdrAktivitas\Controllers\FdrAktivitas))
 8 SYSTEMPATH/CodeIgniter.php(340): CodeIgniter\CodeIgniter->handleRequest(null, Object(Config\Cache), false)
 9 FCPATH/index.php(55): CodeIgniter\CodeIgniter->run()
10 SYSTEMPATH/Commands/Server/rewrite.php(43): require_once('FCPATH/index.php')
